============================================================
  Generated by:           Genus(TM) Synthesis Solution 19.15-s090_1
  Generated on:           Apr 12 2024  09:07:40 pm
  Module:                 Sampler
  Operating conditions:   ss_100C_1v60 
  Interconnect mode:      global
  Area mode:              physical library
============================================================

                                               Leakage                                   Library 
          Gate            Instances   Area   Power (nW)              Library              Domain 
-------------------------------------------------------------------------------------------------
sky130_fd_sc_hd__and2_1           5   31.280     20.457    sky130_fd_sc_hd__ss_100C_1v60       0 
sky130_fd_sc_hd__dfsbp_2          2   60.058     46.318    sky130_fd_sc_hd__ss_100C_1v60       0 
sky130_fd_sc_hd__dfstp_2          2   52.550     41.590    sky130_fd_sc_hd__ss_100C_1v60       0 
sky130_fd_sc_hd__dfxbp_1          1   23.773     19.237    sky130_fd_sc_hd__ss_100C_1v60       0 
sky130_fd_sc_hd__dfxtp_1          3   60.058     42.809    sky130_fd_sc_hd__ss_100C_1v60       0 
sky130_fd_sc_hd__dfxtp_2          2   42.541     30.867    sky130_fd_sc_hd__ss_100C_1v60       0 
sky130_fd_sc_hd__inv_1           10   37.536     33.028    sky130_fd_sc_hd__ss_100C_1v60       0 
sky130_fd_sc_hd__inv_16           5  100.096     86.573    sky130_fd_sc_hd__ss_100C_1v60       0 
sky130_fd_sc_hd__nand2_1          2    7.507      2.565    sky130_fd_sc_hd__ss_100C_1v60       0 
sky130_fd_sc_hd__nand2_2          1    6.256      1.886    sky130_fd_sc_hd__ss_100C_1v60       0 
sky130_fd_sc_hd__nor2_1           1    3.754      2.197    sky130_fd_sc_hd__ss_100C_1v60       0 
sky130_fd_sc_hd__nor2_2           1    6.256      2.588    sky130_fd_sc_hd__ss_100C_1v60       0 
-------------------------------------------------------------------------------------------------
total                            35  431.664    330.115                                  


                                          Leakage  Leakage 
     Type      Instances   Area  Area % Power (nW) Power % 
-----------------------------------------------------------
sequential            10 238.979   55.4    180.822    54.8 
inverter              15 137.632   31.9    119.600    36.2 
logic                 10  55.053   12.8     29.693     9.0 
physical_cells         0   0.000    0.0      0.000     0.0 
-----------------------------------------------------------
total                 35 431.664  100.0    330.115   100.0 

