============================================================
  Generated by:           Genus(TM) Synthesis Solution 19.15-s090_1
  Generated on:           Apr 23 2024  06:13:16 pm
  Module:                 sampler
  Operating conditions:   ss_100C_1v60 
  Interconnect mode:      global
  Area mode:              physical library
============================================================


Path 1: UNCONSTRAINED
           View: ss_100C_1v60.setup_view
     Startpoint: (R) row1_02/CLK
       Endpoint: (R) Dout[0]

                            
      Data Path:-  2812     

#---------------------------------------------------------------------------------------------------------
# Timing Point   Flags    Arc   Edge           Cell            Fanout  Load  Trans Delay Arrival Instance 
#                                                                      (fF)   (ps)  (ps)   (ps)  Location 
#---------------------------------------------------------------------------------------------------------
  row1_02/CLK    -       -      R     (arrival)                     6      -     0     0       0    (-,-) 
  row1_02/Q      -       CLK->Q R     sky130_fd_sc_hd__dfxtp_1      1    3.7    83   601     601    (-,-) 
  g197/Y         -       A->Y   F     sky130_fd_sc_hd__nand2_1      1   17.9   304   280     882    (-,-) 
  g189/Y         -       A->Y   R     sky130_fd_sc_hd__nand2_8      1 1001.3  2453  1923    2804    (-,-) 
  Dout[0]        -       -      R     (port)                        -      -     -     8    2812    (-,-) 
#---------------------------------------------------------------------------------------------------------



Path 2: UNCONSTRAINED
           View: ss_100C_1v60.setup_view
     Startpoint: (R) row1_12/CLK
       Endpoint: (R) Dout[1]

                            
      Data Path:-  2812     

#---------------------------------------------------------------------------------------------------------
# Timing Point   Flags    Arc   Edge           Cell            Fanout  Load  Trans Delay Arrival Instance 
#                                                                      (fF)   (ps)  (ps)   (ps)  Location 
#---------------------------------------------------------------------------------------------------------
  row1_12/CLK    -       -      R     (arrival)                     6      -     0     0       0    (-,-) 
  row1_12/Q      -       CLK->Q R     sky130_fd_sc_hd__dfxtp_1      1    3.7    83   601     601    (-,-) 
  g196/Y         -       A->Y   F     sky130_fd_sc_hd__nand2_1      1   17.9   304   280     882    (-,-) 
  g188/Y         -       A->Y   R     sky130_fd_sc_hd__nand2_8      1 1001.3  2453  1923    2804    (-,-) 
  Dout[1]        -       -      R     (port)                        -      -     -     8    2812    (-,-) 
#---------------------------------------------------------------------------------------------------------



Path 3: UNCONSTRAINED
           View: ss_100C_1v60.setup_view
     Startpoint: (R) row1_22/CLK
       Endpoint: (R) Dout[2]

                            
      Data Path:-  2812     

#---------------------------------------------------------------------------------------------------------
# Timing Point   Flags    Arc   Edge           Cell            Fanout  Load  Trans Delay Arrival Instance 
#                                                                      (fF)   (ps)  (ps)   (ps)  Location 
#---------------------------------------------------------------------------------------------------------
  row1_22/CLK    -       -      R     (arrival)                     6      -     0     0       0    (-,-) 
  row1_22/Q      -       CLK->Q R     sky130_fd_sc_hd__dfxtp_1      1    3.7    83   601     601    (-,-) 
  g201/Y         -       A->Y   F     sky130_fd_sc_hd__nand2_1      1   17.9   304   280     882    (-,-) 
  g191/Y         -       A->Y   R     sky130_fd_sc_hd__nand2_8      1 1001.3  2453  1923    2804    (-,-) 
  Dout[2]        -       -      R     (port)                        -      -     -     8    2812    (-,-) 
#---------------------------------------------------------------------------------------------------------



Path 4: UNCONSTRAINED
           View: ss_100C_1v60.setup_view
     Startpoint: (R) row1_32/CLK
       Endpoint: (R) Dout[3]

                            
      Data Path:-  2812     

#---------------------------------------------------------------------------------------------------------
# Timing Point   Flags    Arc   Edge           Cell            Fanout  Load  Trans Delay Arrival Instance 
#                                                                      (fF)   (ps)  (ps)   (ps)  Location 
#---------------------------------------------------------------------------------------------------------
  row1_32/CLK    -       -      R     (arrival)                     6      -     0     0       0    (-,-) 
  row1_32/Q      -       CLK->Q R     sky130_fd_sc_hd__dfxtp_1      1    3.7    83   601     601    (-,-) 
  g195/Y         -       A->Y   F     sky130_fd_sc_hd__nand2_1      1   17.9   304   280     882    (-,-) 
  g190/Y         -       A->Y   R     sky130_fd_sc_hd__nand2_8      1 1001.3  2453  1923    2804    (-,-) 
  Dout[3]        -       -      R     (port)                        -      -     -     8    2812    (-,-) 
#---------------------------------------------------------------------------------------------------------



Path 5: UNCONSTRAINED
           View: ss_100C_1v60.setup_view
     Startpoint: (R) row1_42/CLK
       Endpoint: (R) Dout[4]

                            
      Data Path:-  2812     

#---------------------------------------------------------------------------------------------------------
# Timing Point   Flags    Arc   Edge           Cell            Fanout  Load  Trans Delay Arrival Instance 
#                                                                      (fF)   (ps)  (ps)   (ps)  Location 
#---------------------------------------------------------------------------------------------------------
  row1_42/CLK    -       -      R     (arrival)                     6      -     0     0       0    (-,-) 
  row1_42/Q      -       CLK->Q R     sky130_fd_sc_hd__dfxtp_1      1    3.7    83   601     601    (-,-) 
  g199/Y         -       A->Y   F     sky130_fd_sc_hd__nand2_1      1   17.9   304   280     882    (-,-) 
  g187/Y         -       A->Y   R     sky130_fd_sc_hd__nand2_8      1 1001.3  2453  1923    2804    (-,-) 
  Dout[4]        -       -      R     (port)                        -      -     -     8    2812    (-,-) 
#---------------------------------------------------------------------------------------------------------



Path 6: UNCONSTRAINED
           View: ss_100C_1v60.setup_view
     Startpoint: (R) row1_4/CLK
       Endpoint: (R) row1_42/D

                           
      Data Path:-  591     

#-------------------------------------------------------------------------------------------------------
# Timing Point   Flags    Arc   Edge           Cell            Fanout Load Trans Delay Arrival Instance 
#                                                                     (fF)  (ps)  (ps)   (ps)  Location 
#-------------------------------------------------------------------------------------------------------
  row1_4/CLK     -       -      R     (arrival)                     1    -     0     0       0    (-,-) 
  row1_4/Q       -       CLK->Q R     sky130_fd_sc_hd__dfxtp_1      1  2.8    72   591     591    (-,-) 
  row1_42/D      -       -      R     sky130_fd_sc_hd__dfxtp_1      1    -     -     0     591    (-,-) 
#-------------------------------------------------------------------------------------------------------



Path 7: UNCONSTRAINED
           View: ss_100C_1v60.setup_view
     Startpoint: (R) row0_2/CLK
       Endpoint: (R) row0_22/D

                           
      Data Path:-  591     

#-------------------------------------------------------------------------------------------------------
# Timing Point   Flags    Arc   Edge           Cell            Fanout Load Trans Delay Arrival Instance 
#                                                                     (fF)  (ps)  (ps)   (ps)  Location 
#-------------------------------------------------------------------------------------------------------
  row0_2/CLK     -       -      R     (arrival)                     1    -     0     0       0    (-,-) 
  row0_2/Q       -       CLK->Q R     sky130_fd_sc_hd__dfxtp_1      1  2.8    72   591     591    (-,-) 
  row0_22/D      -       -      R     sky130_fd_sc_hd__dfxtp_1      1    -     -     0     591    (-,-) 
#-------------------------------------------------------------------------------------------------------



Path 8: UNCONSTRAINED
           View: ss_100C_1v60.setup_view
     Startpoint: (R) row1_0/CLK
       Endpoint: (R) row1_02/D

                           
      Data Path:-  591     

#-------------------------------------------------------------------------------------------------------
# Timing Point   Flags    Arc   Edge           Cell            Fanout Load Trans Delay Arrival Instance 
#                                                                     (fF)  (ps)  (ps)   (ps)  Location 
#-------------------------------------------------------------------------------------------------------
  row1_0/CLK     -       -      R     (arrival)                     6    -     0     0       0    (-,-) 
  row1_0/Q       -       CLK->Q R     sky130_fd_sc_hd__dfxtp_1      1  2.8    72   591     591    (-,-) 
  row1_02/D      -       -      R     sky130_fd_sc_hd__dfxtp_1      1    -     -     0     591    (-,-) 
#-------------------------------------------------------------------------------------------------------



Path 9: UNCONSTRAINED
           View: ss_100C_1v60.setup_view
     Startpoint: (R) row0_0/CLK
       Endpoint: (R) row0_02/D

                           
      Data Path:-  591     

#-------------------------------------------------------------------------------------------------------
# Timing Point   Flags    Arc   Edge           Cell            Fanout Load Trans Delay Arrival Instance 
#                                                                     (fF)  (ps)  (ps)   (ps)  Location 
#-------------------------------------------------------------------------------------------------------
  row0_0/CLK     -       -      R     (arrival)                    12    -     0     0       0    (-,-) 
  row0_0/Q       -       CLK->Q R     sky130_fd_sc_hd__dfxtp_1      1  2.8    72   591     591    (-,-) 
  row0_02/D      -       -      R     sky130_fd_sc_hd__dfxtp_1      1    -     -     0     591    (-,-) 
#-------------------------------------------------------------------------------------------------------



Path 10: UNCONSTRAINED
           View: ss_100C_1v60.setup_view
     Startpoint: (R) row1_3/CLK
       Endpoint: (R) row1_32/D

                           
      Data Path:-  591     

#-------------------------------------------------------------------------------------------------------
# Timing Point   Flags    Arc   Edge           Cell            Fanout Load Trans Delay Arrival Instance 
#                                                                     (fF)  (ps)  (ps)   (ps)  Location 
#-------------------------------------------------------------------------------------------------------
  row1_3/CLK     -       -      R     (arrival)                     1    -     0     0       0    (-,-) 
  row1_3/Q       -       CLK->Q R     sky130_fd_sc_hd__dfxtp_1      1  2.8    72   591     591    (-,-) 
  row1_32/D      -       -      R     sky130_fd_sc_hd__dfxtp_1      1    -     -     0     591    (-,-) 
#-------------------------------------------------------------------------------------------------------



Path 11: UNCONSTRAINED
           View: ss_100C_1v60.setup_view
     Startpoint: (R) row1_1/CLK
       Endpoint: (R) row1_12/D

                           
      Data Path:-  591     

#-------------------------------------------------------------------------------------------------------
# Timing Point   Flags    Arc   Edge           Cell            Fanout Load Trans Delay Arrival Instance 
#                                                                     (fF)  (ps)  (ps)   (ps)  Location 
#-------------------------------------------------------------------------------------------------------
  row1_1/CLK     -       -      R     (arrival)                     1    -     0     0       0    (-,-) 
  row1_1/Q       -       CLK->Q R     sky130_fd_sc_hd__dfxtp_1      1  2.8    72   591     591    (-,-) 
  row1_12/D      -       -      R     sky130_fd_sc_hd__dfxtp_1      1    -     -     0     591    (-,-) 
#-------------------------------------------------------------------------------------------------------



Path 12: UNCONSTRAINED
           View: ss_100C_1v60.setup_view
     Startpoint: (R) row0_1/CLK
       Endpoint: (R) row0_12/D

                           
      Data Path:-  591     

#-------------------------------------------------------------------------------------------------------
# Timing Point   Flags    Arc   Edge           Cell            Fanout Load Trans Delay Arrival Instance 
#                                                                     (fF)  (ps)  (ps)   (ps)  Location 
#-------------------------------------------------------------------------------------------------------
  row0_1/CLK     -       -      R     (arrival)                     1    -     0     0       0    (-,-) 
  row0_1/Q       -       CLK->Q R     sky130_fd_sc_hd__dfxtp_1      1  2.8    72   591     591    (-,-) 
  row0_12/D      -       -      R     sky130_fd_sc_hd__dfxtp_1      1    -     -     0     591    (-,-) 
#-------------------------------------------------------------------------------------------------------



Path 13: UNCONSTRAINED
           View: ss_100C_1v60.setup_view
     Startpoint: (R) row0_3/CLK
       Endpoint: (R) row0_32/D

                           
      Data Path:-  591     

#-------------------------------------------------------------------------------------------------------
# Timing Point   Flags    Arc   Edge           Cell            Fanout Load Trans Delay Arrival Instance 
#                                                                     (fF)  (ps)  (ps)   (ps)  Location 
#-------------------------------------------------------------------------------------------------------
  row0_3/CLK     -       -      R     (arrival)                     1    -     0     0       0    (-,-) 
  row0_3/Q       -       CLK->Q R     sky130_fd_sc_hd__dfxtp_1      1  2.8    72   591     591    (-,-) 
  row0_32/D      -       -      R     sky130_fd_sc_hd__dfxtp_1      1    -     -     0     591    (-,-) 
#-------------------------------------------------------------------------------------------------------



Path 14: UNCONSTRAINED
           View: ss_100C_1v60.setup_view
     Startpoint: (R) row0_4/CLK
       Endpoint: (R) row0_42/D

                           
      Data Path:-  591     

#-------------------------------------------------------------------------------------------------------
# Timing Point   Flags    Arc   Edge           Cell            Fanout Load Trans Delay Arrival Instance 
#                                                                     (fF)  (ps)  (ps)   (ps)  Location 
#-------------------------------------------------------------------------------------------------------
  row0_4/CLK     -       -      R     (arrival)                     1    -     0     0       0    (-,-) 
  row0_4/Q       -       CLK->Q R     sky130_fd_sc_hd__dfxtp_1      1  2.8    72   591     591    (-,-) 
  row0_42/D      -       -      R     sky130_fd_sc_hd__dfxtp_1      1    -     -     0     591    (-,-) 
#-------------------------------------------------------------------------------------------------------



Path 15: UNCONSTRAINED
           View: ss_100C_1v60.setup_view
     Startpoint: (R) row1_2/CLK
       Endpoint: (R) row1_22/D

                           
      Data Path:-  591     

#-------------------------------------------------------------------------------------------------------
# Timing Point   Flags    Arc   Edge           Cell            Fanout Load Trans Delay Arrival Instance 
#                                                                     (fF)  (ps)  (ps)   (ps)  Location 
#-------------------------------------------------------------------------------------------------------
  row1_2/CLK     -       -      R     (arrival)                     1    -     0     0       0    (-,-) 
  row1_2/Q       -       CLK->Q R     sky130_fd_sc_hd__dfxtp_1      1  2.8    72   591     591    (-,-) 
  row1_22/D      -       -      R     sky130_fd_sc_hd__dfxtp_1      1    -     -     0     591    (-,-) 
#-------------------------------------------------------------------------------------------------------



Path 16: UNCONSTRAINED
           View: ss_100C_1v60.setup_view
     Startpoint: (R) Din
       Endpoint: (R) row0_1/D

                   Capture    Launch  
      Drv Adjust:+       0         0  
                                      
       Data Path:-       0            

#------------------------------------------------------------------------------------------------------
# Timing Point   Flags   Arc   Edge           Cell            Fanout Load Trans Delay Arrival Instance 
#                                                                    (fF)  (ps)  (ps)   (ps)  Location 
#------------------------------------------------------------------------------------------------------
  Din            -       -     R     (arrival)                    10 21.7     0     0       0    (-,-) 
  row0_1/D       -       -     R     sky130_fd_sc_hd__dfxtp_1     10    -     -     0       0    (-,-) 
#------------------------------------------------------------------------------------------------------



Path 17: UNCONSTRAINED
           View: ss_100C_1v60.setup_view
     Startpoint: (R) clock[1]
       Endpoint: (R) row0_1/CLK

                   Capture    Launch  
      Drv Adjust:+       0         0  
                                      
       Data Path:-       0            

#------------------------------------------------------------------------------------------------------
# Timing Point   Flags   Arc   Edge           Cell            Fanout Load Trans Delay Arrival Instance 
#                                                                    (fF)  (ps)  (ps)   (ps)  Location 
#------------------------------------------------------------------------------------------------------
  clock[1]       (i)     -     R     (arrival)                     1  0.0     0     0       0    (-,-) 
  row0_1/CLK     -       -     R     sky130_fd_sc_hd__dfxtp_1      1    -     -     0       0    (-,-) 
#------------------------------------------------------------------------------------------------------

(i) : Net is ideal.



Path 18: UNCONSTRAINED
           View: ss_100C_1v60.setup_view
     Startpoint: (R) Din
       Endpoint: (R) row1_0/D

                   Capture    Launch  
      Drv Adjust:+       0         0  
                                      
       Data Path:-       0            

#------------------------------------------------------------------------------------------------------
# Timing Point   Flags   Arc   Edge           Cell            Fanout Load Trans Delay Arrival Instance 
#                                                                    (fF)  (ps)  (ps)   (ps)  Location 
#------------------------------------------------------------------------------------------------------
  Din            -       -     R     (arrival)                    10 21.7     0     0       0    (-,-) 
  row1_0/D       -       -     R     sky130_fd_sc_hd__dfxtp_1     10    -     -     0       0    (-,-) 
#------------------------------------------------------------------------------------------------------



Path 19: UNCONSTRAINED
           View: ss_100C_1v60.setup_view
     Startpoint: (R) clock[5]
       Endpoint: (R) row1_0/CLK

                   Capture    Launch  
      Drv Adjust:+       0         0  
                                      
       Data Path:-       0            

#------------------------------------------------------------------------------------------------------
# Timing Point   Flags   Arc   Edge           Cell            Fanout Load Trans Delay Arrival Instance 
#                                                                    (fF)  (ps)  (ps)   (ps)  Location 
#------------------------------------------------------------------------------------------------------
  clock[5]       (i)     -     R     (arrival)                     6  0.0     0     0       0    (-,-) 
  row1_0/CLK     -       -     R     sky130_fd_sc_hd__dfxtp_1      6    -     -     0       0    (-,-) 
#------------------------------------------------------------------------------------------------------

(i) : Net is ideal.



Path 20: UNCONSTRAINED
           View: ss_100C_1v60.setup_view
     Startpoint: (R) Din
       Endpoint: (R) row0_3/D

                   Capture    Launch  
      Drv Adjust:+       0         0  
                                      
       Data Path:-       0            

#------------------------------------------------------------------------------------------------------
# Timing Point   Flags   Arc   Edge           Cell            Fanout Load Trans Delay Arrival Instance 
#                                                                    (fF)  (ps)  (ps)   (ps)  Location 
#------------------------------------------------------------------------------------------------------
  Din            -       -     R     (arrival)                    10 21.7     0     0       0    (-,-) 
  row0_3/D       -       -     R     sky130_fd_sc_hd__dfxtp_1     10    -     -     0       0    (-,-) 
#------------------------------------------------------------------------------------------------------



Path 21: UNCONSTRAINED
           View: ss_100C_1v60.setup_view
     Startpoint: (R) clock[3]
       Endpoint: (R) row0_3/CLK

                   Capture    Launch  
      Drv Adjust:+       0         0  
                                      
       Data Path:-       0            

#------------------------------------------------------------------------------------------------------
# Timing Point   Flags   Arc   Edge           Cell            Fanout Load Trans Delay Arrival Instance 
#                                                                    (fF)  (ps)  (ps)   (ps)  Location 
#------------------------------------------------------------------------------------------------------
  clock[3]       (i)     -     R     (arrival)                     1  0.0     0     0       0    (-,-) 
  row0_3/CLK     -       -     R     sky130_fd_sc_hd__dfxtp_1      1    -     -     0       0    (-,-) 
#------------------------------------------------------------------------------------------------------

(i) : Net is ideal.



Path 22: UNCONSTRAINED
           View: ss_100C_1v60.setup_view
     Startpoint: (R) Din
       Endpoint: (R) row1_3/D

                   Capture    Launch  
      Drv Adjust:+       0         0  
                                      
       Data Path:-       0            

#------------------------------------------------------------------------------------------------------
# Timing Point   Flags   Arc   Edge           Cell            Fanout Load Trans Delay Arrival Instance 
#                                                                    (fF)  (ps)  (ps)   (ps)  Location 
#------------------------------------------------------------------------------------------------------
  Din            -       -     R     (arrival)                    10 21.7     0     0       0    (-,-) 
  row1_3/D       -       -     R     sky130_fd_sc_hd__dfxtp_1     10    -     -     0       0    (-,-) 
#------------------------------------------------------------------------------------------------------



Path 23: UNCONSTRAINED
           View: ss_100C_1v60.setup_view
     Startpoint: (R) clock[8]
       Endpoint: (R) row1_3/CLK

                   Capture    Launch  
      Drv Adjust:+       0         0  
                                      
       Data Path:-       0            

#------------------------------------------------------------------------------------------------------
# Timing Point   Flags   Arc   Edge           Cell            Fanout Load Trans Delay Arrival Instance 
#                                                                    (fF)  (ps)  (ps)   (ps)  Location 
#------------------------------------------------------------------------------------------------------
  clock[8]       (i)     -     R     (arrival)                     1  0.0     0     0       0    (-,-) 
  row1_3/CLK     -       -     R     sky130_fd_sc_hd__dfxtp_1      1    -     -     0       0    (-,-) 
#------------------------------------------------------------------------------------------------------

(i) : Net is ideal.



Path 24: UNCONSTRAINED
           View: ss_100C_1v60.setup_view
     Startpoint: (R) Din
       Endpoint: (R) row0_2/D

                   Capture    Launch  
      Drv Adjust:+       0         0  
                                      
       Data Path:-       0            

#------------------------------------------------------------------------------------------------------
# Timing Point   Flags   Arc   Edge           Cell            Fanout Load Trans Delay Arrival Instance 
#                                                                    (fF)  (ps)  (ps)   (ps)  Location 
#------------------------------------------------------------------------------------------------------
  Din            -       -     R     (arrival)                    10 21.7     0     0       0    (-,-) 
  row0_2/D       -       -     R     sky130_fd_sc_hd__dfxtp_1     10    -     -     0       0    (-,-) 
#------------------------------------------------------------------------------------------------------



Path 25: UNCONSTRAINED
           View: ss_100C_1v60.setup_view
     Startpoint: (R) clock[2]
       Endpoint: (R) row0_2/CLK

                   Capture    Launch  
      Drv Adjust:+       0         0  
                                      
       Data Path:-       0            

#------------------------------------------------------------------------------------------------------
# Timing Point   Flags   Arc   Edge           Cell            Fanout Load Trans Delay Arrival Instance 
#                                                                    (fF)  (ps)  (ps)   (ps)  Location 
#------------------------------------------------------------------------------------------------------
  clock[2]       (i)     -     R     (arrival)                     1  0.0     0     0       0    (-,-) 
  row0_2/CLK     -       -     R     sky130_fd_sc_hd__dfxtp_1      1    -     -     0       0    (-,-) 
#------------------------------------------------------------------------------------------------------

(i) : Net is ideal.



Path 26: UNCONSTRAINED
           View: ss_100C_1v60.setup_view
     Startpoint: (R) Din
       Endpoint: (R) row1_1/D

                   Capture    Launch  
      Drv Adjust:+       0         0  
                                      
       Data Path:-       0            

#------------------------------------------------------------------------------------------------------
# Timing Point   Flags   Arc   Edge           Cell            Fanout Load Trans Delay Arrival Instance 
#                                                                    (fF)  (ps)  (ps)   (ps)  Location 
#------------------------------------------------------------------------------------------------------
  Din            -       -     R     (arrival)                    10 21.7     0     0       0    (-,-) 
  row1_1/D       -       -     R     sky130_fd_sc_hd__dfxtp_1     10    -     -     0       0    (-,-) 
#------------------------------------------------------------------------------------------------------



Path 27: UNCONSTRAINED
           View: ss_100C_1v60.setup_view
     Startpoint: (R) clock[6]
       Endpoint: (R) row1_1/CLK

                   Capture    Launch  
      Drv Adjust:+       0         0  
                                      
       Data Path:-       0            

#------------------------------------------------------------------------------------------------------
# Timing Point   Flags   Arc   Edge           Cell            Fanout Load Trans Delay Arrival Instance 
#                                                                    (fF)  (ps)  (ps)   (ps)  Location 
#------------------------------------------------------------------------------------------------------
  clock[6]       (i)     -     R     (arrival)                     1  0.0     0     0       0    (-,-) 
  row1_1/CLK     -       -     R     sky130_fd_sc_hd__dfxtp_1      1    -     -     0       0    (-,-) 
#------------------------------------------------------------------------------------------------------

(i) : Net is ideal.



Path 28: UNCONSTRAINED
           View: ss_100C_1v60.setup_view
     Startpoint: (R) Din
       Endpoint: (R) row1_2/D

                   Capture    Launch  
      Drv Adjust:+       0         0  
                                      
       Data Path:-       0            

#------------------------------------------------------------------------------------------------------
# Timing Point   Flags   Arc   Edge           Cell            Fanout Load Trans Delay Arrival Instance 
#                                                                    (fF)  (ps)  (ps)   (ps)  Location 
#------------------------------------------------------------------------------------------------------
  Din            -       -     R     (arrival)                    10 21.7     0     0       0    (-,-) 
  row1_2/D       -       -     R     sky130_fd_sc_hd__dfxtp_1     10    -     -     0       0    (-,-) 
#------------------------------------------------------------------------------------------------------



Path 29: UNCONSTRAINED
           View: ss_100C_1v60.setup_view
     Startpoint: (R) clock[7]
       Endpoint: (R) row1_2/CLK

                   Capture    Launch  
      Drv Adjust:+       0         0  
                                      
       Data Path:-       0            

#------------------------------------------------------------------------------------------------------
# Timing Point   Flags   Arc   Edge           Cell            Fanout Load Trans Delay Arrival Instance 
#                                                                    (fF)  (ps)  (ps)   (ps)  Location 
#------------------------------------------------------------------------------------------------------
  clock[7]       (i)     -     R     (arrival)                     1  0.0     0     0       0    (-,-) 
  row1_2/CLK     -       -     R     sky130_fd_sc_hd__dfxtp_1      1    -     -     0       0    (-,-) 
#------------------------------------------------------------------------------------------------------

(i) : Net is ideal.



Path 30: UNCONSTRAINED
           View: ss_100C_1v60.setup_view
     Startpoint: (R) Din
       Endpoint: (R) row0_0/D

                   Capture    Launch  
      Drv Adjust:+       0         0  
                                      
       Data Path:-       0            

#------------------------------------------------------------------------------------------------------
# Timing Point   Flags   Arc   Edge           Cell            Fanout Load Trans Delay Arrival Instance 
#                                                                    (fF)  (ps)  (ps)   (ps)  Location 
#------------------------------------------------------------------------------------------------------
  Din            -       -     R     (arrival)                    10 21.7     0     0       0    (-,-) 
  row0_0/D       -       -     R     sky130_fd_sc_hd__dfxtp_1     10    -     -     0       0    (-,-) 
#------------------------------------------------------------------------------------------------------



Path 31: UNCONSTRAINED
           View: ss_100C_1v60.setup_view
     Startpoint: (R) clock[0]
       Endpoint: (R) row0_0/CLK

                   Capture    Launch  
      Drv Adjust:+       0         0  
                                      
       Data Path:-       0            

#------------------------------------------------------------------------------------------------------
# Timing Point   Flags   Arc   Edge           Cell            Fanout Load Trans Delay Arrival Instance 
#                                                                    (fF)  (ps)  (ps)   (ps)  Location 
#------------------------------------------------------------------------------------------------------
  clock[0]       (i)     -     R     (arrival)                    12  0.0     0     0       0    (-,-) 
  row0_0/CLK     -       -     R     sky130_fd_sc_hd__dfxtp_1     12    -     -     0       0    (-,-) 
#------------------------------------------------------------------------------------------------------

(i) : Net is ideal.



Path 32: UNCONSTRAINED
           View: ss_100C_1v60.setup_view
     Startpoint: (R) Din
       Endpoint: (R) row1_4/D

                   Capture    Launch  
      Drv Adjust:+       0         0  
                                      
       Data Path:-       0            

#------------------------------------------------------------------------------------------------------
# Timing Point   Flags   Arc   Edge           Cell            Fanout Load Trans Delay Arrival Instance 
#                                                                    (fF)  (ps)  (ps)   (ps)  Location 
#------------------------------------------------------------------------------------------------------
  Din            -       -     R     (arrival)                    10 21.7     0     0       0    (-,-) 
  row1_4/D       -       -     R     sky130_fd_sc_hd__dfxtp_1     10    -     -     0       0    (-,-) 
#------------------------------------------------------------------------------------------------------



Path 33: UNCONSTRAINED
           View: ss_100C_1v60.setup_view
     Startpoint: (R) clock[9]
       Endpoint: (R) row1_4/CLK

                   Capture    Launch  
      Drv Adjust:+       0         0  
                                      
       Data Path:-       0            

#------------------------------------------------------------------------------------------------------
# Timing Point   Flags   Arc   Edge           Cell            Fanout Load Trans Delay Arrival Instance 
#                                                                    (fF)  (ps)  (ps)   (ps)  Location 
#------------------------------------------------------------------------------------------------------
  clock[9]       (i)     -     R     (arrival)                     1  0.0     0     0       0    (-,-) 
  row1_4/CLK     -       -     R     sky130_fd_sc_hd__dfxtp_1      1    -     -     0       0    (-,-) 
#------------------------------------------------------------------------------------------------------

(i) : Net is ideal.



Path 34: UNCONSTRAINED
           View: ss_100C_1v60.setup_view
     Startpoint: (R) Din
       Endpoint: (R) row0_4/D

                   Capture    Launch  
      Drv Adjust:+       0         0  
                                      
       Data Path:-       0            

#------------------------------------------------------------------------------------------------------
# Timing Point   Flags   Arc   Edge           Cell            Fanout Load Trans Delay Arrival Instance 
#                                                                    (fF)  (ps)  (ps)   (ps)  Location 
#------------------------------------------------------------------------------------------------------
  Din            -       -     R     (arrival)                    10 21.7     0     0       0    (-,-) 
  row0_4/D       -       -     R     sky130_fd_sc_hd__dfxtp_1     10    -     -     0       0    (-,-) 
#------------------------------------------------------------------------------------------------------



Path 35: UNCONSTRAINED
           View: ss_100C_1v60.setup_view
     Startpoint: (R) clock[4]
       Endpoint: (R) row0_4/CLK

                   Capture    Launch  
      Drv Adjust:+       0         0  
                                      
       Data Path:-       0            

#------------------------------------------------------------------------------------------------------
# Timing Point   Flags   Arc   Edge           Cell            Fanout Load Trans Delay Arrival Instance 
#                                                                    (fF)  (ps)  (ps)   (ps)  Location 
#------------------------------------------------------------------------------------------------------
  clock[4]       (i)     -     R     (arrival)                     1  0.0     0     0       0    (-,-) 
  row0_4/CLK     -       -     R     sky130_fd_sc_hd__dfxtp_1      1    -     -     0       0    (-,-) 
#------------------------------------------------------------------------------------------------------

(i) : Net is ideal.



Path 36: UNCONSTRAINED
           View: ss_100C_1v60.setup_view
     Startpoint: (R) clock[5]
       Endpoint: (R) row1_42/CLK

                   Capture    Launch  
      Drv Adjust:+       0         0  
                                      
       Data Path:-       0            

#------------------------------------------------------------------------------------------------------
# Timing Point   Flags   Arc   Edge           Cell            Fanout Load Trans Delay Arrival Instance 
#                                                                    (fF)  (ps)  (ps)   (ps)  Location 
#------------------------------------------------------------------------------------------------------
  clock[5]       (i)     -     R     (arrival)                     6  0.0     0     0       0    (-,-) 
  row1_42/CLK    -       -     R     sky130_fd_sc_hd__dfxtp_1      6    -     -     0       0    (-,-) 
#------------------------------------------------------------------------------------------------------

(i) : Net is ideal.



Path 37: UNCONSTRAINED
           View: ss_100C_1v60.setup_view
     Startpoint: (R) clock[0]
       Endpoint: (R) row0_22/CLK

                   Capture    Launch  
      Drv Adjust:+       0         0  
                                      
       Data Path:-       0            

#------------------------------------------------------------------------------------------------------
# Timing Point   Flags   Arc   Edge           Cell            Fanout Load Trans Delay Arrival Instance 
#                                                                    (fF)  (ps)  (ps)   (ps)  Location 
#------------------------------------------------------------------------------------------------------
  clock[0]       (i)     -     R     (arrival)                    12  0.0     0     0       0    (-,-) 
  row0_22/CLK    -       -     R     sky130_fd_sc_hd__dfxtp_1     12    -     -     0       0    (-,-) 
#------------------------------------------------------------------------------------------------------

(i) : Net is ideal.



Path 38: UNCONSTRAINED
           View: ss_100C_1v60.setup_view
     Startpoint: (R) clock[5]
       Endpoint: (R) row1_02/CLK

                   Capture    Launch  
      Drv Adjust:+       0         0  
                                      
       Data Path:-       0            

#------------------------------------------------------------------------------------------------------
# Timing Point   Flags   Arc   Edge           Cell            Fanout Load Trans Delay Arrival Instance 
#                                                                    (fF)  (ps)  (ps)   (ps)  Location 
#------------------------------------------------------------------------------------------------------
  clock[5]       (i)     -     R     (arrival)                     6  0.0     0     0       0    (-,-) 
  row1_02/CLK    -       -     R     sky130_fd_sc_hd__dfxtp_1      6    -     -     0       0    (-,-) 
#------------------------------------------------------------------------------------------------------

(i) : Net is ideal.



Path 39: UNCONSTRAINED
           View: ss_100C_1v60.setup_view
     Startpoint: (R) clock[0]
       Endpoint: (R) row0_02/CLK

                   Capture    Launch  
      Drv Adjust:+       0         0  
                                      
       Data Path:-       0            

#------------------------------------------------------------------------------------------------------
# Timing Point   Flags   Arc   Edge           Cell            Fanout Load Trans Delay Arrival Instance 
#                                                                    (fF)  (ps)  (ps)   (ps)  Location 
#------------------------------------------------------------------------------------------------------
  clock[0]       (i)     -     R     (arrival)                    12  0.0     0     0       0    (-,-) 
  row0_02/CLK    -       -     R     sky130_fd_sc_hd__dfxtp_1     12    -     -     0       0    (-,-) 
#------------------------------------------------------------------------------------------------------

(i) : Net is ideal.



Path 40: UNCONSTRAINED
           View: ss_100C_1v60.setup_view
     Startpoint: (R) clock[5]
       Endpoint: (R) row1_32/CLK

                   Capture    Launch  
      Drv Adjust:+       0         0  
                                      
       Data Path:-       0            

#------------------------------------------------------------------------------------------------------
# Timing Point   Flags   Arc   Edge           Cell            Fanout Load Trans Delay Arrival Instance 
#                                                                    (fF)  (ps)  (ps)   (ps)  Location 
#------------------------------------------------------------------------------------------------------
  clock[5]       (i)     -     R     (arrival)                     6  0.0     0     0       0    (-,-) 
  row1_32/CLK    -       -     R     sky130_fd_sc_hd__dfxtp_1      6    -     -     0       0    (-,-) 
#------------------------------------------------------------------------------------------------------

(i) : Net is ideal.



Path 41: UNCONSTRAINED
           View: ss_100C_1v60.setup_view
     Startpoint: (R) clock[5]
       Endpoint: (R) row1_12/CLK

                   Capture    Launch  
      Drv Adjust:+       0         0  
                                      
       Data Path:-       0            

#------------------------------------------------------------------------------------------------------
# Timing Point   Flags   Arc   Edge           Cell            Fanout Load Trans Delay Arrival Instance 
#                                                                    (fF)  (ps)  (ps)   (ps)  Location 
#------------------------------------------------------------------------------------------------------
  clock[5]       (i)     -     R     (arrival)                     6  0.0     0     0       0    (-,-) 
  row1_12/CLK    -       -     R     sky130_fd_sc_hd__dfxtp_1      6    -     -     0       0    (-,-) 
#------------------------------------------------------------------------------------------------------

(i) : Net is ideal.



Path 42: UNCONSTRAINED
           View: ss_100C_1v60.setup_view
     Startpoint: (R) clock[0]
       Endpoint: (R) row0_12/CLK

                   Capture    Launch  
      Drv Adjust:+       0         0  
                                      
       Data Path:-       0            

#------------------------------------------------------------------------------------------------------
# Timing Point   Flags   Arc   Edge           Cell            Fanout Load Trans Delay Arrival Instance 
#                                                                    (fF)  (ps)  (ps)   (ps)  Location 
#------------------------------------------------------------------------------------------------------
  clock[0]       (i)     -     R     (arrival)                    12  0.0     0     0       0    (-,-) 
  row0_12/CLK    -       -     R     sky130_fd_sc_hd__dfxtp_1     12    -     -     0       0    (-,-) 
#------------------------------------------------------------------------------------------------------

(i) : Net is ideal.



Path 43: UNCONSTRAINED
           View: ss_100C_1v60.setup_view
     Startpoint: (R) clock[0]
       Endpoint: (R) row0_32/CLK

                   Capture    Launch  
      Drv Adjust:+       0         0  
                                      
       Data Path:-       0            

#------------------------------------------------------------------------------------------------------
# Timing Point   Flags   Arc   Edge           Cell            Fanout Load Trans Delay Arrival Instance 
#                                                                    (fF)  (ps)  (ps)   (ps)  Location 
#------------------------------------------------------------------------------------------------------
  clock[0]       (i)     -     R     (arrival)                    12  0.0     0     0       0    (-,-) 
  row0_32/CLK    -       -     R     sky130_fd_sc_hd__dfxtp_1     12    -     -     0       0    (-,-) 
#------------------------------------------------------------------------------------------------------

(i) : Net is ideal.



Path 44: UNCONSTRAINED
           View: ss_100C_1v60.setup_view
     Startpoint: (R) clock[0]
       Endpoint: (R) row0_42/CLK

                   Capture    Launch  
      Drv Adjust:+       0         0  
                                      
       Data Path:-       0            

#------------------------------------------------------------------------------------------------------
# Timing Point   Flags   Arc   Edge           Cell            Fanout Load Trans Delay Arrival Instance 
#                                                                    (fF)  (ps)  (ps)   (ps)  Location 
#------------------------------------------------------------------------------------------------------
  clock[0]       (i)     -     R     (arrival)                    12  0.0     0     0       0    (-,-) 
  row0_42/CLK    -       -     R     sky130_fd_sc_hd__dfxtp_1     12    -     -     0       0    (-,-) 
#------------------------------------------------------------------------------------------------------

(i) : Net is ideal.



Path 45: UNCONSTRAINED
           View: ss_100C_1v60.setup_view
     Startpoint: (R) clock[5]
       Endpoint: (R) row1_22/CLK

                   Capture    Launch  
      Drv Adjust:+       0         0  
                                      
       Data Path:-       0            

#------------------------------------------------------------------------------------------------------
# Timing Point   Flags   Arc   Edge           Cell            Fanout Load Trans Delay Arrival Instance 
#                                                                    (fF)  (ps)  (ps)   (ps)  Location 
#------------------------------------------------------------------------------------------------------
  clock[5]       (i)     -     R     (arrival)                     6  0.0     0     0       0    (-,-) 
  row1_22/CLK    -       -     R     sky130_fd_sc_hd__dfxtp_1      6    -     -     0       0    (-,-) 
#------------------------------------------------------------------------------------------------------

(i) : Net is ideal.


