============================================================
  Generated by:           Genus(TM) Synthesis Solution 19.15-s090_1
  Generated on:           Apr 25 2024  04:09:28 pm
  Module:                 data_recovery
  Library domain:         ss_100C_1v60.setup_cond
    Domain index:         0
    Technology libraries: sky130_fd_sc_hd__ss_100C_1v60 1.0000000000
                          sky130_ef_io__gpiov2_pad_wrapped_ss_ss_100C_1v60_3v00 1.0
                          sky130_ef_io__vccd_lvc_clamped3_pad_ss_100C_1v60_3v00_3v00 1.0000000
                          sky130_ef_io__vccd_lvc_clamped_pad_ss_100C_1v60_3v00_3v00 1.0000000
                          sky130_ef_io__vdda_hvc_clamped_pad_ss_100C_1v60_3v00_3v00 1.0000000
                          sky130_ef_io__vddio_hvc_clamped_pad_ss_100C_1v60_3v00_3v00 1.0000000
                          sky130_ef_io__vssa_hvc_clamped_pad_ss_100C_1v60_3v00_3v00 1.0000000
                          sky130_ef_io__vssd_lvc_clamped3_pad_ss_100C_1v60_3v00 1.0
                          sky130_ef_io__vssd_lvc_clamped_pad_ss_100C_1v60_3v00 1.0
                          sky130_ef_io__vssio_hvc_clamped_pad_ss_100C_1v60_3v00_3v00 1.0000000
                          sky130_fd_io__top_gpiov2_ss_ss_100C_1v60_3v00 1.0
                          sky130_fd_io__top_ground_hvc_wpad_ss_100C_1v60_3v00_3v00 1.0000000
                          sky130_fd_io__top_ground_lvc_wpad_ss_100C_1v60_3v00 1.0
                          sky130_fd_io__top_power_hvc_wpad_ss_100C_1v60_3v00_3v00 1.0000000
                          sky130_fd_io__top_power_lvc_wpad_ss_100C_1v60_3v00_3v00 1.0000000
                          sky130_fd_io__top_xres4v2_ss_ss_100C_1v60_3v00 1.0
                          sram22_1024x32m8w8 1.0
                          sram22_64x32m4w32 1.0
                          sram22_1024x32m8w32 1.0
                          sram22_512x32m4w32 1.0
                          sram22_2048x32m8w8 1.0
                          sram22_512x32m4w8 1.0
                          sram22_4096x32m8w8 1.0
                          sram22_64x4m4w2 1.0
                          sram22_256x32m4w8 1.0
                          sram22_4096x8m8w8 1.0
                          sram22_64x32m4w8 1.0
                          sram22_64x24m4w24 1.0
                          sram22_512x64m4w8 1.0
  Operating conditions:   ss_100C_1v60 
  Interconnect mode:      global
  Area mode:              physical library
============================================================

            Instance                 Module       Cell Count  Cell Area  Net Area   Total Area 
-----------------------------------------------------------------------------------------------
data_recovery                                           1085  12699.680  4366.094    17065.774 
  fifo                          ad_fifo_N41              878   8504.406  3425.505    11929.911 
    cell_instance[39].cell_inst ad_fifo_cell_39           20    201.443    45.685      247.128 
      TC                        token_control_39          14    136.381    35.504      171.885 
    cell_instance[38].cell_inst ad_fifo_cell_38           20    201.443    45.685      247.128 
      TC                        token_control_38          14    136.381    35.504      171.885 
    cell_instance[37].cell_inst ad_fifo_cell_37           20    201.443    45.685      247.128 
      TC                        token_control_37          14    136.381    35.504      171.885 
    cell_instance[36].cell_inst ad_fifo_cell_36           20    201.443    45.685      247.128 
      TC                        token_control_36          14    136.381    35.504      171.885 
    cell_instance[35].cell_inst ad_fifo_cell_35           20    201.443    45.685      247.128 
      TC                        token_control_35          14    136.381    35.504      171.885 
    cell_instance[34].cell_inst ad_fifo_cell_34           20    201.443    45.685      247.128 
      TC                        token_control_34          14    136.381    35.504      171.885 
    cell_instance[33].cell_inst ad_fifo_cell_33           20    201.443    45.685      247.128 
      TC                        token_control_33          14    136.381    35.504      171.885 
    cell_instance[32].cell_inst ad_fifo_cell_32           20    201.443    45.685      247.128 
      TC                        token_control_32          14    136.381    35.504      171.885 
    cell_instance[31].cell_inst ad_fifo_cell_31           20    201.443    45.685      247.128 
      TC                        token_control_31          14    136.381    35.504      171.885 
    cell_instance[30].cell_inst ad_fifo_cell_30           20    201.443    45.685      247.128 
      TC                        token_control_30          14    136.381    35.504      171.885 
    cell_instance[29].cell_inst ad_fifo_cell_29           20    201.443    45.685      247.128 
      TC                        token_control_29          14    136.381    35.504      171.885 
    cell_instance[28].cell_inst ad_fifo_cell_28           20    201.443    45.685      247.128 
      TC                        token_control_28          14    136.381    35.504      171.885 
    cell_instance[27].cell_inst ad_fifo_cell_27           20    201.443    45.685      247.128 
      TC                        token_control_27          14    136.381    35.504      171.885 
    cell_instance[26].cell_inst ad_fifo_cell_26           20    201.443    45.685      247.128 
      TC                        token_control_26          14    136.381    35.504      171.885 
    cell_instance[25].cell_inst ad_fifo_cell_25           20    201.443    45.685      247.128 
      TC                        token_control_25          14    136.381    35.504      171.885 
    cell_instance[24].cell_inst ad_fifo_cell_24           20    201.443    45.685      247.128 
      TC                        token_control_24          14    136.381    35.504      171.885 
    cell_instance[23].cell_inst ad_fifo_cell_23           20    201.443    45.685      247.128 
      TC                        token_control_23          14    136.381    35.504      171.885 
    cell_instance[22].cell_inst ad_fifo_cell_22           20    201.443    45.685      247.128 
      TC                        token_control_22          14    136.381    35.504      171.885 
    cell_instance[21].cell_inst ad_fifo_cell_21           20    201.443    45.685      247.128 
      TC                        token_control_21          14    136.381    35.504      171.885 
    cell_instance[19].cell_inst ad_fifo_cell_19           20    201.443    45.685      247.128 
      TC                        token_control_19          14    136.381    35.504      171.885 
    cell_instance[18].cell_inst ad_fifo_cell_18           20    201.443    45.685      247.128 
      TC                        token_control_18          14    136.381    35.504      171.885 
    cell_instance[17].cell_inst ad_fifo_cell_17           20    201.443    45.685      247.128 
      TC                        token_control_17          14    136.381    35.504      171.885 
    cell_instance[16].cell_inst ad_fifo_cell_16           20    201.443    45.685      247.128 
      TC                        token_control_16          14    136.381    35.504      171.885 
    cell_instance[15].cell_inst ad_fifo_cell_15           20    201.443    45.685      247.128 
      TC                        token_control_15          14    136.381    35.504      171.885 
    cell_instance[14].cell_inst ad_fifo_cell_14           20    201.443    45.685      247.128 
      TC                        token_control_14          14    136.381    35.504      171.885 
    cell_instance[13].cell_inst ad_fifo_cell_13           20    201.443    45.685      247.128 
      TC                        token_control_13          14    136.381    35.504      171.885 
    cell_instance[12].cell_inst ad_fifo_cell_12           20    201.443    45.685      247.128 
      TC                        token_control_12          14    136.381    35.504      171.885 
    cell_instance[11].cell_inst ad_fifo_cell_11           20    201.443    45.685      247.128 
      TC                        token_control_11          14    136.381    35.504      171.885 
    cell_instance[10].cell_inst ad_fifo_cell_10           20    201.443    45.685      247.128 
      TC                        token_control_10          14    136.381    35.504      171.885 
    cell_instance[9].cell_inst  ad_fifo_cell_9            20    201.443    45.685      247.128 
      TC                        token_control_9           14    136.381    35.504      171.885 
    cell_instance[8].cell_inst  ad_fifo_cell_8            20    201.443    45.685      247.128 
      TC                        token_control_8           14    136.381    35.504      171.885 
    cell_instance[7].cell_inst  ad_fifo_cell_7            20    201.443    45.685      247.128 
      TC                        token_control_7           14    136.381    35.504      171.885 
    cell_instance[6].cell_inst  ad_fifo_cell_6            20    201.443    45.685      247.128 
      TC                        token_control_6           14    136.381    35.504      171.885 
    cell_instance[5].cell_inst  ad_fifo_cell_5            20    201.443    45.685      247.128 
      TC                        token_control_5           14    136.381    35.504      171.885 
    cell_instance[4].cell_inst  ad_fifo_cell_4            20    201.443    45.685      247.128 
      TC                        token_control_4           14    136.381    35.504      171.885 
    cell_instance[3].cell_inst  ad_fifo_cell_3            20    201.443    45.685      247.128 
      TC                        token_control_3           14    136.381    35.504      171.885 
    cell_instance[2].cell_inst  ad_fifo_cell_2            20    201.443    45.685      247.128 
      TC                        token_control_2           14    136.381    35.504      171.885 
    cell_instance[1].cell_inst  ad_fifo_cell_1            20    201.443    45.685      247.128 
      TC                        token_control_1           14    136.381    35.504      171.885 
    cell_instance[20].cell_inst ad_fifo_cell_20           20    196.438    45.685      242.123 
      TC                        token_control_20          14    131.376    35.504      166.880 
    cell_instance[0].cell_inst  ad_fifo_cell              21    197.690    40.638      238.327 
      TC                        token_control             13    125.120    30.457      155.577 
    cell_instance[40].cell_inst ad_fifo_cell_40           23    168.912    47.338      216.250 
      TC                        token_control_40          12     85.082    28.716      113.798 
  sampler                       sampler                  121   3364.477   393.674     3758.151 
    row1_delay                  inv_delay                  8    240.230    23.756      263.987 
    row0_delay                  inv_delay                  8    240.230    23.756      263.987 
    mux_delay9                  inv_delay                  8    240.230    23.756      263.987 
    mux_delay8                  inv_delay                  8    240.230    23.756      263.987 
    mux_delay7                  inv_delay                  8    240.230    23.756      263.987 
    mux_delay6                  inv_delay                  8    240.230    23.756      263.987 
    mux_delay5                  inv_delay                  8    240.230    23.756      263.987 
    mux_delay4                  inv_delay                  8    240.230    23.756      263.987 
    mux_delay3                  inv_delay                  8    240.230    23.756      263.987 
    mux_delay2                  inv_delay                  8    240.230    23.756      263.987 
    mux_delay1                  inv_delay                  8    240.230    23.756      263.987 
    mux_delay0                  inv_delay                  8    240.230    23.756      263.987 
  crd                           CRD                       86    830.797   390.541     1221.338 
