============================================================
  Generated by:           Genus(TM) Synthesis Solution 19.15-s090_1
  Generated on:           Apr 25 2024  04:09:28 pm
  Module:                 data_recovery
  Library domain:         ss_100C_1v60.setup_cond
    Domain index:         0
    Technology libraries: sky130_fd_sc_hd__ss_100C_1v60 1.0000000000
                          sky130_ef_io__gpiov2_pad_wrapped_ss_ss_100C_1v60_3v00 1.0
                          sky130_ef_io__vccd_lvc_clamped3_pad_ss_100C_1v60_3v00_3v00 1.0000000
                          sky130_ef_io__vccd_lvc_clamped_pad_ss_100C_1v60_3v00_3v00 1.0000000
                          sky130_ef_io__vdda_hvc_clamped_pad_ss_100C_1v60_3v00_3v00 1.0000000
                          sky130_ef_io__vddio_hvc_clamped_pad_ss_100C_1v60_3v00_3v00 1.0000000
                          sky130_ef_io__vssa_hvc_clamped_pad_ss_100C_1v60_3v00_3v00 1.0000000
                          sky130_ef_io__vssd_lvc_clamped3_pad_ss_100C_1v60_3v00 1.0
                          sky130_ef_io__vssd_lvc_clamped_pad_ss_100C_1v60_3v00 1.0
                          sky130_ef_io__vssio_hvc_clamped_pad_ss_100C_1v60_3v00_3v00 1.0000000
                          sky130_fd_io__top_gpiov2_ss_ss_100C_1v60_3v00 1.0
                          sky130_fd_io__top_ground_hvc_wpad_ss_100C_1v60_3v00_3v00 1.0000000
                          sky130_fd_io__top_ground_lvc_wpad_ss_100C_1v60_3v00 1.0
                          sky130_fd_io__top_power_hvc_wpad_ss_100C_1v60_3v00_3v00 1.0000000
                          sky130_fd_io__top_power_lvc_wpad_ss_100C_1v60_3v00_3v00 1.0000000
                          sky130_fd_io__top_xres4v2_ss_ss_100C_1v60_3v00 1.0
                          sram22_1024x32m8w8 1.0
                          sram22_64x32m4w32 1.0
                          sram22_1024x32m8w32 1.0
                          sram22_512x32m4w32 1.0
                          sram22_2048x32m8w8 1.0
                          sram22_512x32m4w8 1.0
                          sram22_4096x32m8w8 1.0
                          sram22_64x4m4w2 1.0
                          sram22_256x32m4w8 1.0
                          sram22_4096x8m8w8 1.0
                          sram22_64x32m4w8 1.0
                          sram22_64x24m4w24 1.0
                          sram22_512x64m4w8 1.0
  Operating conditions:   ss_100C_1v60 
  Interconnect mode:      global
  Area mode:              physical library
============================================================

                                                   Leakage                                   Library 
           Gate             Instances    Area    Power (nW)              Library              Domain 
-----------------------------------------------------------------------------------------------------
sky130_fd_sc_hd__a21oi_1           43    215.206     80.549    sky130_fd_sc_hd__ss_100C_1v60       0 
sky130_fd_sc_hd__a32oi_1            2     17.517      0.905    sky130_fd_sc_hd__ss_100C_1v60       0 
sky130_fd_sc_hd__and2_1            43    269.008    149.011    sky130_fd_sc_hd__ss_100C_1v60       0 
sky130_fd_sc_hd__buf_16             1     27.526     22.095    sky130_fd_sc_hd__ss_100C_1v60       0 
sky130_fd_sc_hd__buf_6              9    101.347     85.930    sky130_fd_sc_hd__ss_100C_1v60       0 
sky130_fd_sc_hd__bufinv_16         96   2882.765   2380.884    sky130_fd_sc_hd__ss_100C_1v60       0 
sky130_fd_sc_hd__clkinv_1           3     11.261      7.039    sky130_fd_sc_hd__ss_100C_1v60       0 
sky130_fd_sc_hd__clkinv_2           1      5.005      2.899    sky130_fd_sc_hd__ss_100C_1v60       0 
sky130_fd_sc_hd__conb_1           141    529.258      0.428    sky130_fd_sc_hd__ss_100C_1v60       0 
sky130_fd_sc_hd__dfxtp_1          221   4424.243   3058.186    sky130_fd_sc_hd__ss_100C_1v60       0 
sky130_fd_sc_hd__dfxtp_2           22    467.949    338.733    sky130_fd_sc_hd__ss_100C_1v60       0 
sky130_fd_sc_hd__einvp_8           41    923.386    187.569    sky130_fd_sc_hd__ss_100C_1v60       0 
sky130_fd_sc_hd__inv_1             40    150.144     29.629    sky130_fd_sc_hd__ss_100C_1v60       0 
sky130_fd_sc_hd__inv_2              5     18.768     20.295    sky130_fd_sc_hd__ss_100C_1v60       0 
sky130_fd_sc_hd__mux2_1             5     56.304     30.639    sky130_fd_sc_hd__ss_100C_1v60       0 
sky130_fd_sc_hd__mux2i_1            1     10.010      3.862    sky130_fd_sc_hd__ss_100C_1v60       0 
sky130_fd_sc_hd__nand2_1            1      3.754      1.388    sky130_fd_sc_hd__ss_100C_1v60       0 
sky130_fd_sc_hd__nand2b_1           2     12.512      7.650    sky130_fd_sc_hd__ss_100C_1v60       0 
sky130_fd_sc_hd__nand3_1            1      5.005      0.585    sky130_fd_sc_hd__ss_100C_1v60       0 
sky130_fd_sc_hd__nand3b_1           1      7.507      2.321    sky130_fd_sc_hd__ss_100C_1v60       0 
sky130_fd_sc_hd__nand4_1            1      6.256      0.321    sky130_fd_sc_hd__ss_100C_1v60       0 
sky130_fd_sc_hd__nand4b_1           1      8.758      2.369    sky130_fd_sc_hd__ss_100C_1v60       0 
sky130_fd_sc_hd__nor2_1            60    225.216    106.101    sky130_fd_sc_hd__ss_100C_1v60       0 
sky130_fd_sc_hd__nor2b_1          162   1013.472    514.342    sky130_fd_sc_hd__ss_100C_1v60       0 
sky130_fd_sc_hd__nor3_1             1      5.005      1.757    sky130_fd_sc_hd__ss_100C_1v60       0 
sky130_fd_sc_hd__nor4_1             1      6.256      0.825    sky130_fd_sc_hd__ss_100C_1v60       0 
sky130_fd_sc_hd__nor4bb_1           1     10.010      5.441    sky130_fd_sc_hd__ss_100C_1v60       0 
sky130_fd_sc_hd__o211a_1            1     10.010      7.518    sky130_fd_sc_hd__ss_100C_1v60       0 
sky130_fd_sc_hd__o211ai_1           1      7.507      3.084    sky130_fd_sc_hd__ss_100C_1v60       0 
sky130_fd_sc_hd__o21ai_1           43    215.206     24.217    sky130_fd_sc_hd__ss_100C_1v60       0 
sky130_fd_sc_hd__o21bai_1          38    285.274     79.383    sky130_fd_sc_hd__ss_100C_1v60       0 
sky130_fd_sc_hd__o221a_1            1     11.261      3.655    sky130_fd_sc_hd__ss_100C_1v60       0 
sky130_fd_sc_hd__o2bb2ai_1          3     26.275      7.394    sky130_fd_sc_hd__ss_100C_1v60       0 
sky130_fd_sc_hd__or2_1              1      6.256      2.357    sky130_fd_sc_hd__ss_100C_1v60       0 
sky130_fd_sc_hd__or2_2             41    256.496    269.623    sky130_fd_sc_hd__ss_100C_1v60       0 
sky130_fd_sc_hd__sdlclkp_1          3     56.304     46.251    sky130_fd_sc_hd__ss_100C_1v60       0 
sky130_fd_sc_hd__xnor2_1           42    367.853     58.574    sky130_fd_sc_hd__ss_100C_1v60       0 
sky130_fd_sc_hd__xor2_1             5     43.792     19.235    sky130_fd_sc_hd__ss_100C_1v60       0 
-----------------------------------------------------------------------------------------------------
total                            1085  12699.680   7563.048                                  


                                                          Leakage  Leakage 
            Type             Instances    Area   Area % Power (nW) Power % 
---------------------------------------------------------------------------
sequential                         243  4892.192   38.5   3396.920    44.9 
inverter                           145  3067.942   24.2   2440.746    32.3 
buffer                              10   128.874    1.0    108.025     1.4 
tristate                            41   923.386    7.3    187.569     2.5 
clock_gating_integrated_cell         3    56.304    0.4     46.251     0.6 
logic                              643  3630.982   28.6   1383.536    18.3 
physical_cells                       0     0.000    0.0      0.000     0.0 
---------------------------------------------------------------------------
total                             1085 12699.680  100.0   7563.048   100.0 

