[<global>] Level.INFO: Loading hammer-vlsi libraries and reading settings
[<global>] Level.INFO: Loading technology 'hammer.technology.sky130'
[<global>] Level.WARNING: Key technology.sky130.sky130_nda has a type str is not yet implemented
[<global>] Level.WARNING: Key technology.sky130.openram_lib has a type str is not yet implemented
[<global>] Level.WARNING: Key technology.sky130.dffram_lib has a type Optional[str] is not yet implemented
[<global>] Level.WARNING: Key technology.sky130.pdk_home has a type Optional[str] is not yet implemented
[<global>] Level.WARNING: Key technology.sky130.lvs_deck_sources has a type Optional[list[str]] is not yet implemented
[<global>] Level.WARNING: Key technology.sky130.io_file has a type str is not yet implemented
[tech] Level.ERROR: The install path: /path/to/skywater-src-nda does not exist, looked at key technology.sky130.sky130_nda
[<global>] Level.WARNING: Key technology.sky130.sram22_sky130_macros is not associated with a type
[tech] Level.INFO: Modifying CDL netlist: /home/ff/eecs151/fa23/pdk_mod/sky130/pdk/sky130A/libs.ref/sky130_fd_sc_hd/cdl/sky130_fd_sc_hd.cdl -> /scratch/eecs251b-aaw/sp24-project-usb2-generator/build/tech-sky130-cache/sky130_fd_sc_hd.cdl
[tech] Level.INFO: Modifying Verilog netlist: /home/ff/eecs151/fa23/pdk_mod/sky130/pdk/sky130A/libs.ref/sky130_fd_sc_hd/verilog/sky130_fd_sc_hd.v -> /scratch/eecs251b-aaw/sp24-project-usb2-generator/build/tech-sky130-cache/sky130_fd_sc_hd.v
[tech] Level.INFO: Modifying Verilog netlist: /home/ff/eecs151/fa23/pdk_mod/sky130/pdk/sky130A/libs.ref/sky130_fd_sc_hd/verilog/primitives.v -> /scratch/eecs251b-aaw/sp24-project-usb2-generator/build/tech-sky130-cache/primitives.v
[tech] Level.INFO: Modifying Technology LEF: /home/ff/eecs151/fa23/pdk_mod/sky130/pdk/sky130A/libs.ref/sky130_fd_sc_hd/techlef/sky130_fd_sc_hd__nom.tlef -> /scratch/eecs251b-aaw/sp24-project-usb2-generator/build/tech-sky130-cache/sky130_fd_sc_hd__nom.tlef
[tech] Level.INFO: Modifying IO LEF: /home/ff/eecs151/fa23/pdk_mod/sky130/pdk/sky130A/libs.ref/sky130_fd_io/lef/sky130_ef_io.lef -> /scratch/eecs251b-aaw/sp24-project-usb2-generator/build/tech-sky130-cache/sky130_ef_io.lef
[<global>] Level.INFO: Starting SRAM Generator with tool 'sram_compiler'
[sram_generator] Level.DEBUG: Running sub-step 'generate_all_srams_and_corners'
[sram_generator] Level.INFO: Compiling 1rw memories to SRAM22 instances
[<global>] Level.WARNING: Key technology.sky130.sram22_sky130_macros is not associated with a type
[sram_generator] Level.WARNING: SKY130 sram22_1024x32m8w8 SRAM cache does not support corner tt_025C_1v80 with rcc extraction
[sram_generator] Level.INFO: Compiling 1rw memories to SRAM22 instances
[<global>] Level.WARNING: Key technology.sky130.sram22_sky130_macros is not associated with a type
[sram_generator] Level.WARNING: SKY130 sram22_64x32m4w32 SRAM cache does not support corner tt_025C_1v80 with rcc extraction
[sram_generator] Level.INFO: Compiling 1rw memories to SRAM22 instances
[<global>] Level.WARNING: Key technology.sky130.sram22_sky130_macros is not associated with a type
[sram_generator] Level.WARNING: SKY130 sram22_1024x32m8w32 SRAM cache does not support corner tt_025C_1v80 with rcc extraction
[sram_generator] Level.INFO: Compiling 1rw memories to SRAM22 instances
[<global>] Level.WARNING: Key technology.sky130.sram22_sky130_macros is not associated with a type
[sram_generator] Level.WARNING: SKY130 sram22_512x32m4w32 SRAM cache does not support corner tt_025C_1v80 with rcc extraction
[sram_generator] Level.INFO: Compiling 1rw memories to SRAM22 instances
[<global>] Level.WARNING: Key technology.sky130.sram22_sky130_macros is not associated with a type
[sram_generator] Level.WARNING: SKY130 sram22_2048x32m8w8 SRAM cache does not support corner tt_025C_1v80 with rcc extraction
[sram_generator] Level.INFO: Compiling 1rw memories to SRAM22 instances
[<global>] Level.WARNING: Key technology.sky130.sram22_sky130_macros is not associated with a type
[sram_generator] Level.WARNING: SKY130 sram22_512x32m4w8 SRAM cache does not support corner tt_025C_1v80 with rcc extraction
[sram_generator] Level.INFO: Compiling 1rw memories to SRAM22 instances
[<global>] Level.WARNING: Key technology.sky130.sram22_sky130_macros is not associated with a type
[sram_generator] Level.WARNING: SKY130 sram22_4096x32m8w8 SRAM cache does not support corner tt_025C_1v80 with rcc extraction
[sram_generator] Level.INFO: Compiling 1rw memories to SRAM22 instances
[<global>] Level.WARNING: Key technology.sky130.sram22_sky130_macros is not associated with a type
[sram_generator] Level.WARNING: SKY130 sram22_64x4m4w2 SRAM cache does not support corner tt_025C_1v80 with rcc extraction
[sram_generator] Level.INFO: Compiling 1rw memories to SRAM22 instances
[<global>] Level.WARNING: Key technology.sky130.sram22_sky130_macros is not associated with a type
[sram_generator] Level.WARNING: SKY130 sram22_256x32m4w8 SRAM cache does not support corner tt_025C_1v80 with rcc extraction
[sram_generator] Level.INFO: Compiling 1rw memories to SRAM22 instances
[<global>] Level.WARNING: Key technology.sky130.sram22_sky130_macros is not associated with a type
[sram_generator] Level.WARNING: SKY130 sram22_4096x8m8w8 SRAM cache does not support corner tt_025C_1v80 with rcc extraction
[sram_generator] Level.INFO: Compiling 1rw memories to SRAM22 instances
[<global>] Level.WARNING: Key technology.sky130.sram22_sky130_macros is not associated with a type
[sram_generator] Level.WARNING: SKY130 sram22_64x32m4w8 SRAM cache does not support corner tt_025C_1v80 with rcc extraction
[sram_generator] Level.INFO: Compiling 1rw memories to SRAM22 instances
[<global>] Level.WARNING: Key technology.sky130.sram22_sky130_macros is not associated with a type
[sram_generator] Level.WARNING: SKY130 sram22_64x24m4w24 SRAM cache does not support corner tt_025C_1v80 with rcc extraction
[sram_generator] Level.INFO: Compiling 1rw memories to SRAM22 instances
[<global>] Level.WARNING: Key technology.sky130.sram22_sky130_macros is not associated with a type
[sram_generator] Level.WARNING: SKY130 sram22_512x64m4w8 SRAM cache does not support corner tt_025C_1v80 with rcc extraction
[sram_generator] Level.INFO: Compiling 1rw memories to SRAM22 instances
[<global>] Level.WARNING: Key technology.sky130.sram22_sky130_macros is not associated with a type
[sram_generator] Level.WARNING: SKY130 sram22_1024x32m8w8 SRAM cache does not support corner tt_025C_1v80 with rcc extraction
[sram_generator] Level.INFO: Compiling 1rw memories to SRAM22 instances
[<global>] Level.WARNING: Key technology.sky130.sram22_sky130_macros is not associated with a type
[sram_generator] Level.WARNING: SKY130 sram22_64x32m4w32 SRAM cache does not support corner tt_025C_1v80 with rcc extraction
[sram_generator] Level.INFO: Compiling 1rw memories to SRAM22 instances
[<global>] Level.WARNING: Key technology.sky130.sram22_sky130_macros is not associated with a type
[sram_generator] Level.WARNING: SKY130 sram22_1024x32m8w32 SRAM cache does not support corner tt_025C_1v80 with rcc extraction
[sram_generator] Level.INFO: Compiling 1rw memories to SRAM22 instances
[<global>] Level.WARNING: Key technology.sky130.sram22_sky130_macros is not associated with a type
[sram_generator] Level.WARNING: SKY130 sram22_512x32m4w32 SRAM cache does not support corner tt_025C_1v80 with rcc extraction
[sram_generator] Level.INFO: Compiling 1rw memories to SRAM22 instances
[<global>] Level.WARNING: Key technology.sky130.sram22_sky130_macros is not associated with a type
[sram_generator] Level.WARNING: SKY130 sram22_2048x32m8w8 SRAM cache does not support corner tt_025C_1v80 with rcc extraction
[sram_generator] Level.INFO: Compiling 1rw memories to SRAM22 instances
[<global>] Level.WARNING: Key technology.sky130.sram22_sky130_macros is not associated with a type
[sram_generator] Level.WARNING: SKY130 sram22_512x32m4w8 SRAM cache does not support corner tt_025C_1v80 with rcc extraction
[sram_generator] Level.INFO: Compiling 1rw memories to SRAM22 instances
[<global>] Level.WARNING: Key technology.sky130.sram22_sky130_macros is not associated with a type
