[<global>] Level.INFO: Loading hammer-vlsi libraries and reading settings
[<global>] Level.INFO: Loading technology 'hammer.technology.sky130'
[<global>] Level.WARNING: Key technology.sky130.sky130_nda has a type str is not yet implemented
[<global>] Level.WARNING: Key technology.sky130.openram_lib has a type str is not yet implemented
[<global>] Level.WARNING: Key technology.sky130.dffram_lib has a type Optional[str] is not yet implemented
[<global>] Level.WARNING: Key technology.sky130.pdk_home has a type Optional[str] is not yet implemented
[<global>] Level.WARNING: Key technology.sky130.lvs_deck_sources has a type Optional[list[str]] is not yet implemented
[<global>] Level.WARNING: Key technology.sky130.io_file has a type str is not yet implemented
[tech] Level.ERROR: The install path: /path/to/skywater-src-nda does not exist, looked at key technology.sky130.sky130_nda
[<global>] Level.WARNING: Key technology.sky130.sram22_sky130_macros is not associated with a type
[tech] Level.INFO: Modifying CDL netlist: /home/ff/eecs151/fa23/pdk_mod/sky130/pdk/sky130A/libs.ref/sky130_fd_sc_hd/cdl/sky130_fd_sc_hd.cdl -> /scratch/eecs251b-aaw/sp24-project-usb2-generator/build/tech-sky130-cache/sky130_fd_sc_hd.cdl
[tech] Level.INFO: Modifying Verilog netlist: /home/ff/eecs151/fa23/pdk_mod/sky130/pdk/sky130A/libs.ref/sky130_fd_sc_hd/verilog/sky130_fd_sc_hd.v -> /scratch/eecs251b-aaw/sp24-project-usb2-generator/build/tech-sky130-cache/sky130_fd_sc_hd.v
[tech] Level.INFO: Modifying Verilog netlist: /home/ff/eecs151/fa23/pdk_mod/sky130/pdk/sky130A/libs.ref/sky130_fd_sc_hd/verilog/primitives.v -> /scratch/eecs251b-aaw/sp24-project-usb2-generator/build/tech-sky130-cache/primitives.v
[tech] Level.INFO: Modifying Technology LEF: /home/ff/eecs151/fa23/pdk_mod/sky130/pdk/sky130A/libs.ref/sky130_fd_sc_hd/techlef/sky130_fd_sc_hd__nom.tlef -> /scratch/eecs251b-aaw/sp24-project-usb2-generator/build/tech-sky130-cache/sky130_fd_sc_hd__nom.tlef
[tech] Level.INFO: Modifying IO LEF: /home/ff/eecs151/fa23/pdk_mod/sky130/pdk/sky130A/libs.ref/sky130_fd_io/lef/sky130_ef_io.lef -> /scratch/eecs251b-aaw/sp24-project-usb2-generator/build/tech-sky130-cache/sky130_ef_io.lef
[<global>] Level.INFO: Starting simulation with tool 'vcs'
[sim] Level.DEBUG: Running sub-step 'write_gl_files'
[sim] Level.DEBUG: Running sub-step 'run_vcs'
[<global>] Level.WARNING: Key sim.vcs.vcs_bin is not associated with a type
[<global>] Level.WARNING: Key sim.vcs.fgp is not associated with a type
[<global>] Level.WARNING: Key sim.vcs.vcs_home is not associated with a type
[<global>] Level.WARNING: Key sim.vcs.verdi_home is not associated with a type
[sim] Level.DEBUG: Executing subprocess: /home/ff/eecs151/hammer-tools/synopsys/vcs/P-2019.06/bin/vcs -full64 -lca -debug_access+all -timescale=1ns/10ps -CC -I$(VCS_HOME)/include -notice -line +lint=all,noVCDE +v2k -debug -sverilog /scratch/eecs251b-aaw/sp24-project-usb2-generator/src/ad_fifo.v /scratch/eecs251b-aaw/sp24-project-usb2-generator/src/token_control.v /scratch/eecs251b-aaw/sp24-project-usb2-generator/src/ad_fifo_cell.v /scratch/eecs251b-aaw/sp24-project-usb2-generator/src/ad_fifo_tb.v /scratch/eecs251b-aaw/sp24-project-usb2-generator/build/tech-sky130-cache/primitives.v /scratch/eecs251b-aaw/sp24-project-usb2-generator/build/tech-sky130-cache/sky130_fd_sc_hd.v /home/ff/eecs151/fa23/pdk_mod/sky130/pdk/sky130A/libs.ref/sky130_fd_io/verilog/sky130_ef_io.v /home/ff/eecs151/fa23/pdk_mod/sky130/pdk/sky130A/libs.ref/sky130_fd_io/verilog/sky130_fd_io.v +define+FUNCTIONAL +define+UNIT_DELAY=#1 +define+CLOCK_PERIOD=1.00 +notimingcheck +delay_mode_zero -top ad_fifo_tb -o /scratch/eecs251b-aaw/sp24-project-usb2-generator/build/sim-rundir/simv
[sim] [Exec ...019.06/bin/vcs -full64 -lca -d...] Level.DEBUG: 
[sim] [Exec ...019.06/bin/vcs -full64 -lca -d...] Level.DEBUG: Warning-[DBGACC_DBG] Multiple debug options being used
[sim] [Exec ...019.06/bin/vcs -full64 -lca -d...] Level.DEBUG:   The debug switches '-debug_access' and '-debug*' are being used together.
[sim] [Exec ...019.06/bin/vcs -full64 -lca -d...] Level.DEBUG:   For better performance, consider using only '-debug_access'.
[sim] [Exec ...019.06/bin/vcs -full64 -lca -d...] Level.DEBUG: 
[sim] [Exec ...019.06/bin/vcs -full64 -lca -d...] Level.DEBUG: 
[sim] [Exec ...019.06/bin/vcs -full64 -lca -d...] Level.DEBUG: Error-[VERDI_VCS_MM] Possible VERDI_HOME and VCS_HOME mismatch
[sim] [Exec ...019.06/bin/vcs -full64 -lca -d...] Level.DEBUG:   The Verdi tab and pli.a cannot be added to the 'vcs' compile command because
[sim] [Exec ...019.06/bin/vcs -full64 -lca -d...] Level.DEBUG:   the file '/pli.a' could not be found.
[sim] [Exec ...019.06/bin/vcs -full64 -lca -d...] Level.DEBUG:   Please check to make sure VERDI_HOME and VCS_HOME point to installations
[sim] [Exec ...019.06/bin/vcs -full64 -lca -d...] Level.DEBUG:   that are either both 32-bits or both 64-bits.
[sim] [Exec ...019.06/bin/vcs -full64 -lca -d...] Level.DEBUG: 
[sim] [Exec ...019.06/bin/vcs -full64 -lca -d...] Level.DEBUG:                          Chronologic VCS (TM)
[sim] [Exec ...019.06/bin/vcs -full64 -lca -d...] Level.DEBUG:          Version P-2019.06_Full64 -- Fri Apr  5 18:31:57 2024
[sim] [Exec ...019.06/bin/vcs -full64 -lca -d...] Level.DEBUG:                Copyright (c) 1991-2019 by Synopsys Inc.
[sim] [Exec ...019.06/bin/vcs -full64 -lca -d...] Level.DEBUG:                          ALL RIGHTS RESERVED
[sim] [Exec ...019.06/bin/vcs -full64 -lca -d...] Level.DEBUG: 
[sim] [Exec ...019.06/bin/vcs -full64 -lca -d...] Level.DEBUG: This program is proprietary and confidential information of Synopsys Inc.
[sim] [Exec ...019.06/bin/vcs -full64 -lca -d...] Level.DEBUG: and may be used and disclosed only as authorized in a license agreement
[sim] [Exec ...019.06/bin/vcs -full64 -lca -d...] Level.DEBUG: controlling such use and disclosure.
[sim] [Exec ...019.06/bin/vcs -full64 -lca -d...] Level.DEBUG: 
[sim] [Exec ...019.06/bin/vcs -full64 -lca -d...] Level.DEBUG: 
[sim] [Exec ...019.06/bin/vcs -full64 -lca -d...] Level.DEBUG: Warning-[LCA_FEATURES_ENABLED] Usage warning
[sim] [Exec ...019.06/bin/vcs -full64 -lca -d...] Level.DEBUG:   LCA features enabled by '-lca' argument on the command line.  For more
[sim] [Exec ...019.06/bin/vcs -full64 -lca -d...] Level.DEBUG:   information regarding list of LCA features please refer to Chapter "LCA
[sim] [Exec ...019.06/bin/vcs -full64 -lca -d...] Level.DEBUG:   features" in the VCS Release Notes
[sim] [Exec ...019.06/bin/vcs -full64 -lca -d...] Level.DEBUG: 
[sim] [Exec ...019.06/bin/vcs -full64 -lca -d...] Level.DEBUG: 
[sim] [Exec ...019.06/bin/vcs -full64 -lca -d...] Level.DEBUG: Warning-[DEBUG_DEP] Option will be deprecated
[sim] [Exec ...019.06/bin/vcs -full64 -lca -d...] Level.DEBUG:   The option 'debug=4' will be deprecated in a future release.  Please use
[sim] [Exec ...019.06/bin/vcs -full64 -lca -d...] Level.DEBUG:   '-debug_acc+pp+f+fn+dmptf -debug_region+cell+encrypt' instead.
[sim] [Exec ...019.06/bin/vcs -full64 -lca -d...] Level.DEBUG: 
[sim] [Exec ...019.06/bin/vcs -full64 -lca -d...] Level.DEBUG: Parsing design file '/scratch/eecs251b-aaw/sp24-project-usb2-generator/src/ad_fifo.v'
[sim] [Exec ...019.06/bin/vcs -full64 -lca -d...] Level.DEBUG: Parsing design file '/scratch/eecs251b-aaw/sp24-project-usb2-generator/src/token_control.v'
[sim] [Exec ...019.06/bin/vcs -full64 -lca -d...] Level.DEBUG: Parsing design file '/scratch/eecs251b-aaw/sp24-project-usb2-generator/src/ad_fifo_cell.v'
[sim] [Exec ...019.06/bin/vcs -full64 -lca -d...] Level.DEBUG: 
[sim] [Exec ...019.06/bin/vcs -full64 -lca -d...] Level.DEBUG: Warning-[OPD] Override previous declaration
[sim] [Exec ...019.06/bin/vcs -full64 -lca -d...] Level.DEBUG: /scratch/eecs251b-aaw/sp24-project-usb2-generator/src/ad_fifo_cell.v, 1
[sim] [Exec ...019.06/bin/vcs -full64 -lca -d...] Level.DEBUG:   Previously declared
[sim] [Exec ...019.06/bin/vcs -full64 -lca -d...] Level.DEBUG:   at:"/scratch/eecs251b-aaw/sp24-project-usb2-generator/src/ad_fifo.v", 2
[sim] [Exec ...019.06/bin/vcs -full64 -lca -d...] Level.DEBUG:   This module will be overridden by the last declaration.
