[Simulation Monitor: 2]
[2024-04-17 14:57:41.945 -0700] [PROCESS] [cadence.virtuoso.ade.simulationMonitor] - Simulation Monitor has successfully started up. Trying to set up communication channels to other components ... {"hostname": "eda-2.EECS.Berkeley.EDU", "processid": 2051348, "logfile": "/scratch/eecs251b-aaz/sp24-project-usb2-generator/cadence/logs_eecs251b-aaz/logs0/Job2.log"}
[2024-04-17 14:57:41.946 -0700] [PROCESS] [cadence.virtuoso.ade.simulationMonitor] - Communication channels have been successfully set up. Start processing events ... {"hostname": "eda-2.EECS.Berkeley.EDU", "processid": 2051348, "logfile": "/scratch/eecs251b-aaz/sp24-project-usb2-generator/cadence/logs_eecs251b-aaz/logs0/Job2.log"}
[2024-04-17 14:57:41.947 -0700] [PROCESS] [cadence.virtuoso.ade.simulationMonitor] - Considering to start history {"hostname": "eda-2.EECS.Berkeley.EDU", "processid": 2051348, "history": "ExplorerRun.0", "logfile": "/scratch/eecs251b-aaz/sp24-project-usb2-generator/cadence/logs_eecs251b-aaz/logs0/Job2.log"}
[2024-04-17 14:57:41.953 -0700] [PROCESS] [cadence.virtuoso.ade.simulationMonitor] - HostInfo:
Host name (type):	eda-2.EECS.Berkeley.EDU (x86_64)
Operating system:	Linux 4.18.0-513.18.1.el8_9.x86_64 #1 SMP Thu Feb 1 03:51:05 EST 2024 {"hostname": "eda-2.EECS.Berkeley.EDU", "processid": 2051348, "history": "ExplorerRun.0", "logfile": "/scratch/eecs251b-aaz/sp24-project-usb2-generator/cadence/logs_eecs251b-aaz/logs0/Job2.log", "nodename": "eda-2.EECS.Berkeley.EDU", "domainname": "(none)", "machine": "x86_64", "sysname": "Linux", "release": "4.18.0-513.18.1.el8_9.x86_64", "version": "#1 SMP Thu Feb 1 03:51:05 EST 2024"}
[2024-04-17 14:57:41.954 -0700] [PROCESS] [cadence.virtuoso.ade.simulationMonitor] - UsageInfo:
pid=2051348
totalPhysicalMemory=487.586559GB,Used=95.107006GB,totalVirtualMemory=519.586555GB,Used=99.444305GB
Cpu: Cores=64, Load average:4.360000,4.460000,4.310000 {"hostname": "eda-2.EECS.Berkeley.EDU", "processid": 2051348, "history": "ExplorerRun.0", "logfile": "/scratch/eecs251b-aaz/sp24-project-usb2-generator/cadence/logs_eecs251b-aaz/logs0/Job2.log", "pid": "2051348", "totalPhysicalMemory": "487.586559", "physicalMemoryUsed": "95.107006", "totalVirtualMemory": "519.586555", "virtualMemoryUsed": "99.444305", "cpuCores": "64", "processes": "4309", "loadAverage1": "4.360000", "loadAverage5": "4.460000", "loadAverage15": "4.310000", "loadAverage1Percent": "0.068125"}
[2024-04-17 14:57:41.956 -0700] [EVENT] [cadence.virtuoso.ade.simulationMonitor] - NewPoint {"history": "ExplorerRun.0", "point": 1, "testname": "final_project_sampler2_test_1", "cornername": "Nominal", "event": "NewPoint", "EventSource": "Simulation Monitor", "HistoryName": "ExplorerRun.0", "logFile": "/scratch/eecs251b-aaz/sp24-project-usb2-generator/cadence/logs_eecs251b-aaz/logs0/Job2.log", "logFileSize": "2432"}
[2024-04-17 14:57:42.159 -0700] [EVENT] [cadence.virtuoso.ade.simulationMonitor] - NewPoint {"history": "ExplorerRun.0", "point": 1, "testname": "final_project_sampler2_test_1", "cornername": "Nominal", "event": "NewPoint", "EventSource": "spectre", "HistoryName": "ExplorerRun.0", "logFile": "/home/cc/eecs251b/sp24/class/eecs251b-aaz/simulation/final_project/sampler2_test/maestro/results/maestro/ExplorerRun.0/1/final_project_sampler2_test_1/psf/spectre.out", "logFileSize": "-1"}
[2024-04-17 14:57:42.184 -0700] [PROCESS] [cadence.virtuoso.ade.simulationMonitor] - Simulator launched {"hostname": "eda-2.EECS.Berkeley.EDU", "processid": 2051348, "history": "ExplorerRun.0", "testname": "final_project_sampler2_test_1", "cornername": "Nominal", "point": 1, "logfile": "/scratch/eecs251b-aaz/sp24-project-usb2-generator/cadence/logs_eecs251b-aaz/logs0/Job2.log", "simid": "1"}
[2024-04-17 14:57:42.189 -0700] [PROCESS] [cadence.virtuoso.ade.simulationMonitor] - Expression evaluator launched {"hostname": "eda-2.EECS.Berkeley.EDU", "processid": 2051348, "history": "ExplorerRun.0", "testname": "final_project_sampler2_test_1", "cornername": "Nominal", "point": 1, "logfile": "/scratch/eecs251b-aaz/sp24-project-usb2-generator/cadence/logs_eecs251b-aaz/logs0/Job2.log"}
[2024-04-17 14:57:42.588 -0700] [PROCESS] [cadence.virtuoso.ade.simulationMonitor] - Started Simulation {"hostname": "eda-2.EECS.Berkeley.EDU", "processid": 2051348, "history": "ExplorerRun.0", "testname": "final_project_sampler2_test_1", "cornername": "Nominal", "point": 1, "logfile": "/scratch/eecs251b-aaz/sp24-project-usb2-generator/cadence/logs_eecs251b-aaz/logs0/Job2.log", "event": "started", "task": "simulation"}
[2024-04-17 14:57:44.590 -0700] [INFO] [cadence.virtuoso.ade.simulationMonitor] - Peak resident memory used = 177 Mbytes. {"history": "ExplorerRun.0", "point": 1, "testname": "final_project_sampler2_test_1", "cornername": "Nominal"}
[2024-04-17 14:57:44.591 -0700] [INFO] [cadence.virtuoso.ade.simulationMonitor] - Peak resident memory used = 188 Mbytes. {"history": "ExplorerRun.0", "point": 1, "testname": "final_project_sampler2_test_1", "cornername": "Nominal"}
[2024-04-17 14:57:44.592 -0700] [INFO] [cadence.virtuoso.ade.simulationMonitor] - Notice from spectre during hierarchy flattening.
    The value 'psf' specified for the 'checklimitdest' option will no longer be supported in future releases. Use 'spectre -h' to see other recommended values for the 'checklimitdest' option. {"history": "ExplorerRun.0", "point": 1, "testname": "final_project_sampler2_test_1", "cornername": "Nominal"}
[2024-04-17 14:57:44.592 -0700] [INFO] [cadence.virtuoso.ade.simulationMonitor] - Peak resident memory used = 189 Mbytes. {"history": "ExplorerRun.0", "point": 1, "testname": "final_project_sampler2_test_1", "cornername": "Nominal"}
[2024-04-17 14:57:44.593 -0700] [INFO] [cadence.virtuoso.ade.simulationMonitor] - Notice from spectre during initial setup.
    Multithreading is disabled due to the size of the design being too small. {"history": "ExplorerRun.0", "point": 1, "testname": "final_project_sampler2_test_1", "cornername": "Nominal"}
[2024-04-17 14:57:44.598 -0700] [INFO] [cadence.virtuoso.ade.simulationMonitor] -               nodes 15 {"history": "ExplorerRun.0", "point": 1, "testname": "final_project_sampler2_test_1", "cornername": "Nominal"}
[2024-04-17 14:57:44.599 -0700] [INFO] [cadence.virtuoso.ade.simulationMonitor] - Notice from spectre during initial setup.
    APS enabled. {"history": "ExplorerRun.0", "point": 1, "testname": "final_project_sampler2_test_1", "cornername": "Nominal"}
[2024-04-17 14:57:44.599 -0700] [INFO] [cadence.virtuoso.ade.simulationMonitor] - Peak resident memory used = 193 Mbytes. {"history": "ExplorerRun.0", "point": 1, "testname": "final_project_sampler2_test_1", "cornername": "Nominal"}
[2024-04-17 14:57:44.600 -0700] [INFO] [cadence.virtuoso.ade.simulationMonitor] -    -   (APS) Multi-threading. The recommended number of threads is 1, consider adding +mt=1 on command line. {"history": "ExplorerRun.0", "point": 1, "testname": "final_project_sampler2_test_1", "cornername": "Nominal"}
[2024-04-17 14:57:44.600 -0700] [INFO] [cadence.virtuoso.ade.simulationMonitor] - Notice from spectre during IC analysis, during transient analysis `tran'.
    GminDC = 1 pS is large enough to noticeably affect the DC solution.
        dV(I8.a_592_47#) = 6.61163 mV
        Use the `gmin_check' option to eliminate or expand this report. {"history": "ExplorerRun.0", "point": 1, "testname": "final_project_sampler2_test_1", "cornername": "Nominal"}
[2024-04-17 14:57:44.601 -0700] [INFO] [cadence.virtuoso.ade.simulationMonitor] - Notice from spectre during transient analysis `tran'.
    Multithreading is disabled due to the size of the design being too small. {"history": "ExplorerRun.0", "point": 1, "testname": "final_project_sampler2_test_1", "cornername": "Nominal"}
[2024-04-17 14:57:44.601 -0700] [INFO] [cadence.virtuoso.ade.simulationMonitor] - Total time required for tran analysis `tran': CPU = 94.888 ms, elapsed = 105.591 ms, util. = 89.9%. {"history": "ExplorerRun.0", "point": 1, "testname": "final_project_sampler2_test_1", "cornername": "Nominal"}
[2024-04-17 14:57:44.602 -0700] [INFO] [cadence.virtuoso.ade.simulationMonitor] - Peak resident memory used = 199 Mbytes. {"history": "ExplorerRun.0", "point": 1, "testname": "final_project_sampler2_test_1", "cornername": "Nominal"}
[2024-04-17 14:57:44.602 -0700] [INFO] [cadence.virtuoso.ade.simulationMonitor] - Notice from spectre during DC analysis `dcOp'.
    GminDC = 1 pS is large enough to noticeably affect the DC solution.
        dV(I8.a_592_47#) = 6.61163 mV
        Use the `gmin_check' option to eliminate or expand this report.
    Bad pivoting is found during DC analysis. Option dc_pivot_check=yes is recommended for possible improvement of convergence. {"history": "ExplorerRun.0", "point": 1, "testname": "final_project_sampler2_test_1", "cornername": "Nominal"}
[2024-04-17 14:57:44.603 -0700] [INFO] [cadence.virtuoso.ade.simulationMonitor] - Total time required for dc analysis `dcOp': CPU = 4.586 ms, elapsed = 7.78794 ms, util. = 58.9%. {"history": "ExplorerRun.0", "point": 1, "testname": "final_project_sampler2_test_1", "cornername": "Nominal"}
[2024-04-17 14:57:44.603 -0700] [INFO] [cadence.virtuoso.ade.simulationMonitor] - Peak resident memory used = 199 Mbytes. {"history": "ExplorerRun.0", "point": 1, "testname": "final_project_sampler2_test_1", "cornername": "Nominal"}
[2024-04-17 14:57:44.604 -0700] [INFO] [cadence.virtuoso.ade.simulationMonitor] - Time used: CPU = 1.37 s, elapsed = 1.8 s, util. = 76.1%. {"history": "ExplorerRun.0", "point": 1, "testname": "final_project_sampler2_test_1", "cornername": "Nominal"}
[2024-04-17 14:57:44.604 -0700] [INFO] [cadence.virtuoso.ade.simulationMonitor] - Time spent in licensing: elapsed = 61.2 ms. {"history": "ExplorerRun.0", "point": 1, "testname": "final_project_sampler2_test_1", "cornername": "Nominal"}
[2024-04-17 14:57:44.606 -0700] [INFO] [cadence.virtuoso.ade.simulationMonitor] - Peak memory used = 207 Mbytes. {"history": "ExplorerRun.0", "point": 1, "testname": "final_project_sampler2_test_1", "cornername": "Nominal"}
[2024-04-17 14:57:44.610 -0700] [PROCESS] [cadence.virtuoso.ade.simulationMonitor] - Simulation started at: 2:57:42 PM, Wed Apr 17, 2024, ended at: 2:57:44 PM, Wed Apr 17, 2024, with elapsed time (wall clock): 1.8 s. {"history": "ExplorerRun.0", "point": 1, "testname": "final_project_sampler2_test_1", "cornername": "Nominal"}
[2024-04-17 14:57:44.610 -0700] [PROCESS] [cadence.virtuoso.ade.simulationMonitor] - spectre completes with 0 errors, 0 warnings, and 8 notices. {"history": "ExplorerRun.0", "point": 1, "testname": "final_project_sampler2_test_1", "cornername": "Nominal"}
[2024-04-17 14:57:45.112 -0700] [PROCESS] [cadence.virtuoso.ade.simulationMonitor] - Finished simulating for one point {"hostname": "eda-2.EECS.Berkeley.EDU", "processid": 2051348, "history": "ExplorerRun.0", "testname": "final_project_sampler2_test_1", "cornername": "Nominal", "point": 1, "logfile": "/scratch/eecs251b-aaz/sp24-project-usb2-generator/cadence/logs_eecs251b-aaz/logs0/Job2.log", "simid": "1"}
[2024-04-17 14:57:45.113 -0700] [PROCESS] [cadence.virtuoso.ade.simulationMonitor] - Simulator exited {"hostname": "eda-2.EECS.Berkeley.EDU", "processid": 2051348, "history": "ExplorerRun.0", "testname": "final_project_sampler2_test_1", "cornername": "Nominal", "point": 1, "logfile": "/scratch/eecs251b-aaz/sp24-project-usb2-generator/cadence/logs_eecs251b-aaz/logs0/Job2.log", "exitStatus": "0"}
[2024-04-17 14:57:45.113 -0700] [PROCESS] [cadence.virtuoso.ade.simulationMonitor] - Finished Simulation {"hostname": "eda-2.EECS.Berkeley.EDU", "processid": 2051348, "history": "ExplorerRun.0", "testname": "final_project_sampler2_test_1", "cornername": "Nominal", "point": 1, "logfile": "/scratch/eecs251b-aaz/sp24-project-usb2-generator/cadence/logs_eecs251b-aaz/logs0/Job2.log", "simid": "1"}
[2024-04-17 14:57:50.635 -0700] [PROCESS] [cadence.virtuoso.ade.simulationMonitor] - Point Finished {"hostname": "eda-2.EECS.Berkeley.EDU", "processid": 2051348, "history": "ExplorerRun.0", "testname": "final_project_sampler2_test_1", "cornername": "Nominal", "point": 1, "logfile": "/scratch/eecs251b-aaz/sp24-project-usb2-generator/cadence/logs_eecs251b-aaz/logs0/Job2.log"}
[2024-04-17 14:57:51.643 -0700] [PROCESS] [cadence.virtuoso.ade.simulationMonitor] - Stay with the runId '0', Linger time '300', currentRunSyn '1', currentTestSyn '2' {"hostname": "eda-2.EECS.Berkeley.EDU", "processid": 2051348, "history": "ExplorerRun.0", "testname": "final_project_sampler2_test_1", "cornername": "Nominal", "point": 1, "logfile": "/scratch/eecs251b-aaz/sp24-project-usb2-generator/cadence/logs_eecs251b-aaz/logs0/Job2.log"}
[2024-04-17 14:57:52.642 -0700] [PROCESS] [cadence.virtuoso.ade.simulationMonitor] - Stay with the runId '0', Linger time '300', currentRunSyn '1', currentTestSyn '2' {"hostname": "eda-2.EECS.Berkeley.EDU", "processid": 2051348, "history": "ExplorerRun.0", "testname": "final_project_sampler2_test_1", "cornername": "Nominal", "point": 1, "logfile": "/scratch/eecs251b-aaz/sp24-project-usb2-generator/cadence/logs_eecs251b-aaz/logs0/Job2.log"}
[2024-04-17 14:57:53.645 -0700] [PROCESS] [cadence.virtuoso.ade.simulationMonitor] - Stay with the runId '0', Linger time '300', currentRunSyn '1', currentTestSyn '2' {"hostname": "eda-2.EECS.Berkeley.EDU", "processid": 2051348, "history": "ExplorerRun.0", "testname": "final_project_sampler2_test_1", "cornername": "Nominal", "point": 1, "logfile": "/scratch/eecs251b-aaz/sp24-project-usb2-generator/cadence/logs_eecs251b-aaz/logs0/Job2.log"}
[2024-04-17 14:57:54.644 -0700] [PROCESS] [cadence.virtuoso.ade.simulationMonitor] - Stay with the runId '0', Linger time '300', currentRunSyn '1', currentTestSyn '2' {"hostname": "eda-2.EECS.Berkeley.EDU", "processid": 2051348, "history": "ExplorerRun.0", "testname": "final_project_sampler2_test_1", "cornername": "Nominal", "point": 1, "logfile": "/scratch/eecs251b-aaz/sp24-project-usb2-generator/cadence/logs_eecs251b-aaz/logs0/Job2.log"}
[2024-04-17 15:02:51.427 -0700] [PROCESS] [cadence.virtuoso.ade.simulationMonitor] - Current memory used: 55.5039 MBytes, peak memory used: 55.5039 MBytes {"hostname": "eda-2.EECS.Berkeley.EDU", "processid": 2051348, "history": "ExplorerRun.0", "testname": "final_project_sampler2_test_1", "cornername": "Nominal", "point": 1, "logfile": "/scratch/eecs251b-aaz/sp24-project-usb2-generator/cadence/logs_eecs251b-aaz/logs0/Job2.log"}
[2024-04-17 15:02:51.428 -0700] [PROCESS] [cadence.virtuoso.ade.simulationMonitor] - Simulation Monitor process exit. {"hostname": "eda-2.EECS.Berkeley.EDU", "processid": 2051348, "history": "ExplorerRun.0", "testname": "final_project_sampler2_test_1", "cornername": "Nominal", "point": 1, "logfile": "/scratch/eecs251b-aaz/sp24-project-usb2-generator/cadence/logs_eecs251b-aaz/logs0/Job2.log"}
