\# Program start time:     UTC 2024.04.17 21:51:24.755
\# Local time: PDT (UTC-07:00) 2024.04.17 14:51:24.755
\o Program:		@(#)$CDS: virtuoso version 6.1.8-64b 01/30/2024 20:11 (cpgbld02) $
\o Hierarchy:		/share/instsww/cadence/IC.06.18.350/tools.lnx86/dfII/
\o Sub version:		sub-version  IC6.1.8-64b.500.35  (64-bit addresses)
\# Command line:	/share/instsww/cadence/IC618/tools.lnx86/dfII/bin/64bit/virtuoso -beanhost eda-2.EECS.Berkeley.EDU -beanport 11300 -beanbinlog  -beanLogFile /scratch/eecs251b-aaz/sp24-project-usb2-generator/cadence/logs_eecs251b-aaz/logs0/amps_Service1.log -mpssession virtuoso1838019 -mpshost eda-2.EECS.Berkeley.EDU -davinciService DaVinciService_1838019_1713390681 -axlSession fnxSession0 -axlServiceIdFlag 1 -uuid 2671eecc-aaba-4ad7-9d0e-1ec23e9e4b36 -heartbeat /dev/shm/swift-heartbeat.SJjABbSYWe -log /scratch/eecs251b-aaz/sp24-project-usb2-generator/cadence/logs_eecs251b-aaz/logs0/Service1.log -noautostart -nographE -lscs 000175E1894CBE06FF0966E38F1FFC06BC4D37A5DB18CD648E7835E0AF3EB9438E6324CEAF2D9F67D0227DAAD243CD32C87766E3A12FFC06BC4D00C3CB45B85CDA6D00001E4F -interactive -offlineExprEval -fenixMode explorer -heartbeatTimeout  -lingerTimeout 300 -pointlifetime -1
\# Host name (type):	eda-2.EECS.Berkeley.EDU (x86_64)
\# Operating system:	Linux 4.18.0-513.18.1.el8_9.x86_64 #1 SMP Thu Feb 1 03:51:05 EST 2024
\# Linux /etc/issue:	\S
\# Linux /etc/issue:	Kernel \r on an \m
\# X display name (WxH):	:6176 (1024x868)
\# Available geometry:			TL(0:0) BR(1023:867)
\# X server:			The X.Org Foundation
\# Depth of Visual (Root):	24 (24)
\# Number of Planes Used:	24
\# X version:		11.0 (vendor release 12011000)
\# X resource pool:	base 0x400000, mask 0x1fffff (2097151), shift 0
\# 			current id 0x0, current max 0x1ffffa (2097146)
\# Max data seg size:	     unlimited
\# Max process size:	     unlimited
\# Initial sbrk value:	        644 MB
\# Available memory:	    475,628 MB
\# System memory:	    532,057 MB
\# Maximum memory size:	    531,533 MB
\# Max mem available:	    475,748 MB
\# Initial memory used:	        120 MB
\#        process size:	      1,717 MB
\# Thread usage limits (effective/default):	maxthreads 1996922/1996922 maxload 64.00/64.00
\# Qt version:		5.9.1
\# Window Manager:	other
\# User Name:		eecs251b-aaz
\o Working Directory:	eda-2.EECS.Berkeley.EDU:/scratch/eecs251b-aaz/sp24-project-usb2-generator/cadence
\# Process Id:		2028178
\o 
\o COPYRIGHT (C) 1992-2024  CADENCE DESIGN SYSTEMS INC.  ALL RIGHTS RESERVED.
\o           (C) 1992-2024  UNIX SYSTEMS Laboratories INC.,
\o                          Reproduced with permission.
\o 
\o This Cadence Design Systems program and online documentation are
\o proprietary/confidential information and may be disclosed/used only
\o as authorized in a license agreement controlling such use and disclosure.
\o 
\o           RESTRICTED RIGHTS NOTICE (SHORT FORM)
\o Use/reproduction/disclosure is subject to restriction
\o set forth at FAR 1252.227-19 or its equivalent.
\o Loading geView.cxt 
\o Loading menuBuilder.cxt 
\o Loading schView.cxt 
\o Loading selectSv.cxt 
\o Loading pegasusui.cxt
\o Loading wireEdit.cxt 
\o Loading pte2.cxt 
\o Loading xlUI.cxt 
\o Loading auCore.cxt 
\o Loading vhdl.cxt 
\o Loading seismic.cxt 
\o Loading ci.cxt 
\o Loading ams.cxt 
\o Loading oasis.cxt 
\o Loading analog.cxt 
\o Loading asimenv.cxt 
\o Loading dal.cxt 
\o Loading awv.cxt 
\o Loading socket.cxt 
\o Loading par.cxt 
\o Loading alvs.cxt 
\o Loading caa.cxt 
\o Loading amps.cxt 
\o Loading adexlCore.cxt 
\# Memory report: using         250 MB, process size 1,993 MB at UTC 2024.04.17 21:51:37.165
\o Loading adexl.cxt 
\o *Info*    Exporting services from client ... 
\o 
\o Loading adexlDM.cxt 
\o Loading cpf.cxt 
\o Loading cli.cxt 
\o Loading lp.cxt 
\o INFO (ELI-00302) Connecting to parent process (session=virtuoso1838019, host=eda-2.EECS.Berkeley.EDU). Connection mode is LSCS. Total timeout is 180 seconds. Connection timeout is 90 seconds.
\o INFO (ELI-00303) Step 1: Connecting to parent. Time spent is 0 seconds.
\o INFO (ELI-00304) The registration of the child 2028178 within 90 seconds is being processed...
\o INFO (ELI-00305) The result of registration is true. Time spent is 0 seconds.
\o INFO (ELI-00308) The connection has ended. Result is true. Total time spent is 9 seconds.
\# [14:51:33.218505] Configured Lic search path (22.01-s002): 5280@license-srv.eecs.berkeley.edu
\p > 
\w *WARNING* could not load font "-*-courier-medium-r-*-*-12-*", using font "fixed"
\# Loading perfDiag...
\# (PerfDiag): Set GDB path to environment variable 'gdbPath' (gdb).
\# Performance Diagnostic tool is installed. You can access PerfDiag from CIW Tools or use the shell command 'cdsPerfDiag -p 2028178' to open it when Virtuoso freezes.
\# (PerfDiag): Use backtrace from GLIBC.
\i _axlRunServices()
\o Loading simui.cxt 
\o [2024-04-17 14:51:40.314 -0700] [PROCESS] [cadence.virtuoso.ade.services] - Netlist Service has successfully started. Waiting for incoming messages ... {"hostname": "eda-2.EECS.Berkeley.EDU", "processid": 2028178, "logfile": "/scratch/eecs251b-aaz/sp24-project-usb2-generator/cadence/logs_eecs251b-aaz/logs0/Service1.log"}
\# Available memory:        475,542 MB at UTC 2024.04.17 21:51:44.359
\# Memory report: Maximum memory size now 475,863 MB at UTC 2024.04.17 21:51:44.359
\# Thread usage report: 70 active threads, active load 1.40 at UTC 2024.04.17 21:51:44.359
\o Loading vdsil.cxt 
\# Lic Summary:
\# [14:56:43.282544] Cdslmd servers:5280@license-srv.eecs.berkeley.edu
\# [14:56:43.282592] Feature usage summary:
\# Memory report: on exit            322 MB, process size 2,137 MB at UTC 2024.04.17 21:56:43.807
\# Memory report: peak usage         322 MB, process size 2,137 MB
