\o Program:		@(#)$CDS: libManager version 6.1.8 - CAT37 01/17/2024 18:07 (csvcm36c-7) $
\o Sub version:		sub-version  s353 
\o Arguments:		-unmapped -mpssession virtuoso3341659 -mpshost eda-2.EECS.Berkeley.EDU 
\o Working Directory:	eda-2.EECS.Berkeley.EDU:/scratch/eecs251b-aaz/sp24-project-usb2-generator/cadence
\o 64-bit offsets
\o Qt version: 		5.9.1
\o MPS virtuoso types registered: 65
\o changeWorkingDir("/scratch/eecs251b-aaz/sp24-project-usb2-generator/cadence") unnecessary.
\o ddSetForcedLib("") unnecessary.
\o Log file is "/scratch/eecs251b-aaz/sp24-project-usb2-generator/cadence/libManager.log".
\o Opening libManager window.
\a nrSetWindowVisibility(cdsLibManager "show")
\o MPS service: map window
\o Library Manager customization server connected.
\a nrResizeWindow(cdsLibManager list(8 31 1440 829))
\a nrSetCurrentWindow(cdsLibManager)
\a nrResizeWindow(cdsLibManager list(8 31 1440 829))
\a cdsLibManager->libListBox->value = "final_project"
\a cdsLibManager->libLineEdit->value = "final_project"
\a cdsLibManager->cellListBox->value = "sampler4"
\a cdsLibManager->cellLineEdit->value = "sampler4"
\a cdsLibManager->viewListBox->value = "schematic"
\a cdsLibManager->viewLineEdit->value = "schematic"
\a cdsLibManager->viewListBox->value = nil
\a cdsLibManager->viewLineEdit->value = ""
\a cdsLibManager->viewListBox->value = "schematic"
\a cdsLibManager->viewLineEdit->value = "schematic"
\o MPS request: edit design
\a nrListItemAction(cdsLibManager->gdmXTView 1 0)
\a nrSetCurrentWindow(cdsLibManager)
\a cdsLibManager->libListBox->value = nil
\a cdsLibManager->libLineEdit->value = ""
\a cdsLibManager->cellListBox->value = nil
\a cdsLibManager->viewLineEdit->value = ""
\a cdsLibManager->viewListBox->value = nil
\a cdsLibManager->cellLineEdit->value = ""
\a cdsLibManager->libListBox->value = "final_project"
\a cdsLibManager->libLineEdit->value = "final_project"
\a cdsLibManager->cellListBox->value = "sampler4"
\a cdsLibManager->cellLineEdit->value = "sampler4"
\a cdsLibManager->viewListBox->value = "schematic"
\a cdsLibManager->viewLineEdit->value = "schematic"
\a cdsLibManager->viewLineEdit->value = ""
\a cdsLibManager->viewListBox->value = nil
\a cdsLibManager->viewListBox->value = "schematic"
\a cdsLibManager->viewLineEdit->value = "schematic"
\a nrSetCurrentWindow(cdsLibManager)
\a nrSetCurrentWindow(cdsLibManager)
\o MPS service: shutdown
\o libManager is exiting.
\a exit(0)
