===================
Spice In Log File
===================
Parameter file: /tmp/spiceInPv26784
Import Parameters:
	Netlist file name: /scratch/eecs251b-aaz/sp24-project-usb2-generator/cadence/sky130_fd_sc_hd__inv_4.spice
	Output library name: test
	Output View Type: schematic
	Schematic view name: schematic
	Netlist view name: netlist_tmp
	Reference Library List: sky130_fd_pr_main test 
	Top cell: top
	Device-mapping not enabled.
	Master Cell for Ground: gnd
	Schematic Generation parameter file: /tmp/schOpts_spiceInPv26784
	Simulator: spectre
	Output Simulator: spectre
	paramCaseValue: default
	Language: SPICE
Total number of files: 1.

Netlist File: /scratch/eecs251b-aaz/sp24-project-usb2-generator/cadence/sky130_fd_sc_hd__inv_4.spice.
Total number of Subckts: 1.
	Master Cellview Found in test::sky130_fd_sc_hd__inv_4::schematic
	Cellview found in output library and overwrite flag is not set, hence not importing
	Skipping import for subckt:'sky130_fd_sc_hd__inv_4'.
INFO (SPICEIN-54): Spice In successfully imported the netlist file '/scratch/eecs251b-aaz/sp24-project-usb2-generator/cadence/sky130_fd_sc_hd__inv_4.spice'. You may like to read the
log file 'spiceIn.log' for details.
