============================================================
  Generated by:           Genus(TM) Synthesis Solution 19.15-s090_1
  Generated on:           Apr 23 2024  06:35:36 pm
  Module:                 data_recovery
  Library domain:         ss_100C_1v60.setup_cond
    Domain index:         0
    Technology libraries: sky130_fd_sc_hd__ss_100C_1v60 1.0000000000
                          sky130_ef_io__gpiov2_pad_wrapped_ss_ss_100C_1v60_3v00 1.0
                          sky130_ef_io__vccd_lvc_clamped3_pad_ss_100C_1v60_3v00_3v00 1.0000000
                          sky130_ef_io__vccd_lvc_clamped_pad_ss_100C_1v60_3v00_3v00 1.0000000
                          sky130_ef_io__vdda_hvc_clamped_pad_ss_100C_1v60_3v00_3v00 1.0000000
                          sky130_ef_io__vddio_hvc_clamped_pad_ss_100C_1v60_3v00_3v00 1.0000000
                          sky130_ef_io__vssa_hvc_clamped_pad_ss_100C_1v60_3v00_3v00 1.0000000
                          sky130_ef_io__vssd_lvc_clamped3_pad_ss_100C_1v60_3v00 1.0
                          sky130_ef_io__vssd_lvc_clamped_pad_ss_100C_1v60_3v00 1.0
                          sky130_ef_io__vssio_hvc_clamped_pad_ss_100C_1v60_3v00_3v00 1.0000000
                          sky130_fd_io__top_gpiov2_ss_ss_100C_1v60_3v00 1.0
                          sky130_fd_io__top_ground_hvc_wpad_ss_100C_1v60_3v00_3v00 1.0000000
                          sky130_fd_io__top_ground_lvc_wpad_ss_100C_1v60_3v00 1.0
                          sky130_fd_io__top_power_hvc_wpad_ss_100C_1v60_3v00_3v00 1.0000000
                          sky130_fd_io__top_power_lvc_wpad_ss_100C_1v60_3v00_3v00 1.0000000
                          sky130_fd_io__top_xres4v2_ss_ss_100C_1v60_3v00 1.0
                          sram22_1024x32m8w8 1.0
                          sram22_64x32m4w32 1.0
                          sram22_1024x32m8w32 1.0
                          sram22_512x32m4w32 1.0
                          sram22_2048x32m8w8 1.0
                          sram22_512x32m4w8 1.0
                          sram22_4096x32m8w8 1.0
                          sram22_64x4m4w2 1.0
                          sram22_256x32m4w8 1.0
                          sram22_4096x8m8w8 1.0
                          sram22_64x32m4w8 1.0
                          sram22_64x24m4w24 1.0
                          sram22_512x64m4w8 1.0
  Operating conditions:   ss_100C_1v60 
  Interconnect mode:      global
  Area mode:              physical library
============================================================

            Instance                 Module       Cell Count  Cell Area  Net Area   Total Area 
-----------------------------------------------------------------------------------------------
data_recovery                                           1241  15701.309  4900.478    20601.787 
  fifo                          ad_fifo_N41              949   8737.130  3411.843    12148.973 
    cell_instance[39].cell_inst ad_fifo_cell_39           22    210.202    54.126      264.327 
      TC                        token_control_39          16    145.139    43.945      189.084 
    cell_instance[38].cell_inst ad_fifo_cell_38           22    210.202    54.126      264.327 
      TC                        token_control_38          16    145.139    43.945      189.084 
    cell_instance[37].cell_inst ad_fifo_cell_37           22    210.202    54.126      264.327 
      TC                        token_control_37          16    145.139    43.945      189.084 
    cell_instance[36].cell_inst ad_fifo_cell_36           22    210.202    54.126      264.327 
      TC                        token_control_36          16    145.139    43.945      189.084 
    cell_instance[35].cell_inst ad_fifo_cell_35           22    210.202    54.126      264.327 
      TC                        token_control_35          16    145.139    43.945      189.084 
    cell_instance[34].cell_inst ad_fifo_cell_34           22    210.202    54.126      264.327 
      TC                        token_control_34          16    145.139    43.945      189.084 
    cell_instance[33].cell_inst ad_fifo_cell_33           22    210.202    54.126      264.327 
      TC                        token_control_33          16    145.139    43.945      189.084 
    cell_instance[32].cell_inst ad_fifo_cell_32           22    210.202    54.126      264.327 
      TC                        token_control_32          16    145.139    43.945      189.084 
    cell_instance[31].cell_inst ad_fifo_cell_31           22    210.202    54.126      264.327 
      TC                        token_control_31          16    145.139    43.945      189.084 
    cell_instance[30].cell_inst ad_fifo_cell_30           22    210.202    54.126      264.327 
      TC                        token_control_30          16    145.139    43.945      189.084 
    cell_instance[29].cell_inst ad_fifo_cell_29           22    210.202    54.126      264.327 
      TC                        token_control_29          16    145.139    43.945      189.084 
    cell_instance[28].cell_inst ad_fifo_cell_28           22    210.202    54.126      264.327 
      TC                        token_control_28          16    145.139    43.945      189.084 
    cell_instance[27].cell_inst ad_fifo_cell_27           22    210.202    54.126      264.327 
      TC                        token_control_27          16    145.139    43.945      189.084 
    cell_instance[26].cell_inst ad_fifo_cell_26           22    210.202    54.126      264.327 
      TC                        token_control_26          16    145.139    43.945      189.084 
    cell_instance[25].cell_inst ad_fifo_cell_25           22    210.202    54.126      264.327 
      TC                        token_control_25          16    145.139    43.945      189.084 
    cell_instance[24].cell_inst ad_fifo_cell_24           22    210.202    54.126      264.327 
      TC                        token_control_24          16    145.139    43.945      189.084 
    cell_instance[23].cell_inst ad_fifo_cell_23           22    210.202    54.126      264.327 
      TC                        token_control_23          16    145.139    43.945      189.084 
    cell_instance[22].cell_inst ad_fifo_cell_22           22    210.202    54.126      264.327 
      TC                        token_control_22          16    145.139    43.945      189.084 
    cell_instance[21].cell_inst ad_fifo_cell_21           22    210.202    54.126      264.327 
      TC                        token_control_21          16    145.139    43.945      189.084 
    cell_instance[19].cell_inst ad_fifo_cell_19           22    210.202    54.126      264.327 
      TC                        token_control_19          16    145.139    43.945      189.084 
    cell_instance[18].cell_inst ad_fifo_cell_18           22    210.202    54.126      264.327 
      TC                        token_control_18          16    145.139    43.945      189.084 
    cell_instance[17].cell_inst ad_fifo_cell_17           22    210.202    54.126      264.327 
      TC                        token_control_17          16    145.139    43.945      189.084 
    cell_instance[16].cell_inst ad_fifo_cell_16           22    210.202    54.126      264.327 
      TC                        token_control_16          16    145.139    43.945      189.084 
    cell_instance[15].cell_inst ad_fifo_cell_15           22    210.202    54.126      264.327 
      TC                        token_control_15          16    145.139    43.945      189.084 
    cell_instance[14].cell_inst ad_fifo_cell_14           22    210.202    54.126      264.327 
      TC                        token_control_14          16    145.139    43.945      189.084 
    cell_instance[13].cell_inst ad_fifo_cell_13           22    210.202    54.126      264.327 
      TC                        token_control_13          16    145.139    43.945      189.084 
    cell_instance[12].cell_inst ad_fifo_cell_12           22    210.202    54.126      264.327 
      TC                        token_control_12          16    145.139    43.945      189.084 
    cell_instance[11].cell_inst ad_fifo_cell_11           22    210.202    54.126      264.327 
      TC                        token_control_11          16    145.139    43.945      189.084 
    cell_instance[10].cell_inst ad_fifo_cell_10           22    210.202    54.126      264.327 
      TC                        token_control_10          16    145.139    43.945      189.084 
    cell_instance[9].cell_inst  ad_fifo_cell_9            22    210.202    54.126      264.327 
      TC                        token_control_9           16    145.139    43.945      189.084 
    cell_instance[8].cell_inst  ad_fifo_cell_8            22    210.202    54.126      264.327 
      TC                        token_control_8           16    145.139    43.945      189.084 
    cell_instance[7].cell_inst  ad_fifo_cell_7            22    210.202    54.126      264.327 
      TC                        token_control_7           16    145.139    43.945      189.084 
    cell_instance[6].cell_inst  ad_fifo_cell_6            22    210.202    54.126      264.327 
      TC                        token_control_6           16    145.139    43.945      189.084 
    cell_instance[5].cell_inst  ad_fifo_cell_5            22    210.202    54.126      264.327 
      TC                        token_control_5           16    145.139    43.945      189.084 
    cell_instance[4].cell_inst  ad_fifo_cell_4            22    210.202    54.126      264.327 
      TC                        token_control_4           16    145.139    43.945      189.084 
    cell_instance[3].cell_inst  ad_fifo_cell_3            22    210.202    54.126      264.327 
      TC                        token_control_3           16    145.139    43.945      189.084 
    cell_instance[2].cell_inst  ad_fifo_cell_2            22    210.202    54.126      264.327 
      TC                        token_control_2           16    145.139    43.945      189.084 
    cell_instance[1].cell_inst  ad_fifo_cell_1            22    210.202    54.126      264.327 
      TC                        token_control_1           16    145.139    43.945      189.084 
    cell_instance[20].cell_inst ad_fifo_cell_20           22    205.197    54.126      259.323 
      TC                        token_control_20          16    140.134    43.945      184.079 
    cell_instance[0].cell_inst  ad_fifo_cell              23    206.448    49.079      255.527 
      TC                        token_control             15    133.878    38.898      172.776 
    cell_instance[40].cell_inst ad_fifo_cell_40           23    168.912    47.338      216.250 
      TC                        token_control_40          12     85.082    28.716      113.798 
  sampler                       sampler                  217   6247.242   719.474     6966.715 
    row1_delay                  inv_delay                 16    480.461    50.906      531.367 
    row0_delay                  inv_delay                 16    480.461    50.906      531.367 
    mux_delay9                  inv_delay                 16    480.461    50.906      531.367 
    mux_delay8                  inv_delay                 16    480.461    50.906      531.367 
    mux_delay7                  inv_delay                 16    480.461    50.906      531.367 
    mux_delay6                  inv_delay                 16    480.461    50.906      531.367 
    mux_delay5                  inv_delay                 16    480.461    50.906      531.367 
    mux_delay4                  inv_delay                 16    480.461    50.906      531.367 
    mux_delay3                  inv_delay                 16    480.461    50.906      531.367 
    mux_delay2                  inv_delay                 16    480.461    50.906      531.367 
    mux_delay1                  inv_delay                 16    480.461    50.906      531.367 
    mux_delay0                  inv_delay                 16    480.461    50.906      531.367 
  crd                           CRD                       75    716.938   326.757     1043.694 
