============================================================
  Generated by:           Genus(TM) Synthesis Solution 19.15-s090_1
  Generated on:           Apr 25 2024  07:51:20 pm
  Module:                 data_recovery
  Library domain:         ss_100C_1v60.setup_cond
    Domain index:         0
    Technology libraries: sky130_fd_sc_hd__ss_100C_1v60 1.0000000000
                          sky130_ef_io__gpiov2_pad_wrapped_ss_ss_100C_1v60_3v00 1.0
                          sky130_ef_io__vccd_lvc_clamped3_pad_ss_100C_1v60_3v00_3v00 1.0000000
                          sky130_ef_io__vccd_lvc_clamped_pad_ss_100C_1v60_3v00_3v00 1.0000000
                          sky130_ef_io__vdda_hvc_clamped_pad_ss_100C_1v60_3v00_3v00 1.0000000
                          sky130_ef_io__vddio_hvc_clamped_pad_ss_100C_1v60_3v00_3v00 1.0000000
                          sky130_ef_io__vssa_hvc_clamped_pad_ss_100C_1v60_3v00_3v00 1.0000000
                          sky130_ef_io__vssd_lvc_clamped3_pad_ss_100C_1v60_3v00 1.0
                          sky130_ef_io__vssd_lvc_clamped_pad_ss_100C_1v60_3v00 1.0
                          sky130_ef_io__vssio_hvc_clamped_pad_ss_100C_1v60_3v00_3v00 1.0000000
                          sky130_fd_io__top_gpiov2_ss_ss_100C_1v60_3v00 1.0
                          sky130_fd_io__top_ground_hvc_wpad_ss_100C_1v60_3v00_3v00 1.0000000
                          sky130_fd_io__top_ground_lvc_wpad_ss_100C_1v60_3v00 1.0
                          sky130_fd_io__top_power_hvc_wpad_ss_100C_1v60_3v00_3v00 1.0000000
                          sky130_fd_io__top_power_lvc_wpad_ss_100C_1v60_3v00_3v00 1.0000000
                          sky130_fd_io__top_xres4v2_ss_ss_100C_1v60_3v00 1.0
                          sram22_1024x32m8w8 1.0
                          sram22_64x32m4w32 1.0
                          sram22_1024x32m8w32 1.0
                          sram22_512x32m4w32 1.0
                          sram22_2048x32m8w8 1.0
                          sram22_512x32m4w8 1.0
                          sram22_4096x32m8w8 1.0
                          sram22_64x4m4w2 1.0
                          sram22_256x32m4w8 1.0
                          sram22_4096x8m8w8 1.0
                          sram22_64x32m4w8 1.0
                          sram22_64x24m4w24 1.0
                          sram22_512x64m4w8 1.0
  Operating conditions:   ss_100C_1v60 
  Interconnect mode:      global
  Area mode:              physical library
============================================================

Timing
--------

     Analysis view        Clock   Period 
-----------------------------------------
ss_100C_1v60.setup_view clock_0   4160.0 
                        clock_1   4160.0 
                        clock_2   4160.0 
                        clock_3   4160.0 
                        clock_4   4160.0 
                        clock_5   4160.0 
                        clock_6   4160.0 
                        clock_7   4160.0 
                        clock_8   4160.0 
                        clock_9   4160.0 
                        clock_480 2080.0 


        Analysis                   Cost            Critical        Violating 
          View                    Group           Path Slack  TNS    Paths   
-----------------------------------------------------------------------------
ss_100C_1v60.setup_view cg_enable_group_clock_480       91.2  0.0          0 
                                          clock_0      934.1  0.0          0 
                                          clock_1   No paths  0.0          0 
                                          clock_2   No paths  0.0          0 
                                          clock_3   No paths  0.0          0 
                                          clock_4   No paths  0.0          0 
                                          clock_5      934.1  0.0          0 
                                          clock_6   No paths  0.0          0 
                                          clock_7   No paths  0.0          0 
                                          clock_8   No paths  0.0          0 
                                          clock_9   No paths  0.0          0 
                                        clock_480      129.3  0.0          0 
                                          default   No paths  0.0          0 
-----------------------------------------------------------------------------
Total                                                        -0.0          0 
                                                                             

Instance Count
--------------
Leaf Instance Count             1010 
Physical Instance count            0 
Sequential Instance Count        251 
Combinational Instance Count     759 
Hierarchical Instance Count       90 

Area
----
Cell Area                          10401.226
Physical Cell Area                 0.000
Total Cell Area (Cell+Physical)    10401.226
Net Area                           4111.563
Total Area (Cell+Physical+Net)     14512.789

Runtime                            0.0 seconds
Elapsed Runtime                    38 seconds
Genus peak memory usage            971.71 
Innovus peak memory usage          no_value 
Hostname                           eda-2.EECS.Berkeley.EDU
