[Simulation Monitor: 3]
[2024-04-17 15:04:18.787 -0700] [PROCESS] [cadence.virtuoso.ade.simulationMonitor] - Simulation Monitor has successfully started up. Trying to set up communication channels to other components ... {"hostname": "eda-2.EECS.Berkeley.EDU", "processid": 2073472, "logfile": "/scratch/eecs251b-aaz/sp24-project-usb2-generator/cadence/logs_eecs251b-aaz/logs0/Job3.log"}
[2024-04-17 15:04:18.789 -0700] [PROCESS] [cadence.virtuoso.ade.simulationMonitor] - Communication channels have been successfully set up. Start processing events ... {"hostname": "eda-2.EECS.Berkeley.EDU", "processid": 2073472, "logfile": "/scratch/eecs251b-aaz/sp24-project-usb2-generator/cadence/logs_eecs251b-aaz/logs0/Job3.log"}
[2024-04-17 15:04:18.789 -0700] [PROCESS] [cadence.virtuoso.ade.simulationMonitor] - Considering to start history {"hostname": "eda-2.EECS.Berkeley.EDU", "processid": 2073472, "history": "ExplorerRun.0", "logfile": "/scratch/eecs251b-aaz/sp24-project-usb2-generator/cadence/logs_eecs251b-aaz/logs0/Job3.log"}
[2024-04-17 15:04:18.797 -0700] [PROCESS] [cadence.virtuoso.ade.simulationMonitor] - HostInfo:
Host name (type):	eda-2.EECS.Berkeley.EDU (x86_64)
Operating system:	Linux 4.18.0-513.18.1.el8_9.x86_64 #1 SMP Thu Feb 1 03:51:05 EST 2024 {"hostname": "eda-2.EECS.Berkeley.EDU", "processid": 2073472, "history": "ExplorerRun.0", "logfile": "/scratch/eecs251b-aaz/sp24-project-usb2-generator/cadence/logs_eecs251b-aaz/logs0/Job3.log", "nodename": "eda-2.EECS.Berkeley.EDU", "domainname": "(none)", "machine": "x86_64", "sysname": "Linux", "release": "4.18.0-513.18.1.el8_9.x86_64", "version": "#1 SMP Thu Feb 1 03:51:05 EST 2024"}
[2024-04-17 15:04:18.798 -0700] [PROCESS] [cadence.virtuoso.ade.simulationMonitor] - UsageInfo:
pid=2073472
totalPhysicalMemory=487.586559GB,Used=95.206596GB,totalVirtualMemory=519.586555GB,Used=99.543896GB
Cpu: Cores=64, Load average:3.440000,3.750000,4.030000 {"hostname": "eda-2.EECS.Berkeley.EDU", "processid": 2073472, "history": "ExplorerRun.0", "logfile": "/scratch/eecs251b-aaz/sp24-project-usb2-generator/cadence/logs_eecs251b-aaz/logs0/Job3.log", "pid": "2073472", "totalPhysicalMemory": "487.586559", "physicalMemoryUsed": "95.206596", "totalVirtualMemory": "519.586555", "virtualMemoryUsed": "99.543896", "cpuCores": "64", "processes": "4363", "loadAverage1": "3.440000", "loadAverage5": "3.750000", "loadAverage15": "4.030000", "loadAverage1Percent": "0.053750"}
[2024-04-17 15:04:18.800 -0700] [EVENT] [cadence.virtuoso.ade.simulationMonitor] - NewPoint {"history": "ExplorerRun.0", "point": 1, "testname": "final_project_sampler2_test_1", "cornername": "Nominal", "event": "NewPoint", "EventSource": "Simulation Monitor", "HistoryName": "ExplorerRun.0", "logFile": "/scratch/eecs251b-aaz/sp24-project-usb2-generator/cadence/logs_eecs251b-aaz/logs0/Job3.log", "logFileSize": "2432"}
[2024-04-17 15:04:19.003 -0700] [EVENT] [cadence.virtuoso.ade.simulationMonitor] - NewPoint {"history": "ExplorerRun.0", "point": 1, "testname": "final_project_sampler2_test_1", "cornername": "Nominal", "event": "NewPoint", "EventSource": "spectre", "HistoryName": "ExplorerRun.0", "logFile": "/home/cc/eecs251b/sp24/class/eecs251b-aaz/simulation/final_project/sampler2_test/maestro/results/maestro/ExplorerRun.0/1/final_project_sampler2_test_1/psf/spectre.out", "logFileSize": "-1"}
[2024-04-17 15:04:19.032 -0700] [PROCESS] [cadence.virtuoso.ade.simulationMonitor] - Simulator launched {"hostname": "eda-2.EECS.Berkeley.EDU", "processid": 2073472, "history": "ExplorerRun.0", "testname": "final_project_sampler2_test_1", "cornername": "Nominal", "point": 1, "logfile": "/scratch/eecs251b-aaz/sp24-project-usb2-generator/cadence/logs_eecs251b-aaz/logs0/Job3.log", "simid": "1"}
[2024-04-17 15:04:19.037 -0700] [PROCESS] [cadence.virtuoso.ade.simulationMonitor] - Expression evaluator launched {"hostname": "eda-2.EECS.Berkeley.EDU", "processid": 2073472, "history": "ExplorerRun.0", "testname": "final_project_sampler2_test_1", "cornername": "Nominal", "point": 1, "logfile": "/scratch/eecs251b-aaz/sp24-project-usb2-generator/cadence/logs_eecs251b-aaz/logs0/Job3.log"}
[2024-04-17 15:04:19.444 -0700] [PROCESS] [cadence.virtuoso.ade.simulationMonitor] - Started Simulation {"hostname": "eda-2.EECS.Berkeley.EDU", "processid": 2073472, "history": "ExplorerRun.0", "testname": "final_project_sampler2_test_1", "cornername": "Nominal", "point": 1, "logfile": "/scratch/eecs251b-aaz/sp24-project-usb2-generator/cadence/logs_eecs251b-aaz/logs0/Job3.log", "event": "started", "task": "simulation"}
[2024-04-17 15:04:21.445 -0700] [INFO] [cadence.virtuoso.ade.simulationMonitor] - Peak resident memory used = 178 Mbytes. {"history": "ExplorerRun.0", "point": 1, "testname": "final_project_sampler2_test_1", "cornername": "Nominal"}
[2024-04-17 15:04:21.446 -0700] [INFO] [cadence.virtuoso.ade.simulationMonitor] - Peak resident memory used = 190 Mbytes. {"history": "ExplorerRun.0", "point": 1, "testname": "final_project_sampler2_test_1", "cornername": "Nominal"}
[2024-04-17 15:04:21.446 -0700] [INFO] [cadence.virtuoso.ade.simulationMonitor] - Notice from spectre during hierarchy flattening.
    The value 'psf' specified for the 'checklimitdest' option will no longer be supported in future releases. Use 'spectre -h' to see other recommended values for the 'checklimitdest' option. {"history": "ExplorerRun.0", "point": 1, "testname": "final_project_sampler2_test_1", "cornername": "Nominal"}
[2024-04-17 15:04:21.446 -0700] [INFO] [cadence.virtuoso.ade.simulationMonitor] - Peak resident memory used = 191 Mbytes. {"history": "ExplorerRun.0", "point": 1, "testname": "final_project_sampler2_test_1", "cornername": "Nominal"}
[2024-04-17 15:04:21.446 -0700] [INFO] [cadence.virtuoso.ade.simulationMonitor] - Notice from spectre during initial setup.
    Multithreading is disabled due to the size of the design being too small. {"history": "ExplorerRun.0", "point": 1, "testname": "final_project_sampler2_test_1", "cornername": "Nominal"}
[2024-04-17 15:04:21.451 -0700] [INFO] [cadence.virtuoso.ade.simulationMonitor] -               nodes 15 {"history": "ExplorerRun.0", "point": 1, "testname": "final_project_sampler2_test_1", "cornername": "Nominal"}
[2024-04-17 15:04:21.451 -0700] [INFO] [cadence.virtuoso.ade.simulationMonitor] - Notice from spectre during initial setup.
    APS enabled. {"history": "ExplorerRun.0", "point": 1, "testname": "final_project_sampler2_test_1", "cornername": "Nominal"}
[2024-04-17 15:04:21.451 -0700] [INFO] [cadence.virtuoso.ade.simulationMonitor] - Peak resident memory used = 194 Mbytes. {"history": "ExplorerRun.0", "point": 1, "testname": "final_project_sampler2_test_1", "cornername": "Nominal"}
[2024-04-17 15:04:21.451 -0700] [INFO] [cadence.virtuoso.ade.simulationMonitor] -    -   (APS) Multi-threading. The recommended number of threads is 1, consider adding +mt=1 on command line. {"history": "ExplorerRun.0", "point": 1, "testname": "final_project_sampler2_test_1", "cornername": "Nominal"}
[2024-04-17 15:04:21.452 -0700] [INFO] [cadence.virtuoso.ade.simulationMonitor] - Notice from spectre during IC analysis, during transient analysis `tran'.
    GminDC = 1 pS is large enough to noticeably affect the DC solution.
        dV(I8.a_592_47#) = 6.61163 mV
        Use the `gmin_check' option to eliminate or expand this report. {"history": "ExplorerRun.0", "point": 1, "testname": "final_project_sampler2_test_1", "cornername": "Nominal"}
[2024-04-17 15:04:21.452 -0700] [INFO] [cadence.virtuoso.ade.simulationMonitor] - Notice from spectre during transient analysis `tran'.
    Multithreading is disabled due to the size of the design being too small. {"history": "ExplorerRun.0", "point": 1, "testname": "final_project_sampler2_test_1", "cornername": "Nominal"}
[2024-04-17 15:04:26.955 -0700] [INFO] [cadence.virtuoso.ade.simulationMonitor] - Total time required for tran analysis `tran': CPU = 5.38392 s, elapsed = 5.45097 s, util. = 98.8%. {"history": "ExplorerRun.0", "point": 1, "testname": "final_project_sampler2_test_1", "cornername": "Nominal"}
[2024-04-17 15:04:26.956 -0700] [INFO] [cadence.virtuoso.ade.simulationMonitor] - Peak resident memory used = 213 Mbytes. {"history": "ExplorerRun.0", "point": 1, "testname": "final_project_sampler2_test_1", "cornername": "Nominal"}
[2024-04-17 15:04:26.956 -0700] [INFO] [cadence.virtuoso.ade.simulationMonitor] - Notice from spectre during DC analysis `dcOp'.
    GminDC = 1 pS is large enough to noticeably affect the DC solution.
        dV(I8.a_592_47#) = 6.61163 mV
        Use the `gmin_check' option to eliminate or expand this report.
    Bad pivoting is found during DC analysis. Option dc_pivot_check=yes is recommended for possible improvement of convergence. {"history": "ExplorerRun.0", "point": 1, "testname": "final_project_sampler2_test_1", "cornername": "Nominal"}
[2024-04-17 15:04:26.957 -0700] [INFO] [cadence.virtuoso.ade.simulationMonitor] - Total time required for dc analysis `dcOp': CPU = 7.728 ms, elapsed = 11.6889 ms, util. = 66.1%. {"history": "ExplorerRun.0", "point": 1, "testname": "final_project_sampler2_test_1", "cornername": "Nominal"}
[2024-04-17 15:04:26.957 -0700] [INFO] [cadence.virtuoso.ade.simulationMonitor] - Peak resident memory used = 213 Mbytes. {"history": "ExplorerRun.0", "point": 1, "testname": "final_project_sampler2_test_1", "cornername": "Nominal"}
[2024-04-17 15:04:26.958 -0700] [INFO] [cadence.virtuoso.ade.simulationMonitor] - Time used: CPU = 6.77 s, elapsed = 7.29 s, util. = 92.9%. {"history": "ExplorerRun.0", "point": 1, "testname": "final_project_sampler2_test_1", "cornername": "Nominal"}
[2024-04-17 15:04:26.958 -0700] [INFO] [cadence.virtuoso.ade.simulationMonitor] - Time spent in licensing: elapsed = 50.9 ms. {"history": "ExplorerRun.0", "point": 1, "testname": "final_project_sampler2_test_1", "cornername": "Nominal"}
[2024-04-17 15:04:26.959 -0700] [INFO] [cadence.virtuoso.ade.simulationMonitor] - Peak memory used = 215 Mbytes. {"history": "ExplorerRun.0", "point": 1, "testname": "final_project_sampler2_test_1", "cornername": "Nominal"}
[2024-04-17 15:04:26.963 -0700] [PROCESS] [cadence.virtuoso.ade.simulationMonitor] - Simulation started at: 3:04:19 PM, Wed Apr 17, 2024, ended at: 3:04:26 PM, Wed Apr 17, 2024, with elapsed time (wall clock): 7.29 s. {"history": "ExplorerRun.0", "point": 1, "testname": "final_project_sampler2_test_1", "cornername": "Nominal"}
[2024-04-17 15:04:26.964 -0700] [PROCESS] [cadence.virtuoso.ade.simulationMonitor] - spectre completes with 0 errors, 0 warnings, and 8 notices. {"history": "ExplorerRun.0", "point": 1, "testname": "final_project_sampler2_test_1", "cornername": "Nominal"}
[2024-04-17 15:04:26.965 -0700] [PROCESS] [cadence.virtuoso.ade.simulationMonitor] - Finished simulating for one point {"hostname": "eda-2.EECS.Berkeley.EDU", "processid": 2073472, "history": "ExplorerRun.0", "testname": "final_project_sampler2_test_1", "cornername": "Nominal", "point": 1, "logfile": "/scratch/eecs251b-aaz/sp24-project-usb2-generator/cadence/logs_eecs251b-aaz/logs0/Job3.log", "simid": "1"}
[2024-04-17 15:04:26.966 -0700] [PROCESS] [cadence.virtuoso.ade.simulationMonitor] - Simulator exited {"hostname": "eda-2.EECS.Berkeley.EDU", "processid": 2073472, "history": "ExplorerRun.0", "testname": "final_project_sampler2_test_1", "cornername": "Nominal", "point": 1, "logfile": "/scratch/eecs251b-aaz/sp24-project-usb2-generator/cadence/logs_eecs251b-aaz/logs0/Job3.log", "exitStatus": "0"}
[2024-04-17 15:04:26.967 -0700] [PROCESS] [cadence.virtuoso.ade.simulationMonitor] - Finished Simulation {"hostname": "eda-2.EECS.Berkeley.EDU", "processid": 2073472, "history": "ExplorerRun.0", "testname": "final_project_sampler2_test_1", "cornername": "Nominal", "point": 1, "logfile": "/scratch/eecs251b-aaz/sp24-project-usb2-generator/cadence/logs_eecs251b-aaz/logs0/Job3.log", "simid": "1"}
[2024-04-17 15:04:28.991 -0700] [PROCESS] [cadence.virtuoso.ade.simulationMonitor] - Point Finished {"hostname": "eda-2.EECS.Berkeley.EDU", "processid": 2073472, "history": "ExplorerRun.0", "testname": "final_project_sampler2_test_1", "cornername": "Nominal", "point": 1, "logfile": "/scratch/eecs251b-aaz/sp24-project-usb2-generator/cadence/logs_eecs251b-aaz/logs0/Job3.log"}
[2024-04-17 15:04:29.997 -0700] [PROCESS] [cadence.virtuoso.ade.simulationMonitor] - Stay with the runId '1', Linger time '300', currentRunSyn '3', currentTestSyn '4' {"hostname": "eda-2.EECS.Berkeley.EDU", "processid": 2073472, "history": "ExplorerRun.0", "testname": "final_project_sampler2_test_1", "cornername": "Nominal", "point": 1, "logfile": "/scratch/eecs251b-aaz/sp24-project-usb2-generator/cadence/logs_eecs251b-aaz/logs0/Job3.log"}
[2024-04-17 15:04:30.997 -0700] [PROCESS] [cadence.virtuoso.ade.simulationMonitor] - Stay with the runId '1', Linger time '300', currentRunSyn '3', currentTestSyn '4' {"hostname": "eda-2.EECS.Berkeley.EDU", "processid": 2073472, "history": "ExplorerRun.0", "testname": "final_project_sampler2_test_1", "cornername": "Nominal", "point": 1, "logfile": "/scratch/eecs251b-aaz/sp24-project-usb2-generator/cadence/logs_eecs251b-aaz/logs0/Job3.log"}
[2024-04-17 15:05:54.436 -0700] [INFO] [cadence.virtuoso.ade.simulationMonitor] - SimulationMonitor has terminated the vds process '2073510', reason: 'Force to stop the expression evalutor process because of new run' {"history": "ExplorerRun.0", "point": 1, "testname": "final_project_sampler2_test_1", "cornername": "Nominal"}
[2024-04-17 15:05:54.439 -0700] [PROCESS] [cadence.virtuoso.ade.simulationMonitor] - HostInfo:
Host name (type):	eda-2.EECS.Berkeley.EDU (x86_64)
Operating system:	Linux 4.18.0-513.18.1.el8_9.x86_64 #1 SMP Thu Feb 1 03:51:05 EST 2024 {"hostname": "eda-2.EECS.Berkeley.EDU", "processid": 2073472, "history": "ExplorerRun.0", "testname": "final_project_sampler2_test_1", "cornername": "Nominal", "point": 1, "logfile": "/scratch/eecs251b-aaz/sp24-project-usb2-generator/cadence/logs_eecs251b-aaz/logs0/Job3.log", "nodename": "eda-2.EECS.Berkeley.EDU", "domainname": "(none)", "machine": "x86_64", "sysname": "Linux", "release": "4.18.0-513.18.1.el8_9.x86_64", "version": "#1 SMP Thu Feb 1 03:51:05 EST 2024"}
[2024-04-17 15:05:54.439 -0700] [PROCESS] [cadence.virtuoso.ade.simulationMonitor] - UsageInfo:
pid=2073472
totalPhysicalMemory=487.586559GB,Used=95.116539GB,totalVirtualMemory=519.586555GB,Used=99.453838GB
Cpu: Cores=64, Load average:4.290000,4.010000,4.090000 {"hostname": "eda-2.EECS.Berkeley.EDU", "processid": 2073472, "history": "ExplorerRun.0", "testname": "final_project_sampler2_test_1", "cornername": "Nominal", "point": 1, "logfile": "/scratch/eecs251b-aaz/sp24-project-usb2-generator/cadence/logs_eecs251b-aaz/logs0/Job3.log", "pid": "2073472", "totalPhysicalMemory": "487.586559", "physicalMemoryUsed": "95.116539", "totalVirtualMemory": "519.586555", "virtualMemoryUsed": "99.453838", "cpuCores": "64", "processes": "4315", "loadAverage1": "4.290000", "loadAverage5": "4.010000", "loadAverage15": "4.090000", "loadAverage1Percent": "0.067031"}
[2024-04-17 15:05:54.442 -0700] [EVENT] [cadence.virtuoso.ade.simulationMonitor] - NewPoint {"history": "ExplorerRun.0", "point": 1, "testname": "final_project_sampler2_test_1", "cornername": "Nominal", "event": "NewPoint", "EventSource": "Simulation Monitor", "HistoryName": "ExplorerRun.0", "logFile": "/scratch/eecs251b-aaz/sp24-project-usb2-generator/cadence/logs_eecs251b-aaz/logs0/Job3.log", "logFileSize": "15027"}
[2024-04-17 15:05:54.646 -0700] [EVENT] [cadence.virtuoso.ade.simulationMonitor] - NewPoint {"history": "ExplorerRun.0", "point": 1, "testname": "final_project_sampler2_test_1", "cornername": "Nominal", "event": "NewPoint", "EventSource": "spectre", "HistoryName": "ExplorerRun.0", "logFile": "/home/cc/eecs251b/sp24/class/eecs251b-aaz/simulation/final_project/sampler2_test/maestro/results/maestro/ExplorerRun.0/1/final_project_sampler2_test_1/psf/spectre.out", "logFileSize": "-1"}
[2024-04-17 15:05:54.667 -0700] [PROCESS] [cadence.virtuoso.ade.simulationMonitor] - Simulator launched {"hostname": "eda-2.EECS.Berkeley.EDU", "processid": 2073472, "history": "ExplorerRun.0", "testname": "final_project_sampler2_test_1", "cornername": "Nominal", "point": 1, "logfile": "/scratch/eecs251b-aaz/sp24-project-usb2-generator/cadence/logs_eecs251b-aaz/logs0/Job3.log", "simid": "2"}
[2024-04-17 15:05:54.672 -0700] [PROCESS] [cadence.virtuoso.ade.simulationMonitor] - Expression evaluator launched {"hostname": "eda-2.EECS.Berkeley.EDU", "processid": 2073472, "history": "ExplorerRun.0", "testname": "final_project_sampler2_test_1", "cornername": "Nominal", "point": 1, "logfile": "/scratch/eecs251b-aaz/sp24-project-usb2-generator/cadence/logs_eecs251b-aaz/logs0/Job3.log"}
[2024-04-17 15:05:55.062 -0700] [PROCESS] [cadence.virtuoso.ade.simulationMonitor] - Started Simulation {"hostname": "eda-2.EECS.Berkeley.EDU", "processid": 2073472, "history": "ExplorerRun.0", "testname": "final_project_sampler2_test_1", "cornername": "Nominal", "point": 1, "logfile": "/scratch/eecs251b-aaz/sp24-project-usb2-generator/cadence/logs_eecs251b-aaz/logs0/Job3.log", "event": "started", "task": "simulation"}
[2024-04-17 15:05:57.063 -0700] [INFO] [cadence.virtuoso.ade.simulationMonitor] - Peak resident memory used = 181 Mbytes. {"history": "ExplorerRun.0", "point": 1, "testname": "final_project_sampler2_test_1", "cornername": "Nominal"}
[2024-04-17 15:05:57.064 -0700] [INFO] [cadence.virtuoso.ade.simulationMonitor] - Peak resident memory used = 192 Mbytes. {"history": "ExplorerRun.0", "point": 1, "testname": "final_project_sampler2_test_1", "cornername": "Nominal"}
[2024-04-17 15:05:57.064 -0700] [INFO] [cadence.virtuoso.ade.simulationMonitor] - Notice from spectre during hierarchy flattening.
    The value 'psf' specified for the 'checklimitdest' option will no longer be supported in future releases. Use 'spectre -h' to see other recommended values for the 'checklimitdest' option. {"history": "ExplorerRun.0", "point": 1, "testname": "final_project_sampler2_test_1", "cornername": "Nominal"}
[2024-04-17 15:05:57.065 -0700] [INFO] [cadence.virtuoso.ade.simulationMonitor] - Peak resident memory used = 193 Mbytes. {"history": "ExplorerRun.0", "point": 1, "testname": "final_project_sampler2_test_1", "cornername": "Nominal"}
[2024-04-17 15:05:57.065 -0700] [INFO] [cadence.virtuoso.ade.simulationMonitor] - Notice from spectre during initial setup.
    Multithreading is disabled due to the size of the design being too small. {"history": "ExplorerRun.0", "point": 1, "testname": "final_project_sampler2_test_1", "cornername": "Nominal"}
[2024-04-17 15:05:57.070 -0700] [INFO] [cadence.virtuoso.ade.simulationMonitor] -               nodes 15 {"history": "ExplorerRun.0", "point": 1, "testname": "final_project_sampler2_test_1", "cornername": "Nominal"}
[2024-04-17 15:05:57.070 -0700] [INFO] [cadence.virtuoso.ade.simulationMonitor] - Notice from spectre during initial setup.
    APS enabled. {"history": "ExplorerRun.0", "point": 1, "testname": "final_project_sampler2_test_1", "cornername": "Nominal"}
[2024-04-17 15:05:57.070 -0700] [INFO] [cadence.virtuoso.ade.simulationMonitor] - Peak resident memory used = 197 Mbytes. {"history": "ExplorerRun.0", "point": 1, "testname": "final_project_sampler2_test_1", "cornername": "Nominal"}
[2024-04-17 15:05:57.071 -0700] [INFO] [cadence.virtuoso.ade.simulationMonitor] -    -   (APS) Multi-threading. The recommended number of threads is 1, consider adding +mt=1 on command line. {"history": "ExplorerRun.0", "point": 1, "testname": "final_project_sampler2_test_1", "cornername": "Nominal"}
[2024-04-17 15:05:57.071 -0700] [INFO] [cadence.virtuoso.ade.simulationMonitor] - Notice from spectre during IC analysis, during transient analysis `tran'.
    GminDC = 1 pS is large enough to noticeably affect the DC solution.
        dV(I8.a_592_47#) = 6.61163 mV
        Use the `gmin_check' option to eliminate or expand this report. {"history": "ExplorerRun.0", "point": 1, "testname": "final_project_sampler2_test_1", "cornername": "Nominal"}
[2024-04-17 15:05:57.071 -0700] [INFO] [cadence.virtuoso.ade.simulationMonitor] - Notice from spectre during transient analysis `tran'.
    Multithreading is disabled due to the size of the design being too small. {"history": "ExplorerRun.0", "point": 1, "testname": "final_project_sampler2_test_1", "cornername": "Nominal"}
[2024-04-17 15:05:57.572 -0700] [INFO] [cadence.virtuoso.ade.simulationMonitor] - Total time required for tran analysis `tran': CPU = 583.664 ms, elapsed = 598.952 ms, util. = 97.4%. {"history": "ExplorerRun.0", "point": 1, "testname": "final_project_sampler2_test_1", "cornername": "Nominal"}
[2024-04-17 15:05:57.572 -0700] [INFO] [cadence.virtuoso.ade.simulationMonitor] - Peak resident memory used = 205 Mbytes. {"history": "ExplorerRun.0", "point": 1, "testname": "final_project_sampler2_test_1", "cornername": "Nominal"}
[2024-04-17 15:05:57.573 -0700] [INFO] [cadence.virtuoso.ade.simulationMonitor] - Notice from spectre during DC analysis `dcOp'.
    GminDC = 1 pS is large enough to noticeably affect the DC solution.
        dV(I8.a_592_47#) = 6.61163 mV
        Use the `gmin_check' option to eliminate or expand this report.
    Bad pivoting is found during DC analysis. Option dc_pivot_check=yes is recommended for possible improvement of convergence. {"history": "ExplorerRun.0", "point": 1, "testname": "final_project_sampler2_test_1", "cornername": "Nominal"}
[2024-04-17 15:05:57.573 -0700] [INFO] [cadence.virtuoso.ade.simulationMonitor] - Total time required for dc analysis `dcOp': CPU = 4.776 ms, elapsed = 8.15296 ms, util. = 58.6%. {"history": "ExplorerRun.0", "point": 1, "testname": "final_project_sampler2_test_1", "cornername": "Nominal"}
[2024-04-17 15:05:57.573 -0700] [INFO] [cadence.virtuoso.ade.simulationMonitor] - Peak resident memory used = 205 Mbytes. {"history": "ExplorerRun.0", "point": 1, "testname": "final_project_sampler2_test_1", "cornername": "Nominal"}
[2024-04-17 15:05:58.075 -0700] [INFO] [cadence.virtuoso.ade.simulationMonitor] - Time used: CPU = 1.89 s, elapsed = 2.51 s, util. = 75.3%. {"history": "ExplorerRun.0", "point": 1, "testname": "final_project_sampler2_test_1", "cornername": "Nominal"}
[2024-04-17 15:05:58.075 -0700] [INFO] [cadence.virtuoso.ade.simulationMonitor] - Time spent in licensing: elapsed = 447 ms, percentage of total = 17.8%. {"history": "ExplorerRun.0", "point": 1, "testname": "final_project_sampler2_test_1", "cornername": "Nominal"}
[2024-04-17 15:05:58.076 -0700] [INFO] [cadence.virtuoso.ade.simulationMonitor] - Peak memory used = 213 Mbytes. {"history": "ExplorerRun.0", "point": 1, "testname": "final_project_sampler2_test_1", "cornername": "Nominal"}
[2024-04-17 15:05:58.080 -0700] [PROCESS] [cadence.virtuoso.ade.simulationMonitor] - Simulation started at: 3:05:55 PM, Wed Apr 17, 2024, ended at: 3:05:57 PM, Wed Apr 17, 2024, with elapsed time (wall clock): 2.51 s. {"history": "ExplorerRun.0", "point": 1, "testname": "final_project_sampler2_test_1", "cornername": "Nominal"}
[2024-04-17 15:05:58.080 -0700] [PROCESS] [cadence.virtuoso.ade.simulationMonitor] - spectre completes with 0 errors, 0 warnings, and 8 notices. {"history": "ExplorerRun.0", "point": 1, "testname": "final_project_sampler2_test_1", "cornername": "Nominal"}
[2024-04-17 15:05:58.081 -0700] [PROCESS] [cadence.virtuoso.ade.simulationMonitor] - Finished simulating for one point {"hostname": "eda-2.EECS.Berkeley.EDU", "processid": 2073472, "history": "ExplorerRun.0", "testname": "final_project_sampler2_test_1", "cornername": "Nominal", "point": 1, "logfile": "/scratch/eecs251b-aaz/sp24-project-usb2-generator/cadence/logs_eecs251b-aaz/logs0/Job3.log", "simid": "2"}
[2024-04-17 15:05:58.081 -0700] [PROCESS] [cadence.virtuoso.ade.simulationMonitor] - Simulator exited {"hostname": "eda-2.EECS.Berkeley.EDU", "processid": 2073472, "history": "ExplorerRun.0", "testname": "final_project_sampler2_test_1", "cornername": "Nominal", "point": 1, "logfile": "/scratch/eecs251b-aaz/sp24-project-usb2-generator/cadence/logs_eecs251b-aaz/logs0/Job3.log", "exitStatus": "0"}
[2024-04-17 15:05:58.082 -0700] [PROCESS] [cadence.virtuoso.ade.simulationMonitor] - Finished Simulation {"hostname": "eda-2.EECS.Berkeley.EDU", "processid": 2073472, "history": "ExplorerRun.0", "testname": "final_project_sampler2_test_1", "cornername": "Nominal", "point": 1, "logfile": "/scratch/eecs251b-aaz/sp24-project-usb2-generator/cadence/logs_eecs251b-aaz/logs0/Job3.log", "simid": "2"}
[2024-04-17 15:06:02.602 -0700] [PROCESS] [cadence.virtuoso.ade.simulationMonitor] - Point Finished {"hostname": "eda-2.EECS.Berkeley.EDU", "processid": 2073472, "history": "ExplorerRun.0", "testname": "final_project_sampler2_test_1", "cornername": "Nominal", "point": 1, "logfile": "/scratch/eecs251b-aaz/sp24-project-usb2-generator/cadence/logs_eecs251b-aaz/logs0/Job3.log"}
[2024-04-17 15:06:03.609 -0700] [PROCESS] [cadence.virtuoso.ade.simulationMonitor] - Stay with the runId '2', Linger time '300', currentRunSyn '5', currentTestSyn '6' {"hostname": "eda-2.EECS.Berkeley.EDU", "processid": 2073472, "history": "ExplorerRun.0", "testname": "final_project_sampler2_test_1", "cornername": "Nominal", "point": 1, "logfile": "/scratch/eecs251b-aaz/sp24-project-usb2-generator/cadence/logs_eecs251b-aaz/logs0/Job3.log"}
[2024-04-17 15:10:42.194 -0700] [INFO] [cadence.virtuoso.ade.simulationMonitor] - SimulationMonitor has terminated the vds process '2079522', reason: 'Force to stop the expression evalutor process because of new run' {"history": "ExplorerRun.0", "point": 1, "testname": "final_project_sampler2_test_1", "cornername": "Nominal"}
[2024-04-17 15:10:42.197 -0700] [PROCESS] [cadence.virtuoso.ade.simulationMonitor] - HostInfo:
Host name (type):	eda-2.EECS.Berkeley.EDU (x86_64)
Operating system:	Linux 4.18.0-513.18.1.el8_9.x86_64 #1 SMP Thu Feb 1 03:51:05 EST 2024 {"hostname": "eda-2.EECS.Berkeley.EDU", "processid": 2073472, "history": "ExplorerRun.0", "testname": "final_project_sampler2_test_1", "cornername": "Nominal", "point": 1, "logfile": "/scratch/eecs251b-aaz/sp24-project-usb2-generator/cadence/logs_eecs251b-aaz/logs0/Job3.log", "nodename": "eda-2.EECS.Berkeley.EDU", "domainname": "(none)", "machine": "x86_64", "sysname": "Linux", "release": "4.18.0-513.18.1.el8_9.x86_64", "version": "#1 SMP Thu Feb 1 03:51:05 EST 2024"}
[2024-04-17 15:10:42.197 -0700] [PROCESS] [cadence.virtuoso.ade.simulationMonitor] - UsageInfo:
pid=2073472
totalPhysicalMemory=487.586559GB,Used=95.833839GB,totalVirtualMemory=519.586555GB,Used=100.171139GB
Cpu: Cores=64, Load average:5.630000,4.200000,4.120000 {"hostname": "eda-2.EECS.Berkeley.EDU", "processid": 2073472, "history": "ExplorerRun.0", "testname": "final_project_sampler2_test_1", "cornername": "Nominal", "point": 1, "logfile": "/scratch/eecs251b-aaz/sp24-project-usb2-generator/cadence/logs_eecs251b-aaz/logs0/Job3.log", "pid": "2073472", "totalPhysicalMemory": "487.586559", "physicalMemoryUsed": "95.833839", "totalVirtualMemory": "519.586555", "virtualMemoryUsed": "100.171139", "cpuCores": "64", "processes": "4361", "loadAverage1": "5.630000", "loadAverage5": "4.200000", "loadAverage15": "4.120000", "loadAverage1Percent": "0.087969"}
[2024-04-17 15:10:42.200 -0700] [EVENT] [cadence.virtuoso.ade.simulationMonitor] - NewPoint {"history": "ExplorerRun.0", "point": 1, "testname": "final_project_sampler2_test_1", "cornername": "Nominal", "event": "NewPoint", "EventSource": "Simulation Monitor", "HistoryName": "ExplorerRun.0", "logFile": "/scratch/eecs251b-aaz/sp24-project-usb2-generator/cadence/logs_eecs251b-aaz/logs0/Job3.log", "logFileSize": "27211"}
[2024-04-17 15:10:42.404 -0700] [EVENT] [cadence.virtuoso.ade.simulationMonitor] - NewPoint {"history": "ExplorerRun.0", "point": 1, "testname": "final_project_sampler2_test_1", "cornername": "Nominal", "event": "NewPoint", "EventSource": "spectre", "HistoryName": "ExplorerRun.0", "logFile": "/home/cc/eecs251b/sp24/class/eecs251b-aaz/simulation/final_project/sampler2_test/maestro/results/maestro/ExplorerRun.0/1/final_project_sampler2_test_1/psf/spectre.out", "logFileSize": "-1"}
[2024-04-17 15:10:42.433 -0700] [PROCESS] [cadence.virtuoso.ade.simulationMonitor] - Simulator launched {"hostname": "eda-2.EECS.Berkeley.EDU", "processid": 2073472, "history": "ExplorerRun.0", "testname": "final_project_sampler2_test_1", "cornername": "Nominal", "point": 1, "logfile": "/scratch/eecs251b-aaz/sp24-project-usb2-generator/cadence/logs_eecs251b-aaz/logs0/Job3.log", "simid": "3"}
[2024-04-17 15:10:42.441 -0700] [PROCESS] [cadence.virtuoso.ade.simulationMonitor] - Expression evaluator launched {"hostname": "eda-2.EECS.Berkeley.EDU", "processid": 2073472, "history": "ExplorerRun.0", "testname": "final_project_sampler2_test_1", "cornername": "Nominal", "point": 1, "logfile": "/scratch/eecs251b-aaz/sp24-project-usb2-generator/cadence/logs_eecs251b-aaz/logs0/Job3.log"}
[2024-04-17 15:10:42.845 -0700] [PROCESS] [cadence.virtuoso.ade.simulationMonitor] - Started Simulation {"hostname": "eda-2.EECS.Berkeley.EDU", "processid": 2073472, "history": "ExplorerRun.0", "testname": "final_project_sampler2_test_1", "cornername": "Nominal", "point": 1, "logfile": "/scratch/eecs251b-aaz/sp24-project-usb2-generator/cadence/logs_eecs251b-aaz/logs0/Job3.log", "event": "started", "task": "simulation"}
[2024-04-17 15:10:44.847 -0700] [INFO] [cadence.virtuoso.ade.simulationMonitor] - Peak resident memory used = 180 Mbytes. {"history": "ExplorerRun.0", "point": 1, "testname": "final_project_sampler2_test_1", "cornername": "Nominal"}
[2024-04-17 15:10:44.847 -0700] [INFO] [cadence.virtuoso.ade.simulationMonitor] - Peak resident memory used = 192 Mbytes. {"history": "ExplorerRun.0", "point": 1, "testname": "final_project_sampler2_test_1", "cornername": "Nominal"}
[2024-04-17 15:10:44.848 -0700] [INFO] [cadence.virtuoso.ade.simulationMonitor] - Notice from spectre during hierarchy flattening.
    The value 'psf' specified for the 'checklimitdest' option will no longer be supported in future releases. Use 'spectre -h' to see other recommended values for the 'checklimitdest' option. {"history": "ExplorerRun.0", "point": 1, "testname": "final_project_sampler2_test_1", "cornername": "Nominal"}
[2024-04-17 15:10:44.848 -0700] [INFO] [cadence.virtuoso.ade.simulationMonitor] - Peak resident memory used = 194 Mbytes. {"history": "ExplorerRun.0", "point": 1, "testname": "final_project_sampler2_test_1", "cornername": "Nominal"}
[2024-04-17 15:10:44.848 -0700] [INFO] [cadence.virtuoso.ade.simulationMonitor] - Notice from spectre during initial setup.
    Multithreading is disabled due to the size of the design being too small. {"history": "ExplorerRun.0", "point": 1, "testname": "final_project_sampler2_test_1", "cornername": "Nominal"}
[2024-04-17 15:10:44.854 -0700] [INFO] [cadence.virtuoso.ade.simulationMonitor] -               nodes 15 {"history": "ExplorerRun.0", "point": 1, "testname": "final_project_sampler2_test_1", "cornername": "Nominal"}
[2024-04-17 15:10:44.854 -0700] [INFO] [cadence.virtuoso.ade.simulationMonitor] - Notice from spectre during initial setup.
    APS enabled. {"history": "ExplorerRun.0", "point": 1, "testname": "final_project_sampler2_test_1", "cornername": "Nominal"}
[2024-04-17 15:10:44.854 -0700] [INFO] [cadence.virtuoso.ade.simulationMonitor] - Peak resident memory used = 196 Mbytes. {"history": "ExplorerRun.0", "point": 1, "testname": "final_project_sampler2_test_1", "cornername": "Nominal"}
[2024-04-17 15:10:44.854 -0700] [INFO] [cadence.virtuoso.ade.simulationMonitor] -    -   (APS) Multi-threading. The recommended number of threads is 1, consider adding +mt=1 on command line. {"history": "ExplorerRun.0", "point": 1, "testname": "final_project_sampler2_test_1", "cornername": "Nominal"}
[2024-04-17 15:10:44.855 -0700] [INFO] [cadence.virtuoso.ade.simulationMonitor] - Notice from spectre during IC analysis, during transient analysis `tran'.
    GminDC = 1 pS is large enough to noticeably affect the DC solution.
        dV(I8.a_975_413#) = 27.8787 mV
        Use the `gmin_check' option to eliminate or expand this report. {"history": "ExplorerRun.0", "point": 1, "testname": "final_project_sampler2_test_1", "cornername": "Nominal"}
[2024-04-17 15:10:44.855 -0700] [INFO] [cadence.virtuoso.ade.simulationMonitor] - Notice from spectre during transient analysis `tran'.
    Multithreading is disabled due to the size of the design being too small. {"history": "ExplorerRun.0", "point": 1, "testname": "final_project_sampler2_test_1", "cornername": "Nominal"}
[2024-04-17 15:10:45.356 -0700] [INFO] [cadence.virtuoso.ade.simulationMonitor] - Total time required for tran analysis `tran': CPU = 620.641 ms, elapsed = 636.956 ms, util. = 97.4%. {"history": "ExplorerRun.0", "point": 1, "testname": "final_project_sampler2_test_1", "cornername": "Nominal"}
[2024-04-17 15:10:45.357 -0700] [INFO] [cadence.virtuoso.ade.simulationMonitor] - Peak resident memory used = 205 Mbytes. {"history": "ExplorerRun.0", "point": 1, "testname": "final_project_sampler2_test_1", "cornername": "Nominal"}
[2024-04-17 15:10:45.357 -0700] [INFO] [cadence.virtuoso.ade.simulationMonitor] - Notice from spectre during DC analysis `dcOp'.
    GminDC = 1 pS is large enough to noticeably affect the DC solution.
        dV(I8.a_975_413#) = 27.8787 mV
        Use the `gmin_check' option to eliminate or expand this report.
    Bad pivoting is found during DC analysis. Option dc_pivot_check=yes is recommended for possible improvement of convergence. {"history": "ExplorerRun.0", "point": 1, "testname": "final_project_sampler2_test_1", "cornername": "Nominal"}
[2024-04-17 15:10:45.357 -0700] [INFO] [cadence.virtuoso.ade.simulationMonitor] - Total time required for dc analysis `dcOp': CPU = 4.683 ms, elapsed = 8.20899 ms, util. = 57%. {"history": "ExplorerRun.0", "point": 1, "testname": "final_project_sampler2_test_1", "cornername": "Nominal"}
[2024-04-17 15:10:45.358 -0700] [INFO] [cadence.virtuoso.ade.simulationMonitor] - Peak resident memory used = 205 Mbytes. {"history": "ExplorerRun.0", "point": 1, "testname": "final_project_sampler2_test_1", "cornername": "Nominal"}
[2024-04-17 15:10:45.358 -0700] [INFO] [cadence.virtuoso.ade.simulationMonitor] - Time used: CPU = 1.95 s, elapsed = 2.4 s, util. = 81.3%. {"history": "ExplorerRun.0", "point": 1, "testname": "final_project_sampler2_test_1", "cornername": "Nominal"}
[2024-04-17 15:10:45.358 -0700] [INFO] [cadence.virtuoso.ade.simulationMonitor] - Time spent in licensing: elapsed = 61.8 ms. {"history": "ExplorerRun.0", "point": 1, "testname": "final_project_sampler2_test_1", "cornername": "Nominal"}
[2024-04-17 15:10:45.360 -0700] [INFO] [cadence.virtuoso.ade.simulationMonitor] - Peak memory used = 213 Mbytes. {"history": "ExplorerRun.0", "point": 1, "testname": "final_project_sampler2_test_1", "cornername": "Nominal"}
[2024-04-17 15:10:45.363 -0700] [PROCESS] [cadence.virtuoso.ade.simulationMonitor] - Simulation started at: 3:10:42 PM, Wed Apr 17, 2024, ended at: 3:10:45 PM, Wed Apr 17, 2024, with elapsed time (wall clock): 2.4 s. {"history": "ExplorerRun.0", "point": 1, "testname": "final_project_sampler2_test_1", "cornername": "Nominal"}
[2024-04-17 15:10:45.364 -0700] [PROCESS] [cadence.virtuoso.ade.simulationMonitor] - spectre completes with 0 errors, 0 warnings, and 8 notices. {"history": "ExplorerRun.0", "point": 1, "testname": "final_project_sampler2_test_1", "cornername": "Nominal"}
[2024-04-17 15:10:45.364 -0700] [PROCESS] [cadence.virtuoso.ade.simulationMonitor] - Finished simulating for one point {"hostname": "eda-2.EECS.Berkeley.EDU", "processid": 2073472, "history": "ExplorerRun.0", "testname": "final_project_sampler2_test_1", "cornername": "Nominal", "point": 1, "logfile": "/scratch/eecs251b-aaz/sp24-project-usb2-generator/cadence/logs_eecs251b-aaz/logs0/Job3.log", "simid": "3"}
[2024-04-17 15:10:45.364 -0700] [PROCESS] [cadence.virtuoso.ade.simulationMonitor] - Simulator exited {"hostname": "eda-2.EECS.Berkeley.EDU", "processid": 2073472, "history": "ExplorerRun.0", "testname": "final_project_sampler2_test_1", "cornername": "Nominal", "point": 1, "logfile": "/scratch/eecs251b-aaz/sp24-project-usb2-generator/cadence/logs_eecs251b-aaz/logs0/Job3.log", "exitStatus": "0"}
[2024-04-17 15:10:45.365 -0700] [PROCESS] [cadence.virtuoso.ade.simulationMonitor] - Finished Simulation {"hostname": "eda-2.EECS.Berkeley.EDU", "processid": 2073472, "history": "ExplorerRun.0", "testname": "final_project_sampler2_test_1", "cornername": "Nominal", "point": 1, "logfile": "/scratch/eecs251b-aaz/sp24-project-usb2-generator/cadence/logs_eecs251b-aaz/logs0/Job3.log", "simid": "3"}
[2024-04-17 15:10:50.387 -0700] [PROCESS] [cadence.virtuoso.ade.simulationMonitor] - Point Finished {"hostname": "eda-2.EECS.Berkeley.EDU", "processid": 2073472, "history": "ExplorerRun.0", "testname": "final_project_sampler2_test_1", "cornername": "Nominal", "point": 1, "logfile": "/scratch/eecs251b-aaz/sp24-project-usb2-generator/cadence/logs_eecs251b-aaz/logs0/Job3.log"}
[2024-04-17 15:10:51.392 -0700] [PROCESS] [cadence.virtuoso.ade.simulationMonitor] - Stay with the runId '3', Linger time '300', currentRunSyn '7', currentTestSyn '8' {"hostname": "eda-2.EECS.Berkeley.EDU", "processid": 2073472, "history": "ExplorerRun.0", "testname": "final_project_sampler2_test_1", "cornername": "Nominal", "point": 1, "logfile": "/scratch/eecs251b-aaz/sp24-project-usb2-generator/cadence/logs_eecs251b-aaz/logs0/Job3.log"}
[2024-04-17 15:10:52.394 -0700] [PROCESS] [cadence.virtuoso.ade.simulationMonitor] - Stay with the runId '3', Linger time '300', currentRunSyn '7', currentTestSyn '8' {"hostname": "eda-2.EECS.Berkeley.EDU", "processid": 2073472, "history": "ExplorerRun.0", "testname": "final_project_sampler2_test_1", "cornername": "Nominal", "point": 1, "logfile": "/scratch/eecs251b-aaz/sp24-project-usb2-generator/cadence/logs_eecs251b-aaz/logs0/Job3.log"}
[2024-04-17 15:15:51.505 -0700] [PROCESS] [cadence.virtuoso.ade.simulationMonitor] - Current memory used: 54.9141 MBytes, peak memory used: 54.9141 MBytes {"hostname": "eda-2.EECS.Berkeley.EDU", "processid": 2073472, "history": "ExplorerRun.0", "testname": "final_project_sampler2_test_1", "cornername": "Nominal", "point": 1, "logfile": "/scratch/eecs251b-aaz/sp24-project-usb2-generator/cadence/logs_eecs251b-aaz/logs0/Job3.log"}
[2024-04-17 15:15:51.505 -0700] [PROCESS] [cadence.virtuoso.ade.simulationMonitor] - Simulation Monitor process exit. {"hostname": "eda-2.EECS.Berkeley.EDU", "processid": 2073472, "history": "ExplorerRun.0", "testname": "final_project_sampler2_test_1", "cornername": "Nominal", "point": 1, "logfile": "/scratch/eecs251b-aaz/sp24-project-usb2-generator/cadence/logs_eecs251b-aaz/logs0/Job3.log"}
