[ADE GUI: 98531233-44ac-4893-9ab3-35329345ae4b]
[2024-04-17 14:51:21.999 -0700] [PROCESS] [cadence.virtuoso.ade.gui] - /scratch/eecs251b-aaz/sp24-project-usb2-generator/cadence/.tmp_eecs251b-aaz/.cmddir0/swiftLoggingService0 is starting {"logfile": "/scratch/eecs251b-aaz/sp24-project-usb2-generator/cadence/logs_eecs251b-aaz/logs0/LoggingService0.log"}
[2024-04-17 14:51:22.113 -0700] [PROCESS] [cadence.virtuoso.ade.gui] - /scratch/eecs251b-aaz/sp24-project-usb2-generator/cadence/.tmp_eecs251b-aaz/.cmddir0/swiftNetlistService1 is starting {"logfile": "/scratch/eecs251b-aaz/sp24-project-usb2-generator/cadence/logs_eecs251b-aaz/logs0/Service1.log"}
[2024-04-17 14:51:22.114 -0700] [PROCESS] [cadence.virtuoso.ade.gui] - Logging Service '2027933' is starting up on host 'eda-2.EECS.Berkeley.EDU' {"logfile": "/scratch/eecs251b-aaz/sp24-project-usb2-generator/cadence/logs_eecs251b-aaz/logs0/LoggingService0.log"}
[2024-04-17 14:51:32.832 -0700] [PROCESS] [cadence.virtuoso.ade.gui] - Netlist Service '2027950' is starting up on host 'eda-2.EECS.Berkeley.EDU' {"logfile": "/scratch/eecs251b-aaz/sp24-project-usb2-generator/cadence/logs_eecs251b-aaz/logs0/Service1.log"}
[2024-04-17 14:56:44.725 -0700] [PROCESS] [cadence.virtuoso.ade.gui] - Netlist Service '2027950' stopped with exit code '0' {"logfile": "/scratch/eecs251b-aaz/sp24-project-usb2-generator/cadence/logs_eecs251b-aaz/logs0/Service1.log"}
[2024-04-17 14:57:35.381 -0700] [EVENT] [cadence.virtuoso.ade.gui] - NewHistoryCreated {"history": "ExplorerRun.0", "event": "NewHistoryCreated", "EventSource": "ADE GUI", "HistoryName": "ExplorerRun.0", "WorkDir": "/scratch/eecs251b-aaz/sp24-project-usb2-generator/cadence", "HistorySimDir": "/home/cc/eecs251b/sp24/class/eecs251b-aaz/simulation/final_project/sampler2_test/maestro/results/maestro/ExplorerRun.0", "HistoryResultsDir": "/scratch/eecs251b-aaz/sp24-project-usb2-generator/cadence/final_project/sampler2_test/maestro/results/maestro"}
[2024-04-17 14:57:35.383 -0700] [PROCESS] [cadence.virtuoso.ade.gui] - History Setup {"hostname": "eda-2.EECS.Berkeley.EDU", "processid": 1838019, "history": "ExplorerRun.0", "logfile": "/scratch/eecs251b-aaz/sp24-project-usb2-generator/cadence/logs_eecs251b-aaz/logs0/virtuoso_ade_debug.log", "jobmode": "LSCS", "runmode": "Single Run, Sweeps and Corners", "lib": "final_project", "cell": "sampler2_test", "view": "maestro", "icversion": "sub-version  IC6.1.8-64b.500.35 ", "runstart": "Wed Apr 17 14:57:35 2024\n", "timezonelocal": "+000", "spectreversion": "unknown", "jobpolicyname": "", "maxjobs": "unknown", "ncjobpolicyname": "", "ncmaxjobs": "unknown", "numtests": "1", "runfinished": "unknown", "runelapsed": "-1", "numcorners": "1"}
[2024-04-17 14:57:36.455 -0700] [WARN] [cadence.virtuoso.ade.gui] - Could not find log file for Same Process Job 0. Log message for this job will be printed in the CDS log file. {"history": "ExplorerRun.0", "testname": "final_project_sampler2_test_1", "detailed_message": "", "message_id": "EXPLORER-5028"}
[2024-04-17 14:57:37.644 -0700] [INFO] [cadence.virtuoso.ade.gui] - Simulation will use spectre batch mode because the GCC version used by Spectre and Virtuoso are not compatible. {"history": "ExplorerRun.0", "testname": "final_project_sampler2_test_1", "detailed_message": "", "message_id": "EXPLORER-5024"}
[2024-04-17 14:57:37.759 -0700] [EVENT] [cadence.virtuoso.ade.pointevaluator] - NewPoint {"history": "ExplorerRun.0", "point": 1, "testname": "final_project_sampler2_test_1", "event": "NewPoint", "EventSource": "ADE GUI", "HistoryName": "ExplorerRun.0", "logFile": "/scratch/eecs251b-aaz/sp24-project-usb2-generator/cadence/logs_eecs251b-aaz/logs0/virtuoso_ade_debug.log", "logFileSize": "3314"}
[2024-04-17 14:57:37.760 -0700] [INFO] [cadence.virtuoso.ade.pointevaluator] - Started netlisting {"history": "ExplorerRun.0", "point": 1, "testname": "final_project_sampler2_test_1"}
[2024-04-17 14:57:40.337 -0700] [INFO] [cadence.virtuoso.ade.pointevaluator] - Finished netlisting {"history": "ExplorerRun.0", "point": 1, "testname": "final_project_sampler2_test_1"}
[2024-04-17 14:57:40.338 -0700] [INFO] [cadence.virtuoso.ade.pointevaluator] - Submitted {"history": "ExplorerRun.0", "point": 1, "testname": "final_project_sampler2_test_1"}
[2024-04-17 14:57:41.635 -0700] [PROCESS] [cadence.virtuoso.ade.gui] - /scratch/eecs251b-aaz/sp24-project-usb2-generator/cadence/.tmp_eecs251b-aaz/.cmddir0/swiftJob2 is starting {"logfile": "/scratch/eecs251b-aaz/sp24-project-usb2-generator/cadence/logs_eecs251b-aaz/logs0/Job2.log"}
[2024-04-17 14:57:41.995 -0700] [PROCESS] [cadence.virtuoso.ade.gui] - Simulation Monitor process '2051348' is starting up on host 'eda-2.EECS.Berkeley.EDU' {"logfile": "/scratch/eecs251b-aaz/sp24-project-usb2-generator/cadence/logs_eecs251b-aaz/logs0/Job2.log"}
[2024-04-17 14:57:45.131 -0700] [PROCESS] [cadence.virtuoso.ade.gui] - ln: failed to create symbolic link '/home/cc/eecs251b/sp24/class/eecs251b-aaz/simulation/final_project/sampler2_test/maestro/results/maestro/ExplorerRun.0/1/final_project_sampler2_test_1/netlist/exprOutputs.log': File exists
 {"logfile": "/scratch/eecs251b-aaz/sp24-project-usb2-generator/cadence/logs_eecs251b-aaz/logs0/Job2.log"}
[2024-04-17 14:57:45.132 -0700] [PROCESS] [cadence.virtuoso.ade.gui] - ln: failed to create symbolic link '/home/cc/eecs251b/sp24/class/eecs251b-aaz/simulation/final_project/sampler2_test/maestro/results/maestro/ExplorerRun.0/1/final_project_sampler2_test_1/netlist/amps_evaluator.log': File exists
 {"logfile": "/scratch/eecs251b-aaz/sp24-project-usb2-generator/cadence/logs_eecs251b-aaz/logs0/Job2.log"}
[2024-04-17 14:57:50.970 -0700] [INFO] [cadence.virtuoso.ade.gui] - Point completed {"history": "ExplorerRun.0", "point": 1, "testname": "final_project_sampler2_test_1"}
[2024-04-17 14:57:51.176 -0700] [EVENT] [cadence.virtuoso.ade.gui] - HistoryFinished {"history": "ExplorerRun.0", "point": 1, "testname": "final_project_sampler2_test_1", "event": "HistoryFinished", "EventSource": "ADE GUI", "HistoryName": "ExplorerRun.0"}
[2024-04-17 15:04:12.252 -0700] [EVENT] [cadence.virtuoso.ade.gui] - NewHistoryCreated {"history": "ExplorerRun.0", "point": 1, "testname": "final_project_sampler2_test_1", "event": "NewHistoryCreated", "EventSource": "ADE GUI", "HistoryName": "ExplorerRun.0", "WorkDir": "/scratch/eecs251b-aaz/sp24-project-usb2-generator/cadence", "HistorySimDir": "/home/cc/eecs251b/sp24/class/eecs251b-aaz/simulation/final_project/sampler2_test/maestro/results/maestro/ExplorerRun.0", "HistoryResultsDir": "/scratch/eecs251b-aaz/sp24-project-usb2-generator/cadence/final_project/sampler2_test/maestro/results/maestro"}
[2024-04-17 15:04:12.255 -0700] [PROCESS] [cadence.virtuoso.ade.gui] - History Setup {"hostname": "eda-2.EECS.Berkeley.EDU", "processid": 1838019, "history": "ExplorerRun.0", "testname": "final_project_sampler2_test_1", "point": 1, "logfile": "/scratch/eecs251b-aaz/sp24-project-usb2-generator/cadence/logs_eecs251b-aaz/logs0/virtuoso_ade_debug.log", "jobmode": "LSCS", "runmode": "Single Run, Sweeps and Corners", "lib": "final_project", "cell": "sampler2_test", "view": "maestro", "icversion": "sub-version  IC6.1.8-64b.500.35 ", "runstart": "Wed Apr 17 15:04:12 2024\n", "timezonelocal": "+000", "spectreversion": "unknown", "jobpolicyname": "", "maxjobs": "unknown", "ncjobpolicyname": "", "ncmaxjobs": "unknown", "numtests": "1", "runfinished": "unknown", "runelapsed": "-1", "numcorners": "1"}
[2024-04-17 15:04:14.214 -0700] [INFO] [cadence.virtuoso.ade.gui] - Simulation will use spectre batch mode because the GCC version used by Spectre and Virtuoso are not compatible. {"history": "ExplorerRun.0", "point": 1, "testname": "final_project_sampler2_test_1", "detailed_message": "", "message_id": "EXPLORER-5024"}
[2024-04-17 15:04:14.431 -0700] [EVENT] [cadence.virtuoso.ade.pointevaluator] - NewPoint {"history": "ExplorerRun.0", "point": 1, "testname": "final_project_sampler2_test_1", "event": "NewPoint", "EventSource": "ADE GUI", "HistoryName": "ExplorerRun.0", "logFile": "/scratch/eecs251b-aaz/sp24-project-usb2-generator/cadence/logs_eecs251b-aaz/logs0/virtuoso_ade_debug.log", "logFileSize": "7764"}
[2024-04-17 15:04:14.433 -0700] [INFO] [cadence.virtuoso.ade.pointevaluator] - Started netlisting {"history": "ExplorerRun.0", "point": 1, "testname": "final_project_sampler2_test_1"}
[2024-04-17 15:04:16.114 -0700] [INFO] [cadence.virtuoso.ade.pointevaluator] - Finished netlisting {"history": "ExplorerRun.0", "point": 1, "testname": "final_project_sampler2_test_1"}
[2024-04-17 15:04:16.115 -0700] [INFO] [cadence.virtuoso.ade.pointevaluator] - Submitted {"history": "ExplorerRun.0", "point": 1, "testname": "final_project_sampler2_test_1"}
[2024-04-17 15:04:18.456 -0700] [PROCESS] [cadence.virtuoso.ade.gui] - /scratch/eecs251b-aaz/sp24-project-usb2-generator/cadence/.tmp_eecs251b-aaz/.cmddir0/swiftJob3 is starting {"logfile": "/scratch/eecs251b-aaz/sp24-project-usb2-generator/cadence/logs_eecs251b-aaz/logs0/Job3.log"}
[2024-04-17 15:04:18.573 -0700] [PROCESS] [cadence.virtuoso.ade.gui] - Simulation Monitor process '2073472' is starting up on host 'eda-2.EECS.Berkeley.EDU' {"logfile": "/scratch/eecs251b-aaz/sp24-project-usb2-generator/cadence/logs_eecs251b-aaz/logs0/Job3.log"}
[2024-04-17 15:04:27.046 -0700] [PROCESS] [cadence.virtuoso.ade.gui] - ln: failed to create symbolic link '/home/cc/eecs251b/sp24/class/eecs251b-aaz/simulation/final_project/sampler2_test/maestro/results/maestro/ExplorerRun.0/1/final_project_sampler2_test_1/netlist/exprOutputs.log': File exists
 {"logfile": "/scratch/eecs251b-aaz/sp24-project-usb2-generator/cadence/logs_eecs251b-aaz/logs0/Job3.log"}
[2024-04-17 15:04:27.048 -0700] [PROCESS] [cadence.virtuoso.ade.gui] - ln: failed to create symbolic link '/home/cc/eecs251b/sp24/class/eecs251b-aaz/simulation/final_project/sampler2_test/maestro/results/maestro/ExplorerRun.0/1/final_project_sampler2_test_1/netlist/amps_evaluator.log': File exists
 {"logfile": "/scratch/eecs251b-aaz/sp24-project-usb2-generator/cadence/logs_eecs251b-aaz/logs0/Job3.log"}
[2024-04-17 15:04:28.967 -0700] [INFO] [cadence.virtuoso.ade.gui] - Point completed {"history": "ExplorerRun.0", "point": 1, "testname": "final_project_sampler2_test_1"}
[2024-04-17 15:04:29.154 -0700] [EVENT] [cadence.virtuoso.ade.gui] - HistoryFinished {"history": "ExplorerRun.0", "point": 1, "testname": "final_project_sampler2_test_1", "event": "HistoryFinished", "EventSource": "ADE GUI", "HistoryName": "ExplorerRun.0"}
[2024-04-17 15:05:50.513 -0700] [EVENT] [cadence.virtuoso.ade.gui] - NewHistoryCreated {"history": "ExplorerRun.0", "point": 1, "testname": "final_project_sampler2_test_1", "event": "NewHistoryCreated", "EventSource": "ADE GUI", "HistoryName": "ExplorerRun.0", "WorkDir": "/scratch/eecs251b-aaz/sp24-project-usb2-generator/cadence", "HistorySimDir": "/home/cc/eecs251b/sp24/class/eecs251b-aaz/simulation/final_project/sampler2_test/maestro/results/maestro/ExplorerRun.0", "HistoryResultsDir": "/scratch/eecs251b-aaz/sp24-project-usb2-generator/cadence/final_project/sampler2_test/maestro/results/maestro"}
[2024-04-17 15:05:50.514 -0700] [PROCESS] [cadence.virtuoso.ade.gui] - History Setup {"hostname": "eda-2.EECS.Berkeley.EDU", "processid": 1838019, "history": "ExplorerRun.0", "testname": "final_project_sampler2_test_1", "point": 1, "logfile": "/scratch/eecs251b-aaz/sp24-project-usb2-generator/cadence/logs_eecs251b-aaz/logs0/virtuoso_ade_debug.log", "jobmode": "LSCS", "runmode": "Single Run, Sweeps and Corners", "lib": "final_project", "cell": "sampler2_test", "view": "maestro", "icversion": "sub-version  IC6.1.8-64b.500.35 ", "runstart": "Wed Apr 17 15:05:50 2024\n", "timezonelocal": "+000", "spectreversion": "unknown", "jobpolicyname": "", "maxjobs": "unknown", "ncjobpolicyname": "", "ncmaxjobs": "unknown", "numtests": "1", "runfinished": "unknown", "runelapsed": "-1", "numcorners": "1"}
[2024-04-17 15:05:52.479 -0700] [INFO] [cadence.virtuoso.ade.gui] - Simulation will use spectre batch mode because the GCC version used by Spectre and Virtuoso are not compatible. {"history": "ExplorerRun.0", "point": 1, "testname": "final_project_sampler2_test_1", "detailed_message": "", "message_id": "EXPLORER-5024"}
[2024-04-17 15:05:52.663 -0700] [EVENT] [cadence.virtuoso.ade.pointevaluator] - NewPoint {"history": "ExplorerRun.0", "point": 1, "testname": "final_project_sampler2_test_1", "event": "NewPoint", "EventSource": "ADE GUI", "HistoryName": "ExplorerRun.0", "logFile": "/scratch/eecs251b-aaz/sp24-project-usb2-generator/cadence/logs_eecs251b-aaz/logs0/virtuoso_ade_debug.log", "logFileSize": "12214"}
[2024-04-17 15:05:52.665 -0700] [INFO] [cadence.virtuoso.ade.pointevaluator] - Started netlisting {"history": "ExplorerRun.0", "point": 1, "testname": "final_project_sampler2_test_1"}
[2024-04-17 15:05:54.332 -0700] [INFO] [cadence.virtuoso.ade.pointevaluator] - Finished netlisting {"history": "ExplorerRun.0", "point": 1, "testname": "final_project_sampler2_test_1"}
[2024-04-17 15:05:54.333 -0700] [INFO] [cadence.virtuoso.ade.pointevaluator] - Submitted {"history": "ExplorerRun.0", "point": 1, "testname": "final_project_sampler2_test_1"}
[2024-04-17 15:05:58.091 -0700] [PROCESS] [cadence.virtuoso.ade.gui] - ln: failed to create symbolic link '/home/cc/eecs251b/sp24/class/eecs251b-aaz/simulation/final_project/sampler2_test/maestro/results/maestro/ExplorerRun.0/1/final_project_sampler2_test_1/netlist/exprOutputs.log': File exists
 {"logfile": "/scratch/eecs251b-aaz/sp24-project-usb2-generator/cadence/logs_eecs251b-aaz/logs0/Job3.log"}
[2024-04-17 15:05:58.098 -0700] [PROCESS] [cadence.virtuoso.ade.gui] - ln: failed to create symbolic link '/home/cc/eecs251b/sp24/class/eecs251b-aaz/simulation/final_project/sampler2_test/maestro/results/maestro/ExplorerRun.0/1/final_project_sampler2_test_1/netlist/amps_evaluator.log': File exists
 {"logfile": "/scratch/eecs251b-aaz/sp24-project-usb2-generator/cadence/logs_eecs251b-aaz/logs0/Job3.log"}
[2024-04-17 15:06:02.969 -0700] [INFO] [cadence.virtuoso.ade.gui] - Point completed {"history": "ExplorerRun.0", "point": 1, "testname": "final_project_sampler2_test_1"}
[2024-04-17 15:06:03.174 -0700] [EVENT] [cadence.virtuoso.ade.gui] - HistoryFinished {"history": "ExplorerRun.0", "point": 1, "testname": "final_project_sampler2_test_1", "event": "HistoryFinished", "EventSource": "ADE GUI", "HistoryName": "ExplorerRun.0"}
[2024-04-17 15:10:37.632 -0700] [EVENT] [cadence.virtuoso.ade.gui] - NewHistoryCreated {"history": "ExplorerRun.0", "point": 1, "testname": "final_project_sampler2_test_1", "event": "NewHistoryCreated", "EventSource": "ADE GUI", "HistoryName": "ExplorerRun.0", "WorkDir": "/scratch/eecs251b-aaz/sp24-project-usb2-generator/cadence", "HistorySimDir": "/home/cc/eecs251b/sp24/class/eecs251b-aaz/simulation/final_project/sampler2_test/maestro/results/maestro/ExplorerRun.0", "HistoryResultsDir": "/scratch/eecs251b-aaz/sp24-project-usb2-generator/cadence/final_project/sampler2_test/maestro/results/maestro"}
[2024-04-17 15:10:37.634 -0700] [PROCESS] [cadence.virtuoso.ade.gui] - History Setup {"hostname": "eda-2.EECS.Berkeley.EDU", "processid": 1838019, "history": "ExplorerRun.0", "testname": "final_project_sampler2_test_1", "point": 1, "logfile": "/scratch/eecs251b-aaz/sp24-project-usb2-generator/cadence/logs_eecs251b-aaz/logs0/virtuoso_ade_debug.log", "jobmode": "LSCS", "runmode": "Single Run, Sweeps and Corners", "lib": "final_project", "cell": "sampler2_test", "view": "maestro", "icversion": "sub-version  IC6.1.8-64b.500.35 ", "runstart": "Wed Apr 17 15:10:37 2024\n", "timezonelocal": "+000", "spectreversion": "unknown", "jobpolicyname": "", "maxjobs": "unknown", "ncjobpolicyname": "", "ncmaxjobs": "unknown", "numtests": "1", "runfinished": "unknown", "runelapsed": "-1", "numcorners": "1"}
[2024-04-17 15:10:39.809 -0700] [INFO] [cadence.virtuoso.ade.gui] - Simulation will use spectre batch mode because the GCC version used by Spectre and Virtuoso are not compatible. {"history": "ExplorerRun.0", "point": 1, "testname": "final_project_sampler2_test_1", "detailed_message": "", "message_id": "EXPLORER-5024"}
[2024-04-17 15:10:40.003 -0700] [EVENT] [cadence.virtuoso.ade.pointevaluator] - NewPoint {"history": "ExplorerRun.0", "point": 1, "testname": "final_project_sampler2_test_1", "event": "NewPoint", "EventSource": "ADE GUI", "HistoryName": "ExplorerRun.0", "logFile": "/scratch/eecs251b-aaz/sp24-project-usb2-generator/cadence/logs_eecs251b-aaz/logs0/virtuoso_ade_debug.log", "logFileSize": "16118"}
[2024-04-17 15:10:40.005 -0700] [INFO] [cadence.virtuoso.ade.pointevaluator] - Started netlisting {"history": "ExplorerRun.0", "point": 1, "testname": "final_project_sampler2_test_1"}
[2024-04-17 15:10:42.094 -0700] [INFO] [cadence.virtuoso.ade.pointevaluator] - Finished netlisting {"history": "ExplorerRun.0", "point": 1, "testname": "final_project_sampler2_test_1"}
[2024-04-17 15:10:42.094 -0700] [INFO] [cadence.virtuoso.ade.pointevaluator] - Submitted {"history": "ExplorerRun.0", "point": 1, "testname": "final_project_sampler2_test_1"}
[2024-04-17 15:10:45.374 -0700] [PROCESS] [cadence.virtuoso.ade.gui] - ln: failed to create symbolic link '/home/cc/eecs251b/sp24/class/eecs251b-aaz/simulation/final_project/sampler2_test/maestro/results/maestro/ExplorerRun.0/1/final_project_sampler2_test_1/netlist/exprOutputs.log': File exists
 {"logfile": "/scratch/eecs251b-aaz/sp24-project-usb2-generator/cadence/logs_eecs251b-aaz/logs0/Job3.log"}
[2024-04-17 15:10:45.381 -0700] [PROCESS] [cadence.virtuoso.ade.gui] - ln: failed to create symbolic link '/home/cc/eecs251b/sp24/class/eecs251b-aaz/simulation/final_project/sampler2_test/maestro/results/maestro/ExplorerRun.0/1/final_project_sampler2_test_1/netlist/amps_evaluator.log': File exists
 {"logfile": "/scratch/eecs251b-aaz/sp24-project-usb2-generator/cadence/logs_eecs251b-aaz/logs0/Job3.log"}
[2024-04-17 15:10:50.981 -0700] [INFO] [cadence.virtuoso.ade.gui] - Point completed {"history": "ExplorerRun.0", "point": 1, "testname": "final_project_sampler2_test_1"}
[2024-04-17 15:10:51.269 -0700] [EVENT] [cadence.virtuoso.ade.gui] - HistoryFinished {"history": "ExplorerRun.0", "point": 1, "testname": "final_project_sampler2_test_1", "event": "HistoryFinished", "EventSource": "ADE GUI", "HistoryName": "ExplorerRun.0"}
[2024-04-17 15:25:47.369 -0700] [PROCESS] [cadence.virtuoso.ade.gui] - Logging Service '2027933' stopped with exit code '0' {"logfile": "/scratch/eecs251b-aaz/sp24-project-usb2-generator/cadence/logs_eecs251b-aaz/logs0/LoggingService0.log"}
