============================================================
  Generated by:           Genus(TM) Synthesis Solution 19.15-s090_1
  Generated on:           Apr 12 2024  09:07:40 pm
  Module:                 Sampler
  Operating conditions:   ss_100C_1v60 
  Interconnect mode:      global
  Area mode:              physical library
============================================================

Timing
--------

     Analysis view       Clock  Period 
---------------------------------------
ss_100C_1v60.setup_view clock_0 2000.0 
                        clock_1 2000.0 
                        clock_2 2000.0 
                        clock_3 2000.0 
                        clock_4 2000.0 


        Analysis          Cost   Critical           Violating 
          View           Group  Path Slack   TNS      Paths   
--------------------------------------------------------------
ss_100C_1v60.setup_view clock_0   No paths     0.0          0 
                        clock_1   No paths     0.0          0 
                        clock_2    -1519.6 -3781.9          5 
                        clock_3   No paths     0.0          0 
                        clock_4   No paths     0.0          0 
                        default   No paths     0.0          0 
--------------------------------------------------------------
Total                                      -3781.9          5 
                                                              

Instance Count
--------------
Leaf Instance Count             35 
Physical Instance count          0 
Sequential Instance Count       10 
Combinational Instance Count    25 
Hierarchical Instance Count      0 

Area
----
Cell Area                          431.664
Physical Cell Area                 0.000
Total Cell Area (Cell+Physical)    431.664
Net Area                           147.062
Total Area (Cell+Physical+Net)     578.726

Runtime                            0.0 seconds
Elapsed Runtime                    385 seconds
Genus peak memory usage            1055.22 
Innovus peak memory usage          no_value 
Hostname                           eda-2.EECS.Berkeley.EDU
