

Working Directory = /scratch/eecs251b-aaz/sp24-project-usb2-generator/build/syn-rundir
QoS Summary for Sampler
================================================================================
Metric                          final          
================================================================================
Slack (ps):                    -1,520
  R2R (ps):                    -1,520
  I2R (ps):                  no_value
  R2O (ps):                  no_value
  I2O (ps):                  no_value
  CG  (ps):                  no_value
TNS (ps):                       3,782
  R2R (ps):                     3,782
  I2R (ps):                  no_value
  R2O (ps):                  no_value
  I2O (ps):                  no_value
  CG  (ps):                  no_value
Failing Paths:                      5
Cell Area:                        432
Total Cell Area:                  432
Leaf Instances:                    35
Total Instances:                   35
Utilization (%):                 0.00
Tot. Net Length (um):        no_value
Avg. Net Length (um):        no_value
Route Overflow H (%):        no_value
Route Overflow V (%):        no_value
MBCI(%) (bits/gate) :            0.00
Norm Cong Hotspot Area:
  Max Cong:                  no_value
  Tot Cong:                  no_value
================================================================================
CPU  Runtime (h:m:s):        00:00:23
Real Runtime (h:m:s):        00:06:12
CPU  Elapsed (h:m:s):        00:00:23
Real Elapsed (h:m:s):        00:06:12
Memory (MB):                  1055.22
================================================================================
================================================================================
Flow Settings:
================================================================================
Total Runtime (h:m:s): 00:06:12
Total Memory (MB):     1055.22
Executable Version:    19.15-s090_1
================================================================================
Total Cell Area =  Cell Area + Physical Cell Area
Total Instances =  Leaf Instances + Physical Instances


