============================================================
  Generated by:           Genus(TM) Synthesis Solution 19.15-s090_1
  Generated on:           Apr 12 2024  09:07:39 pm
  Module:                 Sampler
  Operating conditions:   ss_100C_1v60 
  Interconnect mode:      global
  Area mode:              physical library
============================================================


Path 1: VIOLATED (-1520 ps) Setup Check with Pin data_reg[1]/CLK->D
           View: ss_100C_1v60.setup_view
          Group: clock_2
     Startpoint: (R) data_out_reg[1]/CLK
          Clock: (R) clock_1
       Endpoint: (R) data_reg[1]/D
          Clock: (R) clock_2

                     Capture       Launch     
        Clock Edge:+     800          400     
       Src Latency:+       0            0     
       Net Latency:+       0 (I)        0 (I) 
           Arrival:=     800          400     
                                              
             Setup:-     128                  
       Uncertainty:-    1000                  
     Required Time:=    -328                  
      Launch Clock:-     400                  
         Data Path:-     792                  
             Slack:=   -1520                  

#-------------------------------------------------------------------------------------------------------------------
#    Timing Point     Flags    Arc   Edge           Cell             Power Fanout Load Trans Delay Arrival Instance 
#                                                                   Domain        (fF)  (ps)  (ps)   (ps)  Location 
#-------------------------------------------------------------------------------------------------------------------
  data_out_reg[1]/CLK -       -      R     (arrival)                 AO         1    -     0     0     400    (-,-) 
  data_out_reg[1]/Q   -       CLK->Q R     sky130_fd_sc_hd__dfxtp_2  AO         1  5.8    76   623    1023    (-,-) 
  g28__8428/Y         -       A->Y   F     sky130_fd_sc_hd__nand2_2  AO         1  3.5    71    83    1106    (-,-) 
  g26/Y               -       A->Y   R     sky130_fd_sc_hd__inv_1    AO         1  3.7    64    86    1192    (-,-) 
  data_reg[1]/D       -       -      R     sky130_fd_sc_hd__dfsbp_2  AO         1    -     -     0    1192    (-,-) 
#-------------------------------------------------------------------------------------------------------------------



Path 2: VIOLATED (-1140 ps) Setup Check with Pin data_reg[0]/CLK->D
           View: ss_100C_1v60.setup_view
          Group: clock_2
     Startpoint: (R) data_out_reg[0]/CLK
          Clock: (R) clock_0
       Endpoint: (R) data_reg[0]/D
          Clock: (R) clock_2

                     Capture       Launch     
        Clock Edge:+     800            0     
       Src Latency:+       0            0     
       Net Latency:+       0 (I)        0 (I) 
           Arrival:=     800            0     
                                              
             Setup:-     132                  
       Uncertainty:-    1000                  
     Required Time:=    -332                  
      Launch Clock:-       0                  
         Data Path:-     808                  
             Slack:=   -1140                  

#-------------------------------------------------------------------------------------------------------------------
#    Timing Point     Flags    Arc   Edge           Cell             Power Fanout Load Trans Delay Arrival Instance 
#                                                                   Domain        (fF)  (ps)  (ps)   (ps)  Location 
#-------------------------------------------------------------------------------------------------------------------
  data_out_reg[0]/CLK -       -      R     (arrival)                 AO         1    -     0     0       0    (-,-) 
  data_out_reg[0]/Q   -       CLK->Q R     sky130_fd_sc_hd__dfxtp_1  AO         1  3.7    83   601     601    (-,-) 
  g25__4319/Y         -       A->Y   F     sky130_fd_sc_hd__nand2_1  AO         1  3.5    97   109     710    (-,-) 
  g23/Y               -       A->Y   R     sky130_fd_sc_hd__inv_1    AO         1  3.7    68    97     808    (-,-) 
  data_reg[0]/D       -       -      R     sky130_fd_sc_hd__dfstp_2  AO         1    -     -     0     808    (-,-) 
#-------------------------------------------------------------------------------------------------------------------



Path 3: VIOLATED (-740 ps) Setup Check with Pin data_reg[4]/CLK->D
           View: ss_100C_1v60.setup_view
          Group: clock_2
     Startpoint: (R) data_out_reg[4]/CLK
          Clock: (R) clock_4
       Endpoint: (R) data_reg[4]/D
          Clock: (R) clock_2

                     Capture       Launch     
        Clock Edge:+    2800         1600     
       Src Latency:+       0            0     
       Net Latency:+       0 (I)        0 (I) 
           Arrival:=    2800         1600     
                                              
             Setup:-     132                  
       Uncertainty:-    1000                  
     Required Time:=    1668                  
      Launch Clock:-    1600                  
         Data Path:-     808                  
             Slack:=    -740                  

#-------------------------------------------------------------------------------------------------------------------
#    Timing Point     Flags    Arc   Edge           Cell             Power Fanout Load Trans Delay Arrival Instance 
#                                                                   Domain        (fF)  (ps)  (ps)   (ps)  Location 
#-------------------------------------------------------------------------------------------------------------------
  data_out_reg[4]/CLK -       -      R     (arrival)                 AO         1    -     0     0    1600    (-,-) 
  data_out_reg[4]/Q   -       CLK->Q R     sky130_fd_sc_hd__dfxtp_1  AO         1  3.7    83   601    2201    (-,-) 
  g30__6260/Y         -       A->Y   F     sky130_fd_sc_hd__nand2_1  AO         1  3.5    97   109    2310    (-,-) 
  g27/Y               -       A->Y   R     sky130_fd_sc_hd__inv_1    AO         1  3.7    68    97    2408    (-,-) 
  data_reg[4]/D       -       -      R     sky130_fd_sc_hd__dfstp_2  AO         1    -     -     0    2408    (-,-) 
#-------------------------------------------------------------------------------------------------------------------



Path 4: VIOLATED (-353 ps) Setup Check with Pin data_reg[3]/CLK->D
           View: ss_100C_1v60.setup_view
          Group: clock_2
     Startpoint: (R) data_out_reg[3]/CLK
          Clock: (R) clock_3
       Endpoint: (R) data_reg[3]/D
          Clock: (R) clock_2

                     Capture       Launch     
        Clock Edge:+    2800         1200     
       Src Latency:+       0            0     
       Net Latency:+       0 (I)        0 (I) 
           Arrival:=    2800         1200     
                                              
             Setup:-     140                  
       Uncertainty:-    1000                  
     Required Time:=    1660                  
      Launch Clock:-    1200                  
         Data Path:-     814                  
             Slack:=    -353                  

#-------------------------------------------------------------------------------------------------------------------
#    Timing Point     Flags    Arc   Edge           Cell             Power Fanout Load Trans Delay Arrival Instance 
#                                                                   Domain        (fF)  (ps)  (ps)   (ps)  Location 
#-------------------------------------------------------------------------------------------------------------------
  data_out_reg[3]/CLK -       -      R     (arrival)                 AO         1    -     0     0    1200    (-,-) 
  data_out_reg[3]/Q   -       CLK->Q R     sky130_fd_sc_hd__dfxtp_2  AO         1  3.6    60   606    1806    (-,-) 
  g33/Y               -       A->Y   F     sky130_fd_sc_hd__inv_1    AO         1  5.5    59    80    1887    (-,-) 
  g24__2398/Y         -       B->Y   R     sky130_fd_sc_hd__nor2_2   AO         1  3.7   118   127    2014    (-,-) 
  data_reg[3]/D       -       -      R     sky130_fd_sc_hd__dfsbp_2  AO         1    -     -     0    2014    (-,-) 
#-------------------------------------------------------------------------------------------------------------------



Path 5: VIOLATED (-30 ps) Setup Check with Pin data_reg[2]/CLK->D
           View: ss_100C_1v60.setup_view
          Group: clock_2
     Startpoint: (R) data_out_reg[2]/CLK
          Clock: (R) clock_2
       Endpoint: (F) data_reg[2]/D
          Clock: (R) clock_2

                     Capture       Launch     
        Clock Edge:+    2800          800     
       Src Latency:+       0            0     
       Net Latency:+       0 (I)        0 (I) 
           Arrival:=    2800          800     
                                              
             Setup:-     278                  
       Uncertainty:-    1000                  
     Required Time:=    1522                  
      Launch Clock:-     800                  
         Data Path:-     752                  
             Slack:=     -30                  

#---------------------------------------------------------------------------------------------------------------------
#    Timing Point     Flags     Arc    Edge           Cell             Power Fanout Load Trans Delay Arrival Instance 
#                                                                     Domain        (fF)  (ps)  (ps)   (ps)  Location 
#---------------------------------------------------------------------------------------------------------------------
  data_out_reg[2]/CLK -       -        R     (arrival)                 AO         6    -     0     0     800    (-,-) 
  data_out_reg[2]/Q_N -       CLK->Q_N R     sky130_fd_sc_hd__dfxbp_1  AO         1  3.8    76   678    1478    (-,-) 
  g29__5107/Y         -       B->Y     F     sky130_fd_sc_hd__nor2_1   AO         1  2.9    46    73    1552    (-,-) 
  data_reg[2]/D       -       -        F     sky130_fd_sc_hd__dfxtp_1  AO         1    -     -     0    1552    (-,-) 
#---------------------------------------------------------------------------------------------------------------------

Some unconstrained paths have not been displayed.
Use -unconstrained or set the root attribute 'timing_report_unconstrained' to 'true' to see only these unconstrained paths.


