Cadence Genus(TM) Synthesis Solution.
Copyright 2020 Cadence Design Systems, Inc. All rights reserved worldwide.
Cadence and the Cadence logo are registered trademarks and Genus is a trademark
of Cadence Design Systems, Inc. in the United States and other countries.

Version: 19.15-s090_1, built Tue Sep 29 11:43:45 PDT 2020
Options: -files syn.tcl 
Date:    Fri Apr 12 17:19:08 2024
Host:    eda-2.EECS.Berkeley.EDU (x86_64 w/Linux 4.18.0-513.18.1.el8_9.x86_64) (8cores*64cpus*4physical cpus*Intel(R) Xeon(R) CPU E5-4620 v2 @ 2.60GHz 20480KB) (511271564KB)
PID:     187347
OS:      Red Hat Enterprise Linux release 8.9 (Ootpa)

Checking out license: Genus_Synthesis

Loading tool scripts...

Finished loading tool scripts (10 seconds elapsed).

#@ Processing -files option
@genus 1> source syn.tcl
#@ Begin verbose source syn.tcl
@file(syn.tcl) 8: puts "set_db hdl_error_on_blackbox true" 
set_db hdl_error_on_blackbox true
@file(syn.tcl) 9: set_db hdl_error_on_blackbox true
  Setting attribute of root '/': 'hdl_error_on_blackbox' = true
@file(syn.tcl) 10: puts "set_db max_cpus_per_server 4" 
set_db max_cpus_per_server 4
@file(syn.tcl) 11: set_db max_cpus_per_server 4
  Setting attribute of root '/': 'max_cpus_per_server' = 4
@file(syn.tcl) 12: puts "set_multi_cpu_usage -local_cpu 4" 
set_multi_cpu_usage -local_cpu 4
@file(syn.tcl) 13: set_multi_cpu_usage -local_cpu 4
#@ End verbose source syn.tcl
invalid command name "set_multi_cpu_usage"
Encountered problems processing file: syn.tcl
WARNING: This version of the tool is 1291 days old.
@genus:root: 2> exit
