

Working Directory = /scratch/eecs251b-aaz/sp24-project-usb2-generator/build/syn-rundir
QoS Summary for data_recovery
================================================================================
Metric                          final          
================================================================================
Slack (ps):                        91
  R2R (ps):                       129
  I2R (ps):                  no_value
  R2O (ps):                  no_value
  I2O (ps):                  no_value
  CG  (ps):                        91
TNS (ps):                           0
  R2R (ps):                         0
  I2R (ps):                  no_value
  R2O (ps):                  no_value
  I2O (ps):                  no_value
  CG  (ps):                         0
Failing Paths:                      0
Cell Area:                     10,401
Total Cell Area:               10,401
Leaf Instances:                 1,010
Total Instances:                1,010
Utilization (%):                 0.00
Tot. Net Length (um):        no_value
Avg. Net Length (um):        no_value
Route Overflow H (%):        no_value
Route Overflow V (%):        no_value
MBCI(%) (bits/gate) :            0.00
Norm Cong Hotspot Area:
  Max Cong:                  no_value
  Tot Cong:                  no_value
================================================================================
CPU  Runtime (h:m:s):        00:00:33
Real Runtime (h:m:s):        00:00:30
CPU  Elapsed (h:m:s):        00:00:33
Real Elapsed (h:m:s):        00:00:30
Memory (MB):                   971.71
================================================================================
================================================================================
Flow Settings:
================================================================================
Total Runtime (h:m:s): 00:00:31
Total Memory (MB):     971.71
Executable Version:    19.15-s090_1
================================================================================
Total Cell Area =  Cell Area + Physical Cell Area
Total Instances =  Leaf Instances + Physical Instances


