============================================================
  Generated by:           Genus(TM) Synthesis Solution 19.15-s090_1
  Generated on:           Apr 25 2024  07:51:20 pm
  Module:                 data_recovery
  Library domain:         ss_100C_1v60.setup_cond
    Domain index:         0
    Technology libraries: sky130_fd_sc_hd__ss_100C_1v60 1.0000000000
                          sky130_ef_io__gpiov2_pad_wrapped_ss_ss_100C_1v60_3v00 1.0
                          sky130_ef_io__vccd_lvc_clamped3_pad_ss_100C_1v60_3v00_3v00 1.0000000
                          sky130_ef_io__vccd_lvc_clamped_pad_ss_100C_1v60_3v00_3v00 1.0000000
                          sky130_ef_io__vdda_hvc_clamped_pad_ss_100C_1v60_3v00_3v00 1.0000000
                          sky130_ef_io__vddio_hvc_clamped_pad_ss_100C_1v60_3v00_3v00 1.0000000
                          sky130_ef_io__vssa_hvc_clamped_pad_ss_100C_1v60_3v00_3v00 1.0000000
                          sky130_ef_io__vssd_lvc_clamped3_pad_ss_100C_1v60_3v00 1.0
                          sky130_ef_io__vssd_lvc_clamped_pad_ss_100C_1v60_3v00 1.0
                          sky130_ef_io__vssio_hvc_clamped_pad_ss_100C_1v60_3v00_3v00 1.0000000
                          sky130_fd_io__top_gpiov2_ss_ss_100C_1v60_3v00 1.0
                          sky130_fd_io__top_ground_hvc_wpad_ss_100C_1v60_3v00_3v00 1.0000000
                          sky130_fd_io__top_ground_lvc_wpad_ss_100C_1v60_3v00 1.0
                          sky130_fd_io__top_power_hvc_wpad_ss_100C_1v60_3v00_3v00 1.0000000
                          sky130_fd_io__top_power_lvc_wpad_ss_100C_1v60_3v00_3v00 1.0000000
                          sky130_fd_io__top_xres4v2_ss_ss_100C_1v60_3v00 1.0
                          sram22_1024x32m8w8 1.0
                          sram22_64x32m4w32 1.0
                          sram22_1024x32m8w32 1.0
                          sram22_512x32m4w32 1.0
                          sram22_2048x32m8w8 1.0
                          sram22_512x32m4w8 1.0
                          sram22_4096x32m8w8 1.0
                          sram22_64x4m4w2 1.0
                          sram22_256x32m4w8 1.0
                          sram22_4096x8m8w8 1.0
                          sram22_64x32m4w8 1.0
                          sram22_64x24m4w24 1.0
                          sram22_512x64m4w8 1.0
  Operating conditions:   ss_100C_1v60 
  Interconnect mode:      global
  Area mode:              physical library
============================================================

                                                   Leakage                                   Library 
           Gate             Instances    Area    Power (nW)              Library              Domain 
-----------------------------------------------------------------------------------------------------
sky130_fd_sc_hd__a21oi_1           43    215.206     80.492    sky130_fd_sc_hd__ss_100C_1v60       0 
sky130_fd_sc_hd__a32oi_1            2     17.517      0.902    sky130_fd_sc_hd__ss_100C_1v60       0 
sky130_fd_sc_hd__and2_1            40    250.240    136.737    sky130_fd_sc_hd__ss_100C_1v60       0 
sky130_fd_sc_hd__buf_16             1     27.526     22.095    sky130_fd_sc_hd__ss_100C_1v60       0 
sky130_fd_sc_hd__buf_6              9    101.347     85.930    sky130_fd_sc_hd__ss_100C_1v60       0 
sky130_fd_sc_hd__bufinv_16         16    480.461    396.814    sky130_fd_sc_hd__ss_100C_1v60       0 
sky130_fd_sc_hd__clkinv_1           4     15.014     13.253    sky130_fd_sc_hd__ss_100C_1v60       0 
sky130_fd_sc_hd__conb_1           141    529.258      0.428    sky130_fd_sc_hd__ss_100C_1v60       0 
sky130_fd_sc_hd__dfxbp_1            1     23.773     19.242    sky130_fd_sc_hd__ss_100C_1v60       0 
sky130_fd_sc_hd__dfxtp_1          219   4384.205   3029.348    sky130_fd_sc_hd__ss_100C_1v60       0 
sky130_fd_sc_hd__dfxtp_2           27    574.301    415.674    sky130_fd_sc_hd__ss_100C_1v60       0 
sky130_fd_sc_hd__dfxtp_4            1     23.773     16.836    sky130_fd_sc_hd__ss_100C_1v60       0 
sky130_fd_sc_hd__einvp_8           41    923.386    187.569    sky130_fd_sc_hd__ss_100C_1v60       0 
sky130_fd_sc_hd__inv_1             41    153.898     30.942    sky130_fd_sc_hd__ss_100C_1v60       0 
sky130_fd_sc_hd__inv_2              4     15.014     13.984    sky130_fd_sc_hd__ss_100C_1v60       0 
sky130_fd_sc_hd__mux2_1             5     56.304     30.639    sky130_fd_sc_hd__ss_100C_1v60       0 
sky130_fd_sc_hd__mux2i_1            1     10.010      3.862    sky130_fd_sc_hd__ss_100C_1v60       0 
sky130_fd_sc_hd__nand2_1            2      7.507      4.641    sky130_fd_sc_hd__ss_100C_1v60       0 
sky130_fd_sc_hd__nand2b_1           2     12.512      7.540    sky130_fd_sc_hd__ss_100C_1v60       0 
sky130_fd_sc_hd__nand3_1            1      5.005      0.585    sky130_fd_sc_hd__ss_100C_1v60       0 
sky130_fd_sc_hd__nand3b_1           1      7.507      2.321    sky130_fd_sc_hd__ss_100C_1v60       0 
sky130_fd_sc_hd__nand4_1            1      6.256      0.321    sky130_fd_sc_hd__ss_100C_1v60       0 
sky130_fd_sc_hd__nand4b_1           1      8.758      2.344    sky130_fd_sc_hd__ss_100C_1v60       0 
sky130_fd_sc_hd__nor2_1            61    228.970    108.131    sky130_fd_sc_hd__ss_100C_1v60       0 
sky130_fd_sc_hd__nor2b_1          164   1025.984    521.657    sky130_fd_sc_hd__ss_100C_1v60       0 
sky130_fd_sc_hd__nor3_1             1      5.005      1.757    sky130_fd_sc_hd__ss_100C_1v60       0 
sky130_fd_sc_hd__nor4_1             1      6.256      0.825    sky130_fd_sc_hd__ss_100C_1v60       0 
sky130_fd_sc_hd__nor4bb_1           1     10.010      5.441    sky130_fd_sc_hd__ss_100C_1v60       0 
sky130_fd_sc_hd__o211a_1            1     10.010      7.518    sky130_fd_sc_hd__ss_100C_1v60       0 
sky130_fd_sc_hd__o211ai_1           1      7.507      3.084    sky130_fd_sc_hd__ss_100C_1v60       0 
sky130_fd_sc_hd__o21a_1             1      7.507      3.150    sky130_fd_sc_hd__ss_100C_1v60       0 
sky130_fd_sc_hd__o21ai_1           43    215.206     24.244    sky130_fd_sc_hd__ss_100C_1v60       0 
sky130_fd_sc_hd__o21bai_1          38    285.274     79.383    sky130_fd_sc_hd__ss_100C_1v60       0 
sky130_fd_sc_hd__o2bb2ai_1          4     35.034     10.521    sky130_fd_sc_hd__ss_100C_1v60       0 
sky130_fd_sc_hd__or2_2             41    256.496    269.623    sky130_fd_sc_hd__ss_100C_1v60       0 
sky130_fd_sc_hd__sdlclkp_1          3     56.304     46.255    sky130_fd_sc_hd__ss_100C_1v60       0 
sky130_fd_sc_hd__xnor2_1           46    402.886     69.147    sky130_fd_sc_hd__ss_100C_1v60       0 
-----------------------------------------------------------------------------------------------------
total                            1010  10401.226   5653.236                                  


                                                          Leakage  Leakage 
            Type             Instances    Area   Area % Power (nW) Power % 
---------------------------------------------------------------------------
sequential                         248  5006.051   48.1   3481.099    61.6 
inverter                            65   664.387    6.4    454.993     8.0 
buffer                              10   128.874    1.2    108.025     1.9 
tristate                            41   923.386    8.9    187.569     3.3 
clock_gating_integrated_cell         3    56.304    0.5     46.255     0.8 
logic                              643  3622.224   34.8   1375.294    24.3 
physical_cells                       0     0.000    0.0      0.000     0.0 
---------------------------------------------------------------------------
total                             1010 10401.226  100.0   5653.236   100.0 

